





<!DOCTYPE html>
<html>

<head>
    <meta charset="utf-8">
    <meta name="viewport" content="width=device-width, initial-scale=1, shrink-to-fit=no">
    <title>Background Check_java.util.GregorianCalendar[time=1594511557913,areFieldsSet=true,areAllFieldsSet=true,lenient=true,zone=sun.util.calendar.ZoneInfo[id="America/Los_Angeles",offset=-28800000,dstSavings=3600000,useDaylight=true,transitions=185,lastRule=java.util.SimpleTimeZone[id=America/Los_Angeles,offset=-28800000,dstSavings=3600000,useDaylight=true,startYear=0,startMode=3,startMonth=2,startDay=8,startDayOfWeek=1,startTime=7200000,startTimeMode=0,endMode=3,endMonth=10,endDay=1,endDayOfWeek=1,endTime=7200000,endTimeMode=0]],firstDayOfWeek=1,minimalDaysInFirstWeek=1,ERA=1,YEAR=2020,MONTH=6,WEEK_OF_YEAR=28,WEEK_OF_MONTH=2,DAY_OF_MONTH=11,DAY_OF_YEAR=193,DAY_OF_WEEK=7,DAY_OF_WEEK_IN_MONTH=2,AM_PM=1,HOUR=4,HOUR_OF_DAY=16,MINUTE=52,SECOND=37,MILLISECOND=913,ZONE_OFFSET=-28800000,DST_OFFSET=3600000]</title>
        <link rel="apple-touch-icon" href="https://cdn.jsdelivr.net/gh/extent-framework/extent-github-cdn@b00a2d0486596e73dd7326beacf352c639623a0e/commons/img/logo.png">
        <link rel="shortcut icon" href="https://cdn.jsdelivr.net/gh/extent-framework/extent-github-cdn@b00a2d0486596e73dd7326beacf352c639623a0e/commons/img/logo.png">
	    <link href="https://cdn.jsdelivr.net/gh/extent-framework/extent-github-cdn@6fbbd1c32fbc2463d026da5c6ce2e9eef0d29512/spark/css/spark-style.css" rel="stylesheet" />
        <link href="https://stackpath.bootstrapcdn.com/font-awesome/4.7.0/css/font-awesome.min.css" rel="stylesheet">
<style type="text/css">

</style></head>    <script src="https://cdn.rawgit.com/extent-framework/extent-github-cdn/7cc78ce/spark/js/jsontree.js"></script>
<body class="spa -report standard">
    <div class="app header-dark side-nav-folded">
        <div class="layout">
<div class="header navbar">
    <div class="vheader">
        <div class="nav-logo">
          <a href="#">
            <div class="logo logo-dark" style="background-image: url('https://cdn.rawgit.com/extent-framework/extent-github-cdn/d74480e/commons/img/logo.png')"></div>
            <div class="logo logo-white" style="background-image: url('https://cdn.rawgit.com/extent-framework/extent-github-cdn/d74480e/commons/img/logo.png')"></div>
          </a>
        </div>
        <ul class="nav-left">
          <li class="search-box">
            <a class="search-toggle" href="javascript:void(0);">
              <i class="search-icon fa fa-search"></i>
              <i class="search-icon-close fa fa-close"></i>
            </a>
          </li>
          <li class="search-input">
            <input id="search-tests" class="form-control" type="text" placeholder="Type to search...">
          </li>
        </ul>
        <ul class="nav-right">
          <li class="m-r-10">
            <a href="#">
              <span class="badge badge-primary">Background Check Test Results</span>
            </a>
          </li>
            <li class="m-r-10">
                <a href="#">
                    <span class="badge badge-primary">Jul 11, 2020 04:52:37 PM</span>
                </a>
            </li>
        </ul>
    </div>
</div><div class="side-nav">
  <div class="side-nav-inner">
    <ul class="side-nav-menu scrollable">
      <li class="nav-item dropdown" onclick="toggleView('test-view')">
        <a id="nav-test" class="dropdown-toggle" href="index.html">
          <span class="icon-holder">
            <i class="fa fa-align-left"></i>
          </span>
          <span class="title">Tests</span>
        </a>
      </li>
            <li class="nav-item dropdown" onclick="toggleView('exception-view')">
        <a id="nav-ex" class="dropdown-toggle" href="exception.html">
          <span class="icon-holder">
            <i class="fa fa-bug"></i>
          </span>
          <span class="title">Exception</span>
        </a>
      </li>
      <li class="nav-item dropdown" onclick="toggleView('dashboard-view')">
        <a id="nav-dashboard" class="dropdown-toggle" href="dashboard.html">
          <span class="icon-holder">
            <i class="fa fa-bar-chart"></i>
          </span>
          <span class="title">Dashboard</span>
        </a>
      </li>
    </ul>
  </div>
</div>            <div class="vcontainer">
                <div class="main-content">
<div class="test-wrapper row test-view">
	<div class="test-list">
		<div class="test-list-tools">
			<ul class="tools pull-left">
				<li>
					<a href="">
					<span class="font-size-14">Tests</span>
					</a>
				</li>
			</ul>
			<ul class="tools text-right">
				<li class="user-profile dropdown dropdown-animated scale-left">
					<a href="#" class="dropdown-toggle" data-toggle="dropdown">
					<i class="fa fa-exclamation-circle"></i>
					</a>
					<ul id="status-toggle" class="dropdown-menu dropdown-md p-v-0">
						<a class="dropdown-item" status="pass" href="#"><span>Pass</span><span class="status success pull-right"></span></a>
						<a class="dropdown-item" status="fail" href="#"><span>Fail</span><span class="status danger pull-right"></span></a>
						
						
						
						
						<div class="dropdown-divider"></div>
						<a status="clear" class="dropdown-item" href="#"><span>Clear</span><span class="pull-right"><i class="fa fa-close"></i></span></a>
					</ul>
				</li>
			</ul>
		</div>
		<div class="test-list-wrapper scrollable">
			<ul class="test-list-item">
				<li class="test-item"  status="pass" test-id="1"
					author=""
					tag=""
					device="">
					<div class="status-avatar pass-bg">
						<i class="fa fa-check text-white"></i>
					</div>
					<div class="open-test">
						<div class="test-detail">
							<p class="name">verifyFormRequiredInputs_1594511561079</p>
							<p class="duration text-sm">0h 0m 25s+163ms</p>
							<span class="datetime">16:52:41 PM</span>
						</div>
					</div>
					<div class="test-contents d-none">
						<div class="detail-head">
							<div class="p-v-10 d-inline-block">
								<div class="info">
									<h5 class="test-status text-pass">verifyFormRequiredInputs_1594511561079</h5>
									<span class='badge badge-success'>07.11.2020 16:52:41</span>
									<span class='badge badge-danger'>07.11.2020 16:53:06</span>
									<span class='badge badge-default'>0h 0m 25s+163ms</span>
								</div>
								<div class="m-t-10 m-l-5">
									
								</div>
							</div>
						</div>
<div class="detail-body mt-4">                                              
<table class="table table-sm">
	<thead><tr>
		<th class="status-col">Status</th>
		<th class="timestamp-col">Timestamp</th>
		<th class="details-col">Details</th>
	</tr></thead>
	<tbody>
			<tr class="event-row">
				<td><i class="fa fa-check text-pass"></i></td>
				<td>4:53:06 PM</td>
				<td>
						Test Passed
				</td>
			</tr>
	</tbody>
</table>
</div>
					</div>
				</li>
				<li class="test-item"  status="pass" test-id="2"
					author=""
					tag=""
					device="">
					<div class="status-avatar pass-bg">
						<i class="fa fa-check text-white"></i>
					</div>
					<div class="open-test">
						<div class="test-detail">
							<p class="name">verifyFormRequiredInputs_1594511589139</p>
							<p class="duration text-sm">0h 0m 25s+127ms</p>
							<span class="datetime">16:53:09 PM</span>
						</div>
					</div>
					<div class="test-contents d-none">
						<div class="detail-head">
							<div class="p-v-10 d-inline-block">
								<div class="info">
									<h5 class="test-status text-pass">verifyFormRequiredInputs_1594511589139</h5>
									<span class='badge badge-success'>07.11.2020 16:53:09</span>
									<span class='badge badge-danger'>07.11.2020 16:53:34</span>
									<span class='badge badge-default'>0h 0m 25s+127ms</span>
								</div>
								<div class="m-t-10 m-l-5">
									
								</div>
							</div>
						</div>
<div class="detail-body mt-4">                                              
<table class="table table-sm">
	<thead><tr>
		<th class="status-col">Status</th>
		<th class="timestamp-col">Timestamp</th>
		<th class="details-col">Details</th>
	</tr></thead>
	<tbody>
			<tr class="event-row">
				<td><i class="fa fa-check text-pass"></i></td>
				<td>4:53:34 PM</td>
				<td>
						Test Passed
				</td>
			</tr>
	</tbody>
</table>
</div>
					</div>
				</li>
				<li class="test-item"  status="pass" test-id="3"
					author=""
					tag=""
					device="">
					<div class="status-avatar pass-bg">
						<i class="fa fa-check text-white"></i>
					</div>
					<div class="open-test">
						<div class="test-detail">
							<p class="name">verifyFormRequiredInputs_1594511617064</p>
							<p class="duration text-sm">0h 0m 25s+115ms</p>
							<span class="datetime">16:53:37 PM</span>
						</div>
					</div>
					<div class="test-contents d-none">
						<div class="detail-head">
							<div class="p-v-10 d-inline-block">
								<div class="info">
									<h5 class="test-status text-pass">verifyFormRequiredInputs_1594511617064</h5>
									<span class='badge badge-success'>07.11.2020 16:53:37</span>
									<span class='badge badge-danger'>07.11.2020 16:54:02</span>
									<span class='badge badge-default'>0h 0m 25s+115ms</span>
								</div>
								<div class="m-t-10 m-l-5">
									
								</div>
							</div>
						</div>
<div class="detail-body mt-4">                                              
<table class="table table-sm">
	<thead><tr>
		<th class="status-col">Status</th>
		<th class="timestamp-col">Timestamp</th>
		<th class="details-col">Details</th>
	</tr></thead>
	<tbody>
			<tr class="event-row">
				<td><i class="fa fa-check text-pass"></i></td>
				<td>4:54:02 PM</td>
				<td>
						Test Passed
				</td>
			</tr>
	</tbody>
</table>
</div>
					</div>
				</li>
				<li class="test-item"  status="fail" test-id="4"
					author=""
					tag=""
					device="">
					<div class="status-avatar fail-bg">
						<i class="fa fa-times text-white"></i>
					</div>
					<div class="open-test">
						<div class="test-detail">
							<p class="name">verifyFormRequiredInputs_1594511644946</p>
							<p class="duration text-sm">0h 0m 14s+504ms</p>
							<span class="datetime">16:54:04 PM</span>
						</div>
					</div>
					<div class="test-contents d-none">
						<div class="detail-head">
							<div class="p-v-10 d-inline-block">
								<div class="info">
									<h5 class="test-status text-fail">verifyFormRequiredInputs_1594511644946</h5>
									<span class='badge badge-success'>07.11.2020 16:54:04</span>
									<span class='badge badge-danger'>07.11.2020 16:54:19</span>
									<span class='badge badge-default'>0h 0m 14s+504ms</span>
								</div>
								<div class="m-t-10 m-l-5">
									
								</div>
							</div>
						</div>
<div class="detail-body mt-4">                                              
<table class="table table-sm">
	<thead><tr>
		<th class="status-col">Status</th>
		<th class="timestamp-col">Timestamp</th>
		<th class="details-col">Details</th>
	</tr></thead>
	<tbody>
			<tr class="event-row">
				<td><i class="fa fa-times text-fail"></i></td>
				<td>4:54:19 PM</td>
				<td>
						Test Failed
				</td>
			</tr>
			<tr class="event-row">
				<td><i class="fa fa-times text-fail"></i></td>
				<td>4:54:19 PM</td>
				<td>
						<textarea disabled class="code-block">org.openqa.selenium.NoSuchElementException: no such element: Unable to locate element: {"method":"xpath","selector":"//li[@data-value='']"}
  (Session info: chrome=78.0.3904.70)
For documentation on this error, please visit: https://www.seleniumhq.org/exceptions/no_such_element.html
Build info: version: '3.141.59', revision: 'e82be7d358', time: '2018-11-14T08:17:03'
System info: host: 'LCASDSRMORA', ip: '192.168.0.4', os.name: 'Windows 10', os.arch: 'amd64', os.version: '10.0', java.version: '13.0.1'
Driver info: org.openqa.selenium.chrome.ChromeDriver
Capabilities {acceptInsecureCerts: false, browserName: chrome, browserVersion: 78.0.3904.70, chrome: {chromedriverVersion: 78.0.3904.70 (edb9c9f3de024..., userDataDir: C:\Users\RODRIG~1.MOR\AppDa...}, goog:chromeOptions: {debuggerAddress: localhost:61274}, javascriptEnabled: true, networkConnectionEnabled: false, pageLoadStrategy: normal, platform: XP, platformName: XP, proxy: Proxy(), setWindowRect: true, strictFileInteractability: false, timeouts: {implicit: 0, pageLoad: 300000, script: 30000}, unhandledPromptBehavior: dismiss and notify}
Session ID: d0f1eb8dfb663aac15ca6ebb61dc2068
*** Element info: {Using=xpath, value=//li[@data-value='']}
	at java.base/jdk.internal.reflect.NativeConstructorAccessorImpl.newInstance0(Native Method)
	at java.base/jdk.internal.reflect.NativeConstructorAccessorImpl.newInstance(NativeConstructorAccessorImpl.java:62)
	at java.base/jdk.internal.reflect.DelegatingConstructorAccessorImpl.newInstance(DelegatingConstructorAccessorImpl.java:45)
	at java.base/java.lang.reflect.Constructor.newInstanceWithCaller(Constructor.java:500)
	at java.base/java.lang.reflect.Constructor.newInstance(Constructor.java:481)
	at org.openqa.selenium.remote.http.W3CHttpResponseCodec.createException(W3CHttpResponseCodec.java:187)
	at org.openqa.selenium.remote.http.W3CHttpResponseCodec.decode(W3CHttpResponseCodec.java:122)
	at org.openqa.selenium.remote.http.W3CHttpResponseCodec.decode(W3CHttpResponseCodec.java:49)
	at org.openqa.selenium.remote.HttpCommandExecutor.execute(HttpCommandExecutor.java:158)
	at org.openqa.selenium.remote.service.DriverCommandExecutor.execute(DriverCommandExecutor.java:83)
	at org.openqa.selenium.remote.RemoteWebDriver.execute(RemoteWebDriver.java:552)
	at org.openqa.selenium.remote.RemoteWebElement.execute(RemoteWebElement.java:285)
	at org.openqa.selenium.remote.RemoteWebElement.findElement(RemoteWebElement.java:185)
	at org.openqa.selenium.remote.RemoteWebElement.findElementByXPath(RemoteWebElement.java:261)
	at org.openqa.selenium.By$ByXPath.findElement(By.java:353)
	at org.openqa.selenium.remote.RemoteWebElement.findElement(RemoteWebElement.java:181)
	at jdk.internal.reflect.GeneratedMethodAccessor3.invoke(Unknown Source)
	at java.base/jdk.internal.reflect.DelegatingMethodAccessorImpl.invoke(DelegatingMethodAccessorImpl.java:43)
	at java.base/java.lang.reflect.Method.invoke(Method.java:567)
	at org.openqa.selenium.support.pagefactory.internal.LocatingElementHandler.invoke(LocatingElementHandler.java:51)
	at com.sun.proxy.$Proxy18.findElement(Unknown Source)
	at backgroundCheck.utils.ElementUtils.selectValueFromDropdownMenu(ElementUtils.java:43)
	at backgroundCheck.utils.FlowUtils.reachAndFillInformationStg(FlowUtils.java:120)
	at backgroundCheck.utils.FlowUtils.reachStage(FlowUtils.java:42)
	at backgroundCheck.feature.e2e.TC00004_TC000016_verifyInformationPageRequiredInputs.verifyFormRequiredInputs(TC00004_TC000016_verifyInformationPageRequiredInputs.java:51)
	at java.base/jdk.internal.reflect.NativeMethodAccessorImpl.invoke0(Native Method)
	at java.base/jdk.internal.reflect.NativeMethodAccessorImpl.invoke(NativeMethodAccessorImpl.java:62)
	at java.base/jdk.internal.reflect.DelegatingMethodAccessorImpl.invoke(DelegatingMethodAccessorImpl.java:43)
	at java.base/java.lang.reflect.Method.invoke(Method.java:567)
	at org.testng.internal.MethodInvocationHelper.invokeMethod(MethodInvocationHelper.java:134)
	at org.testng.internal.TestInvoker.invokeMethod(TestInvoker.java:597)
	at org.testng.internal.TestInvoker.invokeTestMethod(TestInvoker.java:173)
	at org.testng.internal.MethodRunner.runInSequence(MethodRunner.java:46)
	at org.testng.internal.TestInvoker$MethodInvocationAgent.invoke(TestInvoker.java:816)
	at org.testng.internal.TestInvoker.invokeTestMethods(TestInvoker.java:146)
	at org.testng.internal.TestMethodWorker.invokeTestMethods(TestMethodWorker.java:146)
	at org.testng.internal.TestMethodWorker.run(TestMethodWorker.java:128)
	at java.base/java.util.ArrayList.forEach(ArrayList.java:1507)
	at org.testng.TestRunner.privateRun(TestRunner.java:766)
	at org.testng.TestRunner.run(TestRunner.java:587)
	at org.testng.SuiteRunner.runTest(SuiteRunner.java:384)
	at org.testng.SuiteRunner.runSequentially(SuiteRunner.java:378)
	at org.testng.SuiteRunner.privateRun(SuiteRunner.java:337)
	at org.testng.SuiteRunner.run(SuiteRunner.java:286)
	at org.testng.SuiteRunnerWorker.runSuite(SuiteRunnerWorker.java:53)
	at org.testng.SuiteRunnerWorker.run(SuiteRunnerWorker.java:96)
	at org.testng.TestNG.runSuitesSequentially(TestNG.java:1187)
	at org.testng.TestNG.runSuitesLocally(TestNG.java:1109)
	at org.testng.TestNG.runSuites(TestNG.java:1039)
	at org.testng.TestNG.run(TestNG.java:1007)
	at org.testng.remote.AbstractRemoteTestNG.run(AbstractRemoteTestNG.java:115)
	at org.testng.remote.RemoteTestNG.initAndRun(RemoteTestNG.java:251)
	at org.testng.remote.RemoteTestNG.main(RemoteTestNG.java:77)
</textarea>
				</td>
			</tr>
	</tbody>
</table>
</div>
<div class="detail-foot">
	<ul class="attachments">
			<img class='r-img' onerror='this.style.display="none"' data-featherlight='C:\Users\rodrigo.moran1/FAILED_TESTS_SCREENSHOTS/verifyFormRequiredInputs_1594511644946' src='C:\Users\rodrigo.moran1/FAILED_TESTS_SCREENSHOTS/verifyFormRequiredInputs_1594511644946'>
	</ul>
</div>
					</div>
				</li>
				<li class="test-item"  status="fail" test-id="5"
					author=""
					tag=""
					device="">
					<div class="status-avatar fail-bg">
						<i class="fa fa-times text-white"></i>
					</div>
					<div class="open-test">
						<div class="test-detail">
							<p class="name">verifyFormRequiredInputs_1594511662646</p>
							<p class="duration text-sm">0h 0m 12s+96ms</p>
							<span class="datetime">16:54:22 PM</span>
						</div>
					</div>
					<div class="test-contents d-none">
						<div class="detail-head">
							<div class="p-v-10 d-inline-block">
								<div class="info">
									<h5 class="test-status text-fail">verifyFormRequiredInputs_1594511662646</h5>
									<span class='badge badge-success'>07.11.2020 16:54:22</span>
									<span class='badge badge-danger'>07.11.2020 16:54:34</span>
									<span class='badge badge-default'>0h 0m 12s+96ms</span>
								</div>
								<div class="m-t-10 m-l-5">
									
								</div>
							</div>
						</div>
<div class="detail-body mt-4">                                              
<table class="table table-sm">
	<thead><tr>
		<th class="status-col">Status</th>
		<th class="timestamp-col">Timestamp</th>
		<th class="details-col">Details</th>
	</tr></thead>
	<tbody>
			<tr class="event-row">
				<td><i class="fa fa-times text-fail"></i></td>
				<td>4:54:34 PM</td>
				<td>
						Test Failed
				</td>
			</tr>
			<tr class="event-row">
				<td><i class="fa fa-times text-fail"></i></td>
				<td>4:54:34 PM</td>
				<td>
						<textarea disabled class="code-block">org.openqa.selenium.NoSuchElementException: no such element: Unable to locate element: {"method":"xpath","selector":"//li[@data-value='']"}
  (Session info: chrome=78.0.3904.70)
For documentation on this error, please visit: https://www.seleniumhq.org/exceptions/no_such_element.html
Build info: version: '3.141.59', revision: 'e82be7d358', time: '2018-11-14T08:17:03'
System info: host: 'LCASDSRMORA', ip: '192.168.0.4', os.name: 'Windows 10', os.arch: 'amd64', os.version: '10.0', java.version: '13.0.1'
Driver info: org.openqa.selenium.chrome.ChromeDriver
Capabilities {acceptInsecureCerts: false, browserName: chrome, browserVersion: 78.0.3904.70, chrome: {chromedriverVersion: 78.0.3904.70 (edb9c9f3de024..., userDataDir: C:\Users\RODRIG~1.MOR\AppDa...}, goog:chromeOptions: {debuggerAddress: localhost:61331}, javascriptEnabled: true, networkConnectionEnabled: false, pageLoadStrategy: normal, platform: XP, platformName: XP, proxy: Proxy(), setWindowRect: true, strictFileInteractability: false, timeouts: {implicit: 0, pageLoad: 300000, script: 30000}, unhandledPromptBehavior: dismiss and notify}
Session ID: b108dc9c41ed536e159530179870408c
*** Element info: {Using=xpath, value=//li[@data-value='']}
	at java.base/jdk.internal.reflect.NativeConstructorAccessorImpl.newInstance0(Native Method)
	at java.base/jdk.internal.reflect.NativeConstructorAccessorImpl.newInstance(NativeConstructorAccessorImpl.java:62)
	at java.base/jdk.internal.reflect.DelegatingConstructorAccessorImpl.newInstance(DelegatingConstructorAccessorImpl.java:45)
	at java.base/java.lang.reflect.Constructor.newInstanceWithCaller(Constructor.java:500)
	at java.base/java.lang.reflect.Constructor.newInstance(Constructor.java:481)
	at org.openqa.selenium.remote.http.W3CHttpResponseCodec.createException(W3CHttpResponseCodec.java:187)
	at org.openqa.selenium.remote.http.W3CHttpResponseCodec.decode(W3CHttpResponseCodec.java:122)
	at org.openqa.selenium.remote.http.W3CHttpResponseCodec.decode(W3CHttpResponseCodec.java:49)
	at org.openqa.selenium.remote.HttpCommandExecutor.execute(HttpCommandExecutor.java:158)
	at org.openqa.selenium.remote.service.DriverCommandExecutor.execute(DriverCommandExecutor.java:83)
	at org.openqa.selenium.remote.RemoteWebDriver.execute(RemoteWebDriver.java:552)
	at org.openqa.selenium.remote.RemoteWebElement.execute(RemoteWebElement.java:285)
	at org.openqa.selenium.remote.RemoteWebElement.findElement(RemoteWebElement.java:185)
	at org.openqa.selenium.remote.RemoteWebElement.findElementByXPath(RemoteWebElement.java:261)
	at org.openqa.selenium.By$ByXPath.findElement(By.java:353)
	at org.openqa.selenium.remote.RemoteWebElement.findElement(RemoteWebElement.java:181)
	at jdk.internal.reflect.GeneratedMethodAccessor3.invoke(Unknown Source)
	at java.base/jdk.internal.reflect.DelegatingMethodAccessorImpl.invoke(DelegatingMethodAccessorImpl.java:43)
	at java.base/java.lang.reflect.Method.invoke(Method.java:567)
	at org.openqa.selenium.support.pagefactory.internal.LocatingElementHandler.invoke(LocatingElementHandler.java:51)
	at com.sun.proxy.$Proxy18.findElement(Unknown Source)
	at backgroundCheck.utils.ElementUtils.selectValueFromDropdownMenu(ElementUtils.java:43)
	at backgroundCheck.utils.FlowUtils.reachAndFillInformationStg(FlowUtils.java:116)
	at backgroundCheck.utils.FlowUtils.reachStage(FlowUtils.java:42)
	at backgroundCheck.feature.e2e.TC00004_TC000016_verifyInformationPageRequiredInputs.verifyFormRequiredInputs(TC00004_TC000016_verifyInformationPageRequiredInputs.java:51)
	at java.base/jdk.internal.reflect.NativeMethodAccessorImpl.invoke0(Native Method)
	at java.base/jdk.internal.reflect.NativeMethodAccessorImpl.invoke(NativeMethodAccessorImpl.java:62)
	at java.base/jdk.internal.reflect.DelegatingMethodAccessorImpl.invoke(DelegatingMethodAccessorImpl.java:43)
	at java.base/java.lang.reflect.Method.invoke(Method.java:567)
	at org.testng.internal.MethodInvocationHelper.invokeMethod(MethodInvocationHelper.java:134)
	at org.testng.internal.TestInvoker.invokeMethod(TestInvoker.java:597)
	at org.testng.internal.TestInvoker.invokeTestMethod(TestInvoker.java:173)
	at org.testng.internal.MethodRunner.runInSequence(MethodRunner.java:46)
	at org.testng.internal.TestInvoker$MethodInvocationAgent.invoke(TestInvoker.java:816)
	at org.testng.internal.TestInvoker.invokeTestMethods(TestInvoker.java:146)
	at org.testng.internal.TestMethodWorker.invokeTestMethods(TestMethodWorker.java:146)
	at org.testng.internal.TestMethodWorker.run(TestMethodWorker.java:128)
	at java.base/java.util.ArrayList.forEach(ArrayList.java:1507)
	at org.testng.TestRunner.privateRun(TestRunner.java:766)
	at org.testng.TestRunner.run(TestRunner.java:587)
	at org.testng.SuiteRunner.runTest(SuiteRunner.java:384)
	at org.testng.SuiteRunner.runSequentially(SuiteRunner.java:378)
	at org.testng.SuiteRunner.privateRun(SuiteRunner.java:337)
	at org.testng.SuiteRunner.run(SuiteRunner.java:286)
	at org.testng.SuiteRunnerWorker.runSuite(SuiteRunnerWorker.java:53)
	at org.testng.SuiteRunnerWorker.run(SuiteRunnerWorker.java:96)
	at org.testng.TestNG.runSuitesSequentially(TestNG.java:1187)
	at org.testng.TestNG.runSuitesLocally(TestNG.java:1109)
	at org.testng.TestNG.runSuites(TestNG.java:1039)
	at org.testng.TestNG.run(TestNG.java:1007)
	at org.testng.remote.AbstractRemoteTestNG.run(AbstractRemoteTestNG.java:115)
	at org.testng.remote.RemoteTestNG.initAndRun(RemoteTestNG.java:251)
	at org.testng.remote.RemoteTestNG.main(RemoteTestNG.java:77)
</textarea>
				</td>
			</tr>
	</tbody>
</table>
</div>
<div class="detail-foot">
	<ul class="attachments">
			<img class='r-img' onerror='this.style.display="none"' data-featherlight='C:\Users\rodrigo.moran1/FAILED_TESTS_SCREENSHOTS/verifyFormRequiredInputs_1594511662646' src='C:\Users\rodrigo.moran1/FAILED_TESTS_SCREENSHOTS/verifyFormRequiredInputs_1594511662646'>
	</ul>
</div>
					</div>
				</li>
				<li class="test-item"  status="fail" test-id="6"
					author=""
					tag=""
					device="">
					<div class="status-avatar fail-bg">
						<i class="fa fa-times text-white"></i>
					</div>
					<div class="open-test">
						<div class="test-detail">
							<p class="name">verifyFormRequiredInputs_1594511677807</p>
							<p class="duration text-sm">0h 0m 16s+627ms</p>
							<span class="datetime">16:54:37 PM</span>
						</div>
					</div>
					<div class="test-contents d-none">
						<div class="detail-head">
							<div class="p-v-10 d-inline-block">
								<div class="info">
									<h5 class="test-status text-fail">verifyFormRequiredInputs_1594511677807</h5>
									<span class='badge badge-success'>07.11.2020 16:54:37</span>
									<span class='badge badge-danger'>07.11.2020 16:54:54</span>
									<span class='badge badge-default'>0h 0m 16s+627ms</span>
								</div>
								<div class="m-t-10 m-l-5">
									
								</div>
							</div>
						</div>
<div class="detail-body mt-4">                                              
<table class="table table-sm">
	<thead><tr>
		<th class="status-col">Status</th>
		<th class="timestamp-col">Timestamp</th>
		<th class="details-col">Details</th>
	</tr></thead>
	<tbody>
			<tr class="event-row">
				<td><i class="fa fa-times text-fail"></i></td>
				<td>4:54:54 PM</td>
				<td>
						Test Failed
				</td>
			</tr>
			<tr class="event-row">
				<td><i class="fa fa-times text-fail"></i></td>
				<td>4:54:54 PM</td>
				<td>
						<textarea disabled class="code-block">org.openqa.selenium.NoSuchElementException: no such element: Unable to locate element: {"method":"xpath","selector":"//li[@data-value='']"}
  (Session info: chrome=78.0.3904.70)
For documentation on this error, please visit: https://www.seleniumhq.org/exceptions/no_such_element.html
Build info: version: '3.141.59', revision: 'e82be7d358', time: '2018-11-14T08:17:03'
System info: host: 'LCASDSRMORA', ip: '192.168.0.4', os.name: 'Windows 10', os.arch: 'amd64', os.version: '10.0', java.version: '13.0.1'
Driver info: org.openqa.selenium.chrome.ChromeDriver
Capabilities {acceptInsecureCerts: false, browserName: chrome, browserVersion: 78.0.3904.70, chrome: {chromedriverVersion: 78.0.3904.70 (edb9c9f3de024..., userDataDir: C:\Users\RODRIG~1.MOR\AppDa...}, goog:chromeOptions: {debuggerAddress: localhost:61384}, javascriptEnabled: true, networkConnectionEnabled: false, pageLoadStrategy: normal, platform: XP, platformName: XP, proxy: Proxy(), setWindowRect: true, strictFileInteractability: false, timeouts: {implicit: 0, pageLoad: 300000, script: 30000}, unhandledPromptBehavior: dismiss and notify}
Session ID: fbb0b2df288aabbd0af69161d8fa470f
*** Element info: {Using=xpath, value=//li[@data-value='']}
	at java.base/jdk.internal.reflect.NativeConstructorAccessorImpl.newInstance0(Native Method)
	at java.base/jdk.internal.reflect.NativeConstructorAccessorImpl.newInstance(NativeConstructorAccessorImpl.java:62)
	at java.base/jdk.internal.reflect.DelegatingConstructorAccessorImpl.newInstance(DelegatingConstructorAccessorImpl.java:45)
	at java.base/java.lang.reflect.Constructor.newInstanceWithCaller(Constructor.java:500)
	at java.base/java.lang.reflect.Constructor.newInstance(Constructor.java:481)
	at org.openqa.selenium.remote.http.W3CHttpResponseCodec.createException(W3CHttpResponseCodec.java:187)
	at org.openqa.selenium.remote.http.W3CHttpResponseCodec.decode(W3CHttpResponseCodec.java:122)
	at org.openqa.selenium.remote.http.W3CHttpResponseCodec.decode(W3CHttpResponseCodec.java:49)
	at org.openqa.selenium.remote.HttpCommandExecutor.execute(HttpCommandExecutor.java:158)
	at org.openqa.selenium.remote.service.DriverCommandExecutor.execute(DriverCommandExecutor.java:83)
	at org.openqa.selenium.remote.RemoteWebDriver.execute(RemoteWebDriver.java:552)
	at org.openqa.selenium.remote.RemoteWebElement.execute(RemoteWebElement.java:285)
	at org.openqa.selenium.remote.RemoteWebElement.findElement(RemoteWebElement.java:185)
	at org.openqa.selenium.remote.RemoteWebElement.findElementByXPath(RemoteWebElement.java:261)
	at org.openqa.selenium.By$ByXPath.findElement(By.java:353)
	at org.openqa.selenium.remote.RemoteWebElement.findElement(RemoteWebElement.java:181)
	at jdk.internal.reflect.GeneratedMethodAccessor3.invoke(Unknown Source)
	at java.base/jdk.internal.reflect.DelegatingMethodAccessorImpl.invoke(DelegatingMethodAccessorImpl.java:43)
	at java.base/java.lang.reflect.Method.invoke(Method.java:567)
	at org.openqa.selenium.support.pagefactory.internal.LocatingElementHandler.invoke(LocatingElementHandler.java:51)
	at com.sun.proxy.$Proxy18.findElement(Unknown Source)
	at backgroundCheck.utils.ElementUtils.selectValueFromDropdownMenu(ElementUtils.java:43)
	at backgroundCheck.utils.FlowUtils.reachAndFillInformationStg(FlowUtils.java:124)
	at backgroundCheck.utils.FlowUtils.reachStage(FlowUtils.java:42)
	at backgroundCheck.feature.e2e.TC00004_TC000016_verifyInformationPageRequiredInputs.verifyFormRequiredInputs(TC00004_TC000016_verifyInformationPageRequiredInputs.java:51)
	at java.base/jdk.internal.reflect.NativeMethodAccessorImpl.invoke0(Native Method)
	at java.base/jdk.internal.reflect.NativeMethodAccessorImpl.invoke(NativeMethodAccessorImpl.java:62)
	at java.base/jdk.internal.reflect.DelegatingMethodAccessorImpl.invoke(DelegatingMethodAccessorImpl.java:43)
	at java.base/java.lang.reflect.Method.invoke(Method.java:567)
	at org.testng.internal.MethodInvocationHelper.invokeMethod(MethodInvocationHelper.java:134)
	at org.testng.internal.TestInvoker.invokeMethod(TestInvoker.java:597)
	at org.testng.internal.TestInvoker.invokeTestMethod(TestInvoker.java:173)
	at org.testng.internal.MethodRunner.runInSequence(MethodRunner.java:46)
	at org.testng.internal.TestInvoker$MethodInvocationAgent.invoke(TestInvoker.java:816)
	at org.testng.internal.TestInvoker.invokeTestMethods(TestInvoker.java:146)
	at org.testng.internal.TestMethodWorker.invokeTestMethods(TestMethodWorker.java:146)
	at org.testng.internal.TestMethodWorker.run(TestMethodWorker.java:128)
	at java.base/java.util.ArrayList.forEach(ArrayList.java:1507)
	at org.testng.TestRunner.privateRun(TestRunner.java:766)
	at org.testng.TestRunner.run(TestRunner.java:587)
	at org.testng.SuiteRunner.runTest(SuiteRunner.java:384)
	at org.testng.SuiteRunner.runSequentially(SuiteRunner.java:378)
	at org.testng.SuiteRunner.privateRun(SuiteRunner.java:337)
	at org.testng.SuiteRunner.run(SuiteRunner.java:286)
	at org.testng.SuiteRunnerWorker.runSuite(SuiteRunnerWorker.java:53)
	at org.testng.SuiteRunnerWorker.run(SuiteRunnerWorker.java:96)
	at org.testng.TestNG.runSuitesSequentially(TestNG.java:1187)
	at org.testng.TestNG.runSuitesLocally(TestNG.java:1109)
	at org.testng.TestNG.runSuites(TestNG.java:1039)
	at org.testng.TestNG.run(TestNG.java:1007)
	at org.testng.remote.AbstractRemoteTestNG.run(AbstractRemoteTestNG.java:115)
	at org.testng.remote.RemoteTestNG.initAndRun(RemoteTestNG.java:251)
	at org.testng.remote.RemoteTestNG.main(RemoteTestNG.java:77)
</textarea>
				</td>
			</tr>
	</tbody>
</table>
</div>
<div class="detail-foot">
	<ul class="attachments">
			<img class='r-img' onerror='this.style.display="none"' data-featherlight='C:\Users\rodrigo.moran1/FAILED_TESTS_SCREENSHOTS/verifyFormRequiredInputs_1594511677807' src='C:\Users\rodrigo.moran1/FAILED_TESTS_SCREENSHOTS/verifyFormRequiredInputs_1594511677807'>
	</ul>
</div>
					</div>
				</li>
				<li class="test-item"  status="fail" test-id="7"
					author=""
					tag=""
					device="">
					<div class="status-avatar fail-bg">
						<i class="fa fa-times text-white"></i>
					</div>
					<div class="open-test">
						<div class="test-detail">
							<p class="name">verifyFormRequiredInputs_1594511697581</p>
							<p class="duration text-sm">0h 0m 18s+948ms</p>
							<span class="datetime">16:54:57 PM</span>
						</div>
					</div>
					<div class="test-contents d-none">
						<div class="detail-head">
							<div class="p-v-10 d-inline-block">
								<div class="info">
									<h5 class="test-status text-fail">verifyFormRequiredInputs_1594511697581</h5>
									<span class='badge badge-success'>07.11.2020 16:54:57</span>
									<span class='badge badge-danger'>07.11.2020 16:55:16</span>
									<span class='badge badge-default'>0h 0m 18s+948ms</span>
								</div>
								<div class="m-t-10 m-l-5">
									
								</div>
							</div>
						</div>
<div class="detail-body mt-4">                                              
<table class="table table-sm">
	<thead><tr>
		<th class="status-col">Status</th>
		<th class="timestamp-col">Timestamp</th>
		<th class="details-col">Details</th>
	</tr></thead>
	<tbody>
			<tr class="event-row">
				<td><i class="fa fa-times text-fail"></i></td>
				<td>4:55:16 PM</td>
				<td>
						Test Failed
				</td>
			</tr>
			<tr class="event-row">
				<td><i class="fa fa-times text-fail"></i></td>
				<td>4:55:16 PM</td>
				<td>
						<textarea disabled class="code-block">org.openqa.selenium.NoSuchElementException: no such element: Unable to locate element: {"method":"xpath","selector":"//li[@data-value='']"}
  (Session info: chrome=78.0.3904.70)
For documentation on this error, please visit: https://www.seleniumhq.org/exceptions/no_such_element.html
Build info: version: '3.141.59', revision: 'e82be7d358', time: '2018-11-14T08:17:03'
System info: host: 'LCASDSRMORA', ip: '192.168.0.4', os.name: 'Windows 10', os.arch: 'amd64', os.version: '10.0', java.version: '13.0.1'
Driver info: org.openqa.selenium.chrome.ChromeDriver
Capabilities {acceptInsecureCerts: false, browserName: chrome, browserVersion: 78.0.3904.70, chrome: {chromedriverVersion: 78.0.3904.70 (edb9c9f3de024..., userDataDir: C:\Users\RODRIG~1.MOR\AppDa...}, goog:chromeOptions: {debuggerAddress: localhost:61441}, javascriptEnabled: true, networkConnectionEnabled: false, pageLoadStrategy: normal, platform: XP, platformName: XP, proxy: Proxy(), setWindowRect: true, strictFileInteractability: false, timeouts: {implicit: 0, pageLoad: 300000, script: 30000}, unhandledPromptBehavior: dismiss and notify}
Session ID: 22a03d9ba1ecfd18e099720b6e6cfc8a
*** Element info: {Using=xpath, value=//li[@data-value='']}
	at java.base/jdk.internal.reflect.NativeConstructorAccessorImpl.newInstance0(Native Method)
	at java.base/jdk.internal.reflect.NativeConstructorAccessorImpl.newInstance(NativeConstructorAccessorImpl.java:62)
	at java.base/jdk.internal.reflect.DelegatingConstructorAccessorImpl.newInstance(DelegatingConstructorAccessorImpl.java:45)
	at java.base/java.lang.reflect.Constructor.newInstanceWithCaller(Constructor.java:500)
	at java.base/java.lang.reflect.Constructor.newInstance(Constructor.java:481)
	at org.openqa.selenium.remote.http.W3CHttpResponseCodec.createException(W3CHttpResponseCodec.java:187)
	at org.openqa.selenium.remote.http.W3CHttpResponseCodec.decode(W3CHttpResponseCodec.java:122)
	at org.openqa.selenium.remote.http.W3CHttpResponseCodec.decode(W3CHttpResponseCodec.java:49)
	at org.openqa.selenium.remote.HttpCommandExecutor.execute(HttpCommandExecutor.java:158)
	at org.openqa.selenium.remote.service.DriverCommandExecutor.execute(DriverCommandExecutor.java:83)
	at org.openqa.selenium.remote.RemoteWebDriver.execute(RemoteWebDriver.java:552)
	at org.openqa.selenium.remote.RemoteWebElement.execute(RemoteWebElement.java:285)
	at org.openqa.selenium.remote.RemoteWebElement.findElement(RemoteWebElement.java:185)
	at org.openqa.selenium.remote.RemoteWebElement.findElementByXPath(RemoteWebElement.java:261)
	at org.openqa.selenium.By$ByXPath.findElement(By.java:353)
	at org.openqa.selenium.remote.RemoteWebElement.findElement(RemoteWebElement.java:181)
	at jdk.internal.reflect.GeneratedMethodAccessor3.invoke(Unknown Source)
	at java.base/jdk.internal.reflect.DelegatingMethodAccessorImpl.invoke(DelegatingMethodAccessorImpl.java:43)
	at java.base/java.lang.reflect.Method.invoke(Method.java:567)
	at org.openqa.selenium.support.pagefactory.internal.LocatingElementHandler.invoke(LocatingElementHandler.java:51)
	at com.sun.proxy.$Proxy18.findElement(Unknown Source)
	at backgroundCheck.utils.ElementUtils.selectValueFromDropdownMenu(ElementUtils.java:43)
	at backgroundCheck.utils.FlowUtils.reachAndFillInformationStg(FlowUtils.java:129)
	at backgroundCheck.utils.FlowUtils.reachStage(FlowUtils.java:42)
	at backgroundCheck.feature.e2e.TC00004_TC000016_verifyInformationPageRequiredInputs.verifyFormRequiredInputs(TC00004_TC000016_verifyInformationPageRequiredInputs.java:51)
	at java.base/jdk.internal.reflect.NativeMethodAccessorImpl.invoke0(Native Method)
	at java.base/jdk.internal.reflect.NativeMethodAccessorImpl.invoke(NativeMethodAccessorImpl.java:62)
	at java.base/jdk.internal.reflect.DelegatingMethodAccessorImpl.invoke(DelegatingMethodAccessorImpl.java:43)
	at java.base/java.lang.reflect.Method.invoke(Method.java:567)
	at org.testng.internal.MethodInvocationHelper.invokeMethod(MethodInvocationHelper.java:134)
	at org.testng.internal.TestInvoker.invokeMethod(TestInvoker.java:597)
	at org.testng.internal.TestInvoker.invokeTestMethod(TestInvoker.java:173)
	at org.testng.internal.MethodRunner.runInSequence(MethodRunner.java:46)
	at org.testng.internal.TestInvoker$MethodInvocationAgent.invoke(TestInvoker.java:816)
	at org.testng.internal.TestInvoker.invokeTestMethods(TestInvoker.java:146)
	at org.testng.internal.TestMethodWorker.invokeTestMethods(TestMethodWorker.java:146)
	at org.testng.internal.TestMethodWorker.run(TestMethodWorker.java:128)
	at java.base/java.util.ArrayList.forEach(ArrayList.java:1507)
	at org.testng.TestRunner.privateRun(TestRunner.java:766)
	at org.testng.TestRunner.run(TestRunner.java:587)
	at org.testng.SuiteRunner.runTest(SuiteRunner.java:384)
	at org.testng.SuiteRunner.runSequentially(SuiteRunner.java:378)
	at org.testng.SuiteRunner.privateRun(SuiteRunner.java:337)
	at org.testng.SuiteRunner.run(SuiteRunner.java:286)
	at org.testng.SuiteRunnerWorker.runSuite(SuiteRunnerWorker.java:53)
	at org.testng.SuiteRunnerWorker.run(SuiteRunnerWorker.java:96)
	at org.testng.TestNG.runSuitesSequentially(TestNG.java:1187)
	at org.testng.TestNG.runSuitesLocally(TestNG.java:1109)
	at org.testng.TestNG.runSuites(TestNG.java:1039)
	at org.testng.TestNG.run(TestNG.java:1007)
	at org.testng.remote.AbstractRemoteTestNG.run(AbstractRemoteTestNG.java:115)
	at org.testng.remote.RemoteTestNG.initAndRun(RemoteTestNG.java:251)
	at org.testng.remote.RemoteTestNG.main(RemoteTestNG.java:77)
</textarea>
				</td>
			</tr>
	</tbody>
</table>
</div>
<div class="detail-foot">
	<ul class="attachments">
			<img class='r-img' onerror='this.style.display="none"' data-featherlight='C:\Users\rodrigo.moran1/FAILED_TESTS_SCREENSHOTS/verifyFormRequiredInputs_1594511697581' src='C:\Users\rodrigo.moran1/FAILED_TESTS_SCREENSHOTS/verifyFormRequiredInputs_1594511697581'>
	</ul>
</div>
					</div>
				</li>
				<li class="test-item"  status="fail" test-id="8"
					author=""
					tag=""
					device="">
					<div class="status-avatar fail-bg">
						<i class="fa fa-times text-white"></i>
					</div>
					<div class="open-test">
						<div class="test-detail">
							<p class="name">verifyFormRequiredInputs_1594511719715</p>
							<p class="duration text-sm">0h 0m 0s+4ms</p>
							<span class="datetime">16:55:19 PM</span>
						</div>
					</div>
					<div class="test-contents d-none">
						<div class="detail-head">
							<div class="p-v-10 d-inline-block">
								<div class="info">
									<h5 class="test-status text-fail">verifyFormRequiredInputs_1594511719715</h5>
									<span class='badge badge-success'>07.11.2020 16:55:19</span>
									<span class='badge badge-danger'>07.11.2020 16:55:19</span>
									<span class='badge badge-default'>0h 0m 0s+4ms</span>
								</div>
								<div class="m-t-10 m-l-5">
									
								</div>
							</div>
						</div>
<div class="detail-body mt-4">                                              
<table class="table table-sm">
	<thead><tr>
		<th class="status-col">Status</th>
		<th class="timestamp-col">Timestamp</th>
		<th class="details-col">Details</th>
	</tr></thead>
	<tbody>
			<tr class="event-row">
				<td><i class="fa fa-times text-fail"></i></td>
				<td>4:55:19 PM</td>
				<td>
						Test Failed
				</td>
			</tr>
			<tr class="event-row">
				<td><i class="fa fa-times text-fail"></i></td>
				<td>4:55:19 PM</td>
				<td>
						<textarea disabled class="code-block">java.lang.StringIndexOutOfBoundsException: begin 0, end 3, length 0
	at java.base/java.lang.String.checkBoundsBeginEnd(String.java:3720)
	at java.base/java.lang.String.substring(String.java:1909)
	at backgroundCheck.pojo.InformationFormData.formatSSN(InformationFormData.java:113)
	at backgroundCheck.pojo.InformationFormData.<init>(InformationFormData.java:18)
	at backgroundCheck.feature.e2e.TC00004_TC000016_verifyInformationPageRequiredInputs.verifyFormRequiredInputs(TC00004_TC000016_verifyInformationPageRequiredInputs.java:47)
	at java.base/jdk.internal.reflect.NativeMethodAccessorImpl.invoke0(Native Method)
	at java.base/jdk.internal.reflect.NativeMethodAccessorImpl.invoke(NativeMethodAccessorImpl.java:62)
	at java.base/jdk.internal.reflect.DelegatingMethodAccessorImpl.invoke(DelegatingMethodAccessorImpl.java:43)
	at java.base/java.lang.reflect.Method.invoke(Method.java:567)
	at org.testng.internal.MethodInvocationHelper.invokeMethod(MethodInvocationHelper.java:134)
	at org.testng.internal.TestInvoker.invokeMethod(TestInvoker.java:597)
	at org.testng.internal.TestInvoker.invokeTestMethod(TestInvoker.java:173)
	at org.testng.internal.MethodRunner.runInSequence(MethodRunner.java:46)
	at org.testng.internal.TestInvoker$MethodInvocationAgent.invoke(TestInvoker.java:816)
	at org.testng.internal.TestInvoker.invokeTestMethods(TestInvoker.java:146)
	at org.testng.internal.TestMethodWorker.invokeTestMethods(TestMethodWorker.java:146)
	at org.testng.internal.TestMethodWorker.run(TestMethodWorker.java:128)
	at java.base/java.util.ArrayList.forEach(ArrayList.java:1507)
	at org.testng.TestRunner.privateRun(TestRunner.java:766)
	at org.testng.TestRunner.run(TestRunner.java:587)
	at org.testng.SuiteRunner.runTest(SuiteRunner.java:384)
	at org.testng.SuiteRunner.runSequentially(SuiteRunner.java:378)
	at org.testng.SuiteRunner.privateRun(SuiteRunner.java:337)
	at org.testng.SuiteRunner.run(SuiteRunner.java:286)
	at org.testng.SuiteRunnerWorker.runSuite(SuiteRunnerWorker.java:53)
	at org.testng.SuiteRunnerWorker.run(SuiteRunnerWorker.java:96)
	at org.testng.TestNG.runSuitesSequentially(TestNG.java:1187)
	at org.testng.TestNG.runSuitesLocally(TestNG.java:1109)
	at org.testng.TestNG.runSuites(TestNG.java:1039)
	at org.testng.TestNG.run(TestNG.java:1007)
	at org.testng.remote.AbstractRemoteTestNG.run(AbstractRemoteTestNG.java:115)
	at org.testng.remote.RemoteTestNG.initAndRun(RemoteTestNG.java:251)
	at org.testng.remote.RemoteTestNG.main(RemoteTestNG.java:77)
</textarea>
				</td>
			</tr>
	</tbody>
</table>
</div>
<div class="detail-foot">
	<ul class="attachments">
			<img class='r-img' onerror='this.style.display="none"' data-featherlight='C:\Users\rodrigo.moran1/FAILED_TESTS_SCREENSHOTS/verifyFormRequiredInputs_1594511719715' src='C:\Users\rodrigo.moran1/FAILED_TESTS_SCREENSHOTS/verifyFormRequiredInputs_1594511719715'>
	</ul>
</div>
					</div>
				</li>
				<li class="test-item"  status="pass" test-id="9"
					author=""
					tag=""
					device="">
					<div class="status-avatar pass-bg">
						<i class="fa fa-check text-white"></i>
					</div>
					<div class="open-test">
						<div class="test-detail">
							<p class="name">verifyFormRequiredInputs_1594511722716</p>
							<p class="duration text-sm">0h 0m 25s+443ms</p>
							<span class="datetime">16:55:22 PM</span>
						</div>
					</div>
					<div class="test-contents d-none">
						<div class="detail-head">
							<div class="p-v-10 d-inline-block">
								<div class="info">
									<h5 class="test-status text-pass">verifyFormRequiredInputs_1594511722716</h5>
									<span class='badge badge-success'>07.11.2020 16:55:22</span>
									<span class='badge badge-danger'>07.11.2020 16:55:48</span>
									<span class='badge badge-default'>0h 0m 25s+443ms</span>
								</div>
								<div class="m-t-10 m-l-5">
									
								</div>
							</div>
						</div>
<div class="detail-body mt-4">                                              
<table class="table table-sm">
	<thead><tr>
		<th class="status-col">Status</th>
		<th class="timestamp-col">Timestamp</th>
		<th class="details-col">Details</th>
	</tr></thead>
	<tbody>
			<tr class="event-row">
				<td><i class="fa fa-check text-pass"></i></td>
				<td>4:55:48 PM</td>
				<td>
						Test Passed
				</td>
			</tr>
	</tbody>
</table>
</div>
					</div>
				</li>
				<li class="test-item"  status="pass" test-id="10"
					author=""
					tag=""
					device="">
					<div class="status-avatar pass-bg">
						<i class="fa fa-check text-white"></i>
					</div>
					<div class="open-test">
						<div class="test-detail">
							<p class="name">verifyFormRequiredInputs_1594511751081</p>
							<p class="duration text-sm">0h 0m 25s+46ms</p>
							<span class="datetime">16:55:51 PM</span>
						</div>
					</div>
					<div class="test-contents d-none">
						<div class="detail-head">
							<div class="p-v-10 d-inline-block">
								<div class="info">
									<h5 class="test-status text-pass">verifyFormRequiredInputs_1594511751081</h5>
									<span class='badge badge-success'>07.11.2020 16:55:51</span>
									<span class='badge badge-danger'>07.11.2020 16:56:16</span>
									<span class='badge badge-default'>0h 0m 25s+46ms</span>
								</div>
								<div class="m-t-10 m-l-5">
									
								</div>
							</div>
						</div>
<div class="detail-body mt-4">                                              
<table class="table table-sm">
	<thead><tr>
		<th class="status-col">Status</th>
		<th class="timestamp-col">Timestamp</th>
		<th class="details-col">Details</th>
	</tr></thead>
	<tbody>
			<tr class="event-row">
				<td><i class="fa fa-check text-pass"></i></td>
				<td>4:56:16 PM</td>
				<td>
						Test Passed
				</td>
			</tr>
	</tbody>
</table>
</div>
					</div>
				</li>
				<li class="test-item"  status="pass" test-id="11"
					author=""
					tag=""
					device="">
					<div class="status-avatar pass-bg">
						<i class="fa fa-check text-white"></i>
					</div>
					<div class="open-test">
						<div class="test-detail">
							<p class="name">verifyFormRequiredInputs_1594511778935</p>
							<p class="duration text-sm">0h 0m 25s+75ms</p>
							<span class="datetime">16:56:18 PM</span>
						</div>
					</div>
					<div class="test-contents d-none">
						<div class="detail-head">
							<div class="p-v-10 d-inline-block">
								<div class="info">
									<h5 class="test-status text-pass">verifyFormRequiredInputs_1594511778935</h5>
									<span class='badge badge-success'>07.11.2020 16:56:18</span>
									<span class='badge badge-danger'>07.11.2020 16:56:44</span>
									<span class='badge badge-default'>0h 0m 25s+75ms</span>
								</div>
								<div class="m-t-10 m-l-5">
									
								</div>
							</div>
						</div>
<div class="detail-body mt-4">                                              
<table class="table table-sm">
	<thead><tr>
		<th class="status-col">Status</th>
		<th class="timestamp-col">Timestamp</th>
		<th class="details-col">Details</th>
	</tr></thead>
	<tbody>
			<tr class="event-row">
				<td><i class="fa fa-check text-pass"></i></td>
				<td>4:56:44 PM</td>
				<td>
						Test Passed
				</td>
			</tr>
	</tbody>
</table>
</div>
					</div>
				</li>
				<li class="test-item"  status="fail" test-id="12"
					author=""
					tag=""
					device="">
					<div class="status-avatar fail-bg">
						<i class="fa fa-times text-white"></i>
					</div>
					<div class="open-test">
						<div class="test-detail">
							<p class="name">verifyFormRequiredInputs_1594511806785</p>
							<p class="duration text-sm">0h 0m 25s+878ms</p>
							<span class="datetime">16:56:46 PM</span>
						</div>
					</div>
					<div class="test-contents d-none">
						<div class="detail-head">
							<div class="p-v-10 d-inline-block">
								<div class="info">
									<h5 class="test-status text-fail">verifyFormRequiredInputs_1594511806785</h5>
									<span class='badge badge-success'>07.11.2020 16:56:46</span>
									<span class='badge badge-danger'>07.11.2020 16:57:12</span>
									<span class='badge badge-default'>0h 0m 25s+878ms</span>
								</div>
								<div class="m-t-10 m-l-5">
									
								</div>
							</div>
						</div>
<div class="detail-body mt-4">                                              
<table class="table table-sm">
	<thead><tr>
		<th class="status-col">Status</th>
		<th class="timestamp-col">Timestamp</th>
		<th class="details-col">Details</th>
	</tr></thead>
	<tbody>
			<tr class="event-row">
				<td><i class="fa fa-times text-fail"></i></td>
				<td>4:57:12 PM</td>
				<td>
						Test Failed
				</td>
			</tr>
			<tr class="event-row">
				<td><i class="fa fa-times text-fail"></i></td>
				<td>4:57:12 PM</td>
				<td>
						<textarea disabled class="code-block">org.openqa.selenium.NoSuchElementException: no such element: Unable to locate element: {"method":"xpath","selector":"//li[@data-value='']"}
  (Session info: chrome=78.0.3904.70)
For documentation on this error, please visit: https://www.seleniumhq.org/exceptions/no_such_element.html
Build info: version: '3.141.59', revision: 'e82be7d358', time: '2018-11-14T08:17:03'
System info: host: 'LCASDSRMORA', ip: '192.168.0.4', os.name: 'Windows 10', os.arch: 'amd64', os.version: '10.0', java.version: '13.0.1'
Driver info: org.openqa.selenium.chrome.ChromeDriver
Capabilities {acceptInsecureCerts: false, browserName: chrome, browserVersion: 78.0.3904.70, chrome: {chromedriverVersion: 78.0.3904.70 (edb9c9f3de024..., userDataDir: C:\Users\RODRIG~1.MOR\AppDa...}, goog:chromeOptions: {debuggerAddress: localhost:61721}, javascriptEnabled: true, networkConnectionEnabled: false, pageLoadStrategy: normal, platform: XP, platformName: XP, proxy: Proxy(), setWindowRect: true, strictFileInteractability: false, timeouts: {implicit: 0, pageLoad: 300000, script: 30000}, unhandledPromptBehavior: dismiss and notify}
Session ID: 8f33fad624b99ddcb6eb92f2b848b933
*** Element info: {Using=xpath, value=//li[@data-value='']}
	at java.base/jdk.internal.reflect.NativeConstructorAccessorImpl.newInstance0(Native Method)
	at java.base/jdk.internal.reflect.NativeConstructorAccessorImpl.newInstance(NativeConstructorAccessorImpl.java:62)
	at java.base/jdk.internal.reflect.DelegatingConstructorAccessorImpl.newInstance(DelegatingConstructorAccessorImpl.java:45)
	at java.base/java.lang.reflect.Constructor.newInstanceWithCaller(Constructor.java:500)
	at java.base/java.lang.reflect.Constructor.newInstance(Constructor.java:481)
	at org.openqa.selenium.remote.http.W3CHttpResponseCodec.createException(W3CHttpResponseCodec.java:187)
	at org.openqa.selenium.remote.http.W3CHttpResponseCodec.decode(W3CHttpResponseCodec.java:122)
	at org.openqa.selenium.remote.http.W3CHttpResponseCodec.decode(W3CHttpResponseCodec.java:49)
	at org.openqa.selenium.remote.HttpCommandExecutor.execute(HttpCommandExecutor.java:158)
	at org.openqa.selenium.remote.service.DriverCommandExecutor.execute(DriverCommandExecutor.java:83)
	at org.openqa.selenium.remote.RemoteWebDriver.execute(RemoteWebDriver.java:552)
	at org.openqa.selenium.remote.RemoteWebElement.execute(RemoteWebElement.java:285)
	at org.openqa.selenium.remote.RemoteWebElement.findElement(RemoteWebElement.java:185)
	at org.openqa.selenium.remote.RemoteWebElement.findElementByXPath(RemoteWebElement.java:261)
	at org.openqa.selenium.By$ByXPath.findElement(By.java:353)
	at org.openqa.selenium.remote.RemoteWebElement.findElement(RemoteWebElement.java:181)
	at jdk.internal.reflect.GeneratedMethodAccessor3.invoke(Unknown Source)
	at java.base/jdk.internal.reflect.DelegatingMethodAccessorImpl.invoke(DelegatingMethodAccessorImpl.java:43)
	at java.base/java.lang.reflect.Method.invoke(Method.java:567)
	at org.openqa.selenium.support.pagefactory.internal.LocatingElementHandler.invoke(LocatingElementHandler.java:51)
	at com.sun.proxy.$Proxy18.findElement(Unknown Source)
	at backgroundCheck.utils.ElementUtils.selectValueFromDropdownMenu(ElementUtils.java:43)
	at backgroundCheck.utils.FlowUtils.reachAndFillInformationStg(FlowUtils.java:141)
	at backgroundCheck.utils.FlowUtils.reachStage(FlowUtils.java:42)
	at backgroundCheck.feature.e2e.TC00004_TC000016_verifyInformationPageRequiredInputs.verifyFormRequiredInputs(TC00004_TC000016_verifyInformationPageRequiredInputs.java:51)
	at java.base/jdk.internal.reflect.NativeMethodAccessorImpl.invoke0(Native Method)
	at java.base/jdk.internal.reflect.NativeMethodAccessorImpl.invoke(NativeMethodAccessorImpl.java:62)
	at java.base/jdk.internal.reflect.DelegatingMethodAccessorImpl.invoke(DelegatingMethodAccessorImpl.java:43)
	at java.base/java.lang.reflect.Method.invoke(Method.java:567)
	at org.testng.internal.MethodInvocationHelper.invokeMethod(MethodInvocationHelper.java:134)
	at org.testng.internal.TestInvoker.invokeMethod(TestInvoker.java:597)
	at org.testng.internal.TestInvoker.invokeTestMethod(TestInvoker.java:173)
	at org.testng.internal.MethodRunner.runInSequence(MethodRunner.java:46)
	at org.testng.internal.TestInvoker$MethodInvocationAgent.invoke(TestInvoker.java:816)
	at org.testng.internal.TestInvoker.invokeTestMethods(TestInvoker.java:146)
	at org.testng.internal.TestMethodWorker.invokeTestMethods(TestMethodWorker.java:146)
	at org.testng.internal.TestMethodWorker.run(TestMethodWorker.java:128)
	at java.base/java.util.ArrayList.forEach(ArrayList.java:1507)
	at org.testng.TestRunner.privateRun(TestRunner.java:766)
	at org.testng.TestRunner.run(TestRunner.java:587)
	at org.testng.SuiteRunner.runTest(SuiteRunner.java:384)
	at org.testng.SuiteRunner.runSequentially(SuiteRunner.java:378)
	at org.testng.SuiteRunner.privateRun(SuiteRunner.java:337)
	at org.testng.SuiteRunner.run(SuiteRunner.java:286)
	at org.testng.SuiteRunnerWorker.runSuite(SuiteRunnerWorker.java:53)
	at org.testng.SuiteRunnerWorker.run(SuiteRunnerWorker.java:96)
	at org.testng.TestNG.runSuitesSequentially(TestNG.java:1187)
	at org.testng.TestNG.runSuitesLocally(TestNG.java:1109)
	at org.testng.TestNG.runSuites(TestNG.java:1039)
	at org.testng.TestNG.run(TestNG.java:1007)
	at org.testng.remote.AbstractRemoteTestNG.run(AbstractRemoteTestNG.java:115)
	at org.testng.remote.RemoteTestNG.initAndRun(RemoteTestNG.java:251)
	at org.testng.remote.RemoteTestNG.main(RemoteTestNG.java:77)
</textarea>
				</td>
			</tr>
	</tbody>
</table>
</div>
<div class="detail-foot">
	<ul class="attachments">
			<img class='r-img' onerror='this.style.display="none"' data-featherlight='C:\Users\rodrigo.moran1/FAILED_TESTS_SCREENSHOTS/verifyFormRequiredInputs_1594511806785' src='C:\Users\rodrigo.moran1/FAILED_TESTS_SCREENSHOTS/verifyFormRequiredInputs_1594511806785'>
	</ul>
</div>
					</div>
				</li>
				<li class="test-item"  status="pass" test-id="13"
					author=""
					tag=""
					device="">
					<div class="status-avatar pass-bg">
						<i class="fa fa-check text-white"></i>
					</div>
					<div class="open-test">
						<div class="test-detail">
							<p class="name">verifyFormRequiredInputs_1594511835893</p>
							<p class="duration text-sm">0h 0m 24s+938ms</p>
							<span class="datetime">16:57:15 PM</span>
						</div>
					</div>
					<div class="test-contents d-none">
						<div class="detail-head">
							<div class="p-v-10 d-inline-block">
								<div class="info">
									<h5 class="test-status text-pass">verifyFormRequiredInputs_1594511835893</h5>
									<span class='badge badge-success'>07.11.2020 16:57:15</span>
									<span class='badge badge-danger'>07.11.2020 16:57:40</span>
									<span class='badge badge-default'>0h 0m 24s+938ms</span>
								</div>
								<div class="m-t-10 m-l-5">
									
								</div>
							</div>
						</div>
<div class="detail-body mt-4">                                              
<table class="table table-sm">
	<thead><tr>
		<th class="status-col">Status</th>
		<th class="timestamp-col">Timestamp</th>
		<th class="details-col">Details</th>
	</tr></thead>
	<tbody>
			<tr class="event-row">
				<td><i class="fa fa-check text-pass"></i></td>
				<td>4:57:40 PM</td>
				<td>
						Test Passed
				</td>
			</tr>
	</tbody>
</table>
</div>
					</div>
				</li>
			</ul>
		</div>
	</div>
	<div class="test-content scrollable">
		<div class="test-content-tools">
			<ul>
				<li>
					<a class="back-to-test" href="javascript:void(0)">
					<i class="fa fa-arrow-left"></i>
					</a>
				</li>
			</ul>
		</div>
		<div class="test-content-detail">
			<div class="detail-body"></div>
		</div>
	</div>
</div><div class="test-wrapper row exception-view attributes-view">
	<div class="test-list">
		<div class="test-list-tools">
			<ul class="tools pull-left">
				<li>
					<a href="">
					<span class="font-size-14">Exception</span>
					</a>
				</li>
			</ul>
			<ul class="tools text-right">
				<li>
					<a href="#">
					<span class="badge badge-primary">2</span>
					</a>
				</li>
			</ul>
		</div>
		<div class="test-list-wrapper scrollable">
			<ul class="test-list-item">
				<li class="test-item">
					<div class="open-test">
						<div class="test-detail">
							<p class="name">org.openqa.selenium.NoSuchElementException</p>
							<p class="duration text-sm">5 tests</p>
						</div>
					</div>
					<div class="test-contents d-none">
						<div class="info">
							<h4>org.openqa.selenium.NoSuchElementException</h4>
						</div>
						<table class='table table-sm mt-4'>
							<thead>
								<tr>
									<th class="status-col">Status</th>
									<th class="timestamp-col">Timestamp</th>
									<th>TestName</th>
								</tr>
							</thead>
							<tbody>
								<tr>
									<td>
										<div class='status-avatar fail-bg'>
											<i class="fa fa-times text-white"></i>
										</div>
									</td>
									<td>16:54:04 PM</td>
									<td class='linked' test-id='4'>
										verifyFormRequiredInputs_1594511644946
									</td>
								</tr>
								<tr>
									<td>
										<div class='status-avatar fail-bg'>
											<i class="fa fa-times text-white"></i>
										</div>
									</td>
									<td>16:54:22 PM</td>
									<td class='linked' test-id='5'>
										verifyFormRequiredInputs_1594511662646
									</td>
								</tr>
								<tr>
									<td>
										<div class='status-avatar fail-bg'>
											<i class="fa fa-times text-white"></i>
										</div>
									</td>
									<td>16:54:37 PM</td>
									<td class='linked' test-id='6'>
										verifyFormRequiredInputs_1594511677807
									</td>
								</tr>
								<tr>
									<td>
										<div class='status-avatar fail-bg'>
											<i class="fa fa-times text-white"></i>
										</div>
									</td>
									<td>16:54:57 PM</td>
									<td class='linked' test-id='7'>
										verifyFormRequiredInputs_1594511697581
									</td>
								</tr>
								<tr>
									<td>
										<div class='status-avatar fail-bg'>
											<i class="fa fa-times text-white"></i>
										</div>
									</td>
									<td>16:56:46 PM</td>
									<td class='linked' test-id='12'>
										verifyFormRequiredInputs_1594511806785
									</td>
								</tr>
							</tbody>
						</table>
					</div>
				</li>
				<li class="test-item">
					<div class="open-test">
						<div class="test-detail">
							<p class="name">java.lang.StringIndexOutOfBoundsException</p>
							<p class="duration text-sm">1 tests</p>
						</div>
					</div>
					<div class="test-contents d-none">
						<div class="info">
							<h4>java.lang.StringIndexOutOfBoundsException</h4>
						</div>
						<table class='table table-sm mt-4'>
							<thead>
								<tr>
									<th class="status-col">Status</th>
									<th class="timestamp-col">Timestamp</th>
									<th>TestName</th>
								</tr>
							</thead>
							<tbody>
								<tr>
									<td>
										<div class='status-avatar fail-bg'>
											<i class="fa fa-times text-white"></i>
										</div>
									</td>
									<td>16:55:19 PM</td>
									<td class='linked' test-id='8'>
										verifyFormRequiredInputs_1594511719715
									</td>
								</tr>
							</tbody>
						</table>
					</div>
				</li>
			</ul>
		</div>
	</div>
	<div class="test-content scrollable">
		<div class="test-content-tools">
			<ul>
				<li>
					<a class="back-to-test" href="javascript:void(0)">
					<i class="fa fa-arrow-left"></i>
					</a>
				</li>
			</ul>
		</div>
		<div class="test-content-detail">
			<div class="detail-body"></div>
		</div>
	</div>
</div>                    <!-- dashboard -->
<div class="container-fluid p-4 dashboard-view">
	<div class="row">
		<div class="col-md-6">
			<div class="card">
				<div class="card-header">
					<h6 class="card-title">Tests</h6>
				</div>
				<div class="card-body">
					<div class="">
						<canvas id='parent-analysis' width='115' height='90'></canvas>
					</div>
				</div>
				<div class="card-footer">
					<div><small data-tooltip='53.846%'>
						<b>7</b> tests passed
						</small>
					</div>
					<div>
						<small data-tooltip='46.154%'><b>6</b> tests failed, 
						<b>0</b> skipped, <b data-tooltip='0%'>0</b> others
						</small>
					</div>
				</div>
			</div>
		</div>
		<div class="col-md-6">
			<div class="card">
				<div class="card-header">
					<h6 class="card-title">Log events</h6>
				</div>
				<div class="card-body">
					<div class="">
						<canvas id='events-analysis' width='115' height='90'></canvas>
					</div>
				</div>
				<div class="card-footer">
					<div><small data-tooltip='36.842%'><b>7</b> events passed</small></div>
					<div>
						<small data-tooltip='63.158%'><b>12</b> events failed, 
						<b data-tooltip='0%'>0</b> others
						</small>
					</div>
				</div>
			</div>
		</div>
	</div>
	<div class="row">
		<div class="col-md-3">
			<div class="card">
				<div class="card-body box-height-150">
					<div class="media justify-content-between">
						<div class="card-header">
							<h6 class="card-title">Tests</h6>
							<h2 class="font-size-28 font-weight-light mt-3">13</h2>
							<span class="text-semibold text-success font-size-15">
							<i class="ti-arrow-up font-size-11"></i> 
							<span>53.85%</span>
							</span>
						</div>
						<div class="align-self-end">
							<i class="fa fa-align-left font-size-70 opacity-01"></i>
						</div>
					</div>
				</div>
			</div>
		</div>
		<div class="col-md-3">
			<div class="card">
				<div class="card-body box-height-150">
					<div class="media justify-content-between">
						<div class="card-header">
							<h6 class="card-title">Start</h6>
							<h4 class="font-weight-light mt-4">Jul 11, 2020 04:52:37 PM</h4>
							<span class="text-semibold text-success font-size-15">
						</div>
						<div class="align-self-end">
							<i class="fa fa-clock-o font-size-70 text-success opacity-01"></i>
						</div>
					</div>
				</div>
			</div>
		</div>
		<div class="col-md-3">
			<div class="card">
				<div class="card-body box-height-150">
					<div class="media justify-content-between">
						<div class="card-header">
							<h6 class="card-title">Duration</h6>
							<h4 class="font-weight-light mt-4">0h 5m 3s+658ms</h4>
							<span class="text-semibold font-size-15">
						</div>
						<div class="align-self-end">
							<i class="fa fa-clock-o font-size-70 opacity-01"></i>
						</div>
					</div>
				</div>
			</div>
		</div>
	</div>
	<div class="row">
		<div class="col-md-12">
			<div class="card">
				<div class="card-header">
					<h6 class="card-title">Timeline</h6>
				</div>
				<div class="card-body">
					<div class="">
						<canvas id="timeline" height="120"></canvas>
					</div>
				</div>
			</div>
		</div>
	</div>
	<div class="row">
		<div class="col-md-4">
			<div class="card">
				<div class="card-header">
					<h6 class="card-title">Environment</h6>
				</div>
				<div class="table-overflow">
					<table class="table table-sm">
						<thead>
							<tr class="bg-gray">
								<th>Name</th>
								<th>Value</th>
							</tr>
						</thead>
						<tbody>
							<tr>
								<td>Tester</td>
								<td>rodrigo.moran1</td>
							</tr>
						</tbody>
					</table>
				</div>
			</div>
		</div>
	</div>
</div>
<script>
	var statusGroup = {
	    parentCount: 13,
		passParent: 7,
		failParent: 6,
		fatalParent: 0,
		errorParent: 0,
		warningParent: 0,
		skipParent: 0,
		exceptionsParent: 6,
		childCount: 0,
		passChild: 0,
		failChild: 0,
		fatalChild: 0,
		errorChild: 0,
		warningChild: 0,
		skipChild: 0,
		infoChild: 0,
		debugChild: 0,
		exceptionsChild: 0,
		grandChildCount: 0,
		passGrandChild: 0,
		failGrandChild: 0,
		fatalGrandChild: 0,
		errorGrandChild: 0,
		warningGrandChild: 0,
		skipGrandChild: 0,
		infoGrandChild: 0,
		debugGrandChild: 0,
		exceptionsGrandChild: 0,
		eventsCount: 19,
		passEvents: 7,
		failEvents: 12,
		fatalEvents: 0,
		errorEvents: 0,
		warningEvents: 0,
		skipEvents: 0,
		infoEvents: 0,
		debugEvents: 0,
		exceptionsEvents: 0
	};
</script>
<script>
	var timeline = {
	        "verifyFormRequiredInputs_1594511561079":25.163,"verifyFormRequiredInputs_1594511589139":25.127,"verifyFormRequiredInputs_1594511617064":25.115,"verifyFormRequiredInputs_1594511644946":14.504,"verifyFormRequiredInputs_1594511662646":12.096,"verifyFormRequiredInputs_1594511677807":16.627,"verifyFormRequiredInputs_1594511697581":18.948,"verifyFormRequiredInputs_1594511719715":0.004,"verifyFormRequiredInputs_1594511722716":25.443,"verifyFormRequiredInputs_1594511751081":25.046,"verifyFormRequiredInputs_1594511778935":25.075,"verifyFormRequiredInputs_1594511806785":25.878,"verifyFormRequiredInputs_1594511835893":24.938
	};
</script>
                </div>
            </div>
        </div>
    </div>
    <script src="https://cdn.jsdelivr.net/gh/extent-framework/extent-github-cdn@ac7abbc71b4bb073da00153a5a3fdbcfe0c95e2a/spark/js/spark-script.js"></script>
<script type="text/javascript">


</script></body>
</html>