<!DOCTYPE html>

<html>
  <head>
  <meta charset='utf-8'>
  <title>TestNG reports</title>

    <link type="text/css" href="testng-reports.css" rel="stylesheet" />
    <script type="text/javascript" src="jquery-3.4.1.min.js"></script>
    <script type="text/javascript" src="testng-reports.js"></script>
    <script type="text/javascript" src="https://www.google.com/jsapi"></script>
    <script type='text/javascript'>
      google.load('visualization', '1', {packages:['table']});
      google.setOnLoadCallback(drawTable);
      var suiteTableInitFunctions = new Array();
      var suiteTableData = new Array();
    </script>
    <!--
      <script type="text/javascript" src="jquery-ui/js/jquery-ui-1.8.16.custom.min.js"></script>
     -->
  </head>

  <body>
    <div class="top-banner-root">
      <span class="top-banner-title-font">Test results</span>
      <br/>
      <span class="top-banner-font-1">1 suite, 6 failed tests</span>
    </div> <!-- top-banner-root -->
    <div class="navigator-root">
      <div class="navigator-suite-header">
        <span>All suites</span>
        <a href="#" title="Collapse/expand all the suites" class="collapse-all-link">
          <img src="collapseall.gif" class="collapse-all-icon">
          </img> <!-- collapse-all-icon -->
        </a> <!-- collapse-all-link -->
      </div> <!-- navigator-suite-header -->
      <div class="suite">
        <div class="rounded-window">
          <div class="suite-header light-rounded-window-top">
            <a href="#" panel-name="suite-Default_suite" class="navigator-link">
              <span class="suite-name border-failed">Default suite</span>
            </a> <!-- navigator-link -->
          </div> <!-- suite-header light-rounded-window-top -->
          <div class="navigator-suite-content">
            <div class="suite-section-title">
              <span>Info</span>
            </div> <!-- suite-section-title -->
            <div class="suite-section-content">
              <ul>
                <li>
                  <a href="#" panel-name="test-xml-Default_suite" class="navigator-link ">
                    <span>C:\Users\rodrigo.moran1\AppData\Local\Temp\testng-eclipse--1526604985\testng-customsuite.xml</span>
                  </a> <!-- navigator-link  -->
                </li>
                <li>
                  <a href="#" panel-name="testlist-Default_suite" class="navigator-link ">
                    <span class="test-stats">1 test</span>
                  </a> <!-- navigator-link  -->
                </li>
                <li>
                  <a href="#" panel-name="group-Default_suite" class="navigator-link ">
                    <span>3 groups</span>
                  </a> <!-- navigator-link  -->
                </li>
                <li>
                  <a href="#" panel-name="times-Default_suite" class="navigator-link ">
                    <span>Times</span>
                  </a> <!-- navigator-link  -->
                </li>
                <li>
                  <a href="#" panel-name="reporter-Default_suite" class="navigator-link ">
                    <span>Reporter output</span>
                  </a> <!-- navigator-link  -->
                </li>
                <li>
                  <a href="#" panel-name="ignored-methods-Default_suite" class="navigator-link ">
                    <span>Ignored methods</span>
                  </a> <!-- navigator-link  -->
                </li>
                <li>
                  <a href="#" panel-name="chronological-Default_suite" class="navigator-link ">
                    <span>Chronological view</span>
                  </a> <!-- navigator-link  -->
                </li>
              </ul>
            </div> <!-- suite-section-content -->
            <div class="result-section">
              <div class="suite-section-title">
                <span>Results</span>
              </div> <!-- suite-section-title -->
              <div class="suite-section-content">
                <ul>
                  <li>
                    <span class="method-stats">13 methods, 6 failed,   7 passed</span>
                  </li>
                  <li>
                    <span class="method-list-title failed">Failed methods</span>
                    <span class="show-or-hide-methods failed">
                      <a href="#" panel-name="suite-Default_suite" class="hide-methods failed suite-Default_suite"> (hide)</a> <!-- hide-methods failed suite-Default_suite -->
                      <a href="#" panel-name="suite-Default_suite" class="show-methods failed suite-Default_suite"> (show)</a> <!-- show-methods failed suite-Default_suite -->
                    </span>
                    <div class="method-list-content failed suite-Default_suite">
                      <span>
                        <img src="failed.png" width="3%"/>
                        <a href="#" panel-name="suite-Default_suite" title="backgroundCheck.feature.e2e.TC00004_TC000016_verifyInformationPageRequiredInputs" class="method navigator-link" hash-for-method="verifyFormRequiredInputs(TC_00011, INFORMATION, Rodrigo, Moran, Gustavo, true, 24, 8, 1990, M, , 12345, rodrotck@gmail.com, 1...)">verifyFormRequiredInputs(TC_00011, INFORMATION, Rodrigo, Moran, Gustavo, true, 24, 8, 1990, M, , 12345, rodrotck@gmail.com, 1...)</a> <!-- method navigator-link -->
                      </span>
                      <br/>
                      <span>
                        <img src="failed.png" width="3%"/>
                        <a href="#" panel-name="suite-Default_suite" title="backgroundCheck.feature.e2e.TC00004_TC000016_verifyInformationPageRequiredInputs" class="method navigator-link" hash-for-method="verifyFormRequiredInputs(TC_00010, INFORMATION, Rodrigo, Moran, Gustavo, true, 24, 8, 1990, , 111111111, 12345, rodrotck@gmai...)">verifyFormRequiredInputs(TC_00010, INFORMATION, Rodrigo, Moran, Gustavo, true, 24, 8, 1990, , 111111111, 12345, rodrotck@gmai...)</a> <!-- method navigator-link -->
                      </span>
                      <br/>
                      <span>
                        <img src="failed.png" width="3%"/>
                        <a href="#" panel-name="suite-Default_suite" title="backgroundCheck.feature.e2e.TC00004_TC000016_verifyInformationPageRequiredInputs" class="method navigator-link" hash-for-method="verifyFormRequiredInputs(TC_00009, INFORMATION, Rodrigo, Moran, Gustavo, true, 24, 8, , M, 111111111, 12345, rodrotck@gmail.c...)">verifyFormRequiredInputs(TC_00009, INFORMATION, Rodrigo, Moran, Gustavo, true, 24, 8, , M, 111111111, 12345, rodrotck@gmail.c...)</a> <!-- method navigator-link -->
                      </span>
                      <br/>
                      <span>
                        <img src="failed.png" width="3%"/>
                        <a href="#" panel-name="suite-Default_suite" title="backgroundCheck.feature.e2e.TC00004_TC000016_verifyInformationPageRequiredInputs" class="method navigator-link" hash-for-method="verifyFormRequiredInputs(TC_00008, INFORMATION, Rodrigo, Moran, Gustavo, true, 24, , 1990, M, 111111111, 12345, rodrotck@gmai...)">verifyFormRequiredInputs(TC_00008, INFORMATION, Rodrigo, Moran, Gustavo, true, 24, , 1990, M, 111111111, 12345, rodrotck@gmai...)</a> <!-- method navigator-link -->
                      </span>
                      <br/>
                      <span>
                        <img src="failed.png" width="3%"/>
                        <a href="#" panel-name="suite-Default_suite" title="backgroundCheck.feature.e2e.TC00004_TC000016_verifyInformationPageRequiredInputs" class="method navigator-link" hash-for-method="verifyFormRequiredInputs(TC_00015, INFORMATION, Rodrigo, Moran, Gustavo, true, 24, 8, 1990, M, 111111111, 12345, rodrotck@gma...)">verifyFormRequiredInputs(TC_00015, INFORMATION, Rodrigo, Moran, Gustavo, true, 24, 8, 1990, M, 111111111, 12345, rodrotck@gma...)</a> <!-- method navigator-link -->
                      </span>
                      <br/>
                      <span>
                        <img src="failed.png" width="3%"/>
                        <a href="#" panel-name="suite-Default_suite" title="backgroundCheck.feature.e2e.TC00004_TC000016_verifyInformationPageRequiredInputs" class="method navigator-link" hash-for-method="verifyFormRequiredInputs(TC_00007, INFORMATION, Rodrigo, Moran, Gustavo, true, , 8, 1990, M, 111111111, 12345, rodrotck@gmail...)">verifyFormRequiredInputs(TC_00007, INFORMATION, Rodrigo, Moran, Gustavo, true, , 8, 1990, M, 111111111, 12345, rodrotck@gmail...)</a> <!-- method navigator-link -->
                      </span>
                      <br/>
                    </div> <!-- method-list-content failed suite-Default_suite -->
                  </li>
                  <li>
                    <span class="method-list-title passed">Passed methods</span>
                    <span class="show-or-hide-methods passed">
                      <a href="#" panel-name="suite-Default_suite" class="hide-methods passed suite-Default_suite"> (hide)</a> <!-- hide-methods passed suite-Default_suite -->
                      <a href="#" panel-name="suite-Default_suite" class="show-methods passed suite-Default_suite"> (show)</a> <!-- show-methods passed suite-Default_suite -->
                    </span>
                    <div class="method-list-content passed suite-Default_suite">
                      <span>
                        <img src="passed.png" width="3%"/>
                        <a href="#" panel-name="suite-Default_suite" title="backgroundCheck.feature.e2e.TC00004_TC000016_verifyInformationPageRequiredInputs" class="method navigator-link" hash-for-method="verifyFormRequiredInputs(TC_00013, INFORMATION, Rodrigo, Moran, Gustavo, true, 24, 8, 1990, M, 111111111, 12345, , 1234567890...)">verifyFormRequiredInputs(TC_00013, INFORMATION, Rodrigo, Moran, Gustavo, true, 24, 8, 1990, M, 111111111, 12345, , 1234567890...)</a> <!-- method navigator-link -->
                      </span>
                      <br/>
                      <span>
                        <img src="passed.png" width="3%"/>
                        <a href="#" panel-name="suite-Default_suite" title="backgroundCheck.feature.e2e.TC00004_TC000016_verifyInformationPageRequiredInputs" class="method navigator-link" hash-for-method="verifyFormRequiredInputs(TC_00005, INFORMATION, Ayleen, , , false, 1, 1, 1988, F, 111111111, 12345, ayleen@turning.io, 123456...)">verifyFormRequiredInputs(TC_00005, INFORMATION, Ayleen, , , false, 1, 1, 1988, F, 111111111, 12345, ayleen@turning.io, 123456...)</a> <!-- method navigator-link -->
                      </span>
                      <br/>
                      <span>
                        <img src="passed.png" width="3%"/>
                        <a href="#" panel-name="suite-Default_suite" title="backgroundCheck.feature.e2e.TC00004_TC000016_verifyInformationPageRequiredInputs" class="method navigator-link" hash-for-method="verifyFormRequiredInputs(TC_00006, INFORMATION, Jose, Vazquez, , TRUE, 15, 10, 1985, M, 111111111, 12345, jobs@turning.io, 12...)">verifyFormRequiredInputs(TC_00006, INFORMATION, Jose, Vazquez, , TRUE, 15, 10, 1985, M, 111111111, 12345, jobs@turning.io, 12...)</a> <!-- method navigator-link -->
                      </span>
                      <br/>
                      <span>
                        <img src="passed.png" width="3%"/>
                        <a href="#" panel-name="suite-Default_suite" title="backgroundCheck.feature.e2e.TC00004_TC000016_verifyInformationPageRequiredInputs" class="method navigator-link" hash-for-method="verifyFormRequiredInputs(TC_00012, INFORMATION, Rodrigo, Moran, Gustavo, true, 24, 8, 1990, M, 111111111, , rodrotck@gmail.co...)">verifyFormRequiredInputs(TC_00012, INFORMATION, Rodrigo, Moran, Gustavo, true, 24, 8, 1990, M, 111111111, , rodrotck@gmail.co...)</a> <!-- method navigator-link -->
                      </span>
                      <br/>
                      <span>
                        <img src="passed.png" width="3%"/>
                        <a href="#" panel-name="suite-Default_suite" title="backgroundCheck.feature.e2e.TC00004_TC000016_verifyInformationPageRequiredInputs" class="method navigator-link" hash-for-method="verifyFormRequiredInputs(TC_00004, INFORMATION, , Moran, Gustavo, true, 24, 8, 1990, M, 111111111, 12345, rodrotck@gmail.com,...)">verifyFormRequiredInputs(TC_00004, INFORMATION, , Moran, Gustavo, true, 24, 8, 1990, M, 111111111, 12345, rodrotck@gmail.com,...)</a> <!-- method navigator-link -->
                      </span>
                      <br/>
                      <span>
                        <img src="passed.png" width="3%"/>
                        <a href="#" panel-name="suite-Default_suite" title="backgroundCheck.feature.e2e.TC00004_TC000016_verifyInformationPageRequiredInputs" class="method navigator-link" hash-for-method="verifyFormRequiredInputs(TC_00016, INFORMATION, Rodrigo, Moran, Gustavo, true, 24, 8, 1990, M, 111111111, 12345, rodrotck@gma...)">verifyFormRequiredInputs(TC_00016, INFORMATION, Rodrigo, Moran, Gustavo, true, 24, 8, 1990, M, 111111111, 12345, rodrotck@gma...)</a> <!-- method navigator-link -->
                      </span>
                      <br/>
                      <span>
                        <img src="passed.png" width="3%"/>
                        <a href="#" panel-name="suite-Default_suite" title="backgroundCheck.feature.e2e.TC00004_TC000016_verifyInformationPageRequiredInputs" class="method navigator-link" hash-for-method="verifyFormRequiredInputs(TC_00014, INFORMATION, Rodrigo, Moran, Gustavo, true, 24, 8, 1990, M, 111111111, 12345, rodrotck@gma...)">verifyFormRequiredInputs(TC_00014, INFORMATION, Rodrigo, Moran, Gustavo, true, 24, 8, 1990, M, 111111111, 12345, rodrotck@gma...)</a> <!-- method navigator-link -->
                      </span>
                      <br/>
                    </div> <!-- method-list-content passed suite-Default_suite -->
                  </li>
                </ul>
              </div> <!-- suite-section-content -->
            </div> <!-- result-section -->
          </div> <!-- navigator-suite-content -->
        </div> <!-- rounded-window -->
      </div> <!-- suite -->
    </div> <!-- navigator-root -->
    <div class="wrapper">
      <div class="main-panel-root">
        <div panel-name="suite-Default_suite" class="panel Default_suite">
          <div class="suite-Default_suite-class-failed">
            <div class="main-panel-header rounded-window-top">
              <img src="failed.png"/>
              <span class="class-name">backgroundCheck.feature.e2e.TC00004_TC000016_verifyInformationPageRequiredInputs</span>
            </div> <!-- main-panel-header rounded-window-top -->
            <div class="main-panel-content rounded-window-bottom">
              <div class="method">
                <div class="method-content">
                  <a name="verifyFormRequiredInputs(TC_00011, INFORMATION, Rodrigo, Moran, Gustavo, true, 24, 8, 1990, M, , 12345, rodrotck@gmail.com, 1...)">
                  </a> <!-- verifyFormRequiredInputs(TC_00011, INFORMATION, Rodrigo, Moran, Gustavo, true, 24, 8, 1990, M, , 12345, rodrotck@gmail.com, 1...) -->
                  <span class="method-name">verifyFormRequiredInputs</span>
                  <span class="parameters">(TC_00011, INFORMATION, Rodrigo, Moran, Gustavo, true, 24, 8, 1990, M, , 12345, rodrotck@gmail.com, 1234567890, TX, 12345678)</span>
                  <div class="stack-trace">java.lang.StringIndexOutOfBoundsException: begin 0, end 3, length 0
	at java.base/java.lang.String.checkBoundsBeginEnd(String.java:3720)
	at java.base/java.lang.String.substring(String.java:1909)
	at backgroundCheck.pojo.InformationFormData.formatSSN(InformationFormData.java:113)
	at backgroundCheck.pojo.InformationFormData.&lt;init&gt;(InformationFormData.java:18)
	at backgroundCheck.feature.e2e.TC00004_TC000016_verifyInformationPageRequiredInputs.verifyFormRequiredInputs(TC00004_TC000016_verifyInformationPageRequiredInputs.java:47)
	at java.base/jdk.internal.reflect.NativeMethodAccessorImpl.invoke0(Native Method)
	at java.base/jdk.internal.reflect.NativeMethodAccessorImpl.invoke(NativeMethodAccessorImpl.java:62)
	at java.base/jdk.internal.reflect.DelegatingMethodAccessorImpl.invoke(DelegatingMethodAccessorImpl.java:43)
	at java.base/java.lang.reflect.Method.invoke(Method.java:567)
	at org.testng.internal.MethodInvocationHelper.invokeMethod(MethodInvocationHelper.java:134)
	at org.testng.internal.TestInvoker.invokeMethod(TestInvoker.java:597)
	at org.testng.internal.TestInvoker.invokeTestMethod(TestInvoker.java:173)
	at org.testng.internal.MethodRunner.runInSequence(MethodRunner.java:46)
	at org.testng.internal.TestInvoker$MethodInvocationAgent.invoke(TestInvoker.java:816)
	at org.testng.internal.TestInvoker.invokeTestMethods(TestInvoker.java:146)
	at org.testng.internal.TestMethodWorker.invokeTestMethods(TestMethodWorker.java:146)
	at org.testng.internal.TestMethodWorker.run(TestMethodWorker.java:128)
	at java.base/java.util.ArrayList.forEach(ArrayList.java:1507)
	at org.testng.TestRunner.privateRun(TestRunner.java:766)
	at org.testng.TestRunner.run(TestRunner.java:587)
	at org.testng.SuiteRunner.runTest(SuiteRunner.java:384)
	at org.testng.SuiteRunner.runSequentially(SuiteRunner.java:378)
	at org.testng.SuiteRunner.privateRun(SuiteRunner.java:337)
	at org.testng.SuiteRunner.run(SuiteRunner.java:286)
	at org.testng.SuiteRunnerWorker.runSuite(SuiteRunnerWorker.java:53)
	at org.testng.SuiteRunnerWorker.run(SuiteRunnerWorker.java:96)
	at org.testng.TestNG.runSuitesSequentially(TestNG.java:1187)
	at org.testng.TestNG.runSuitesLocally(TestNG.java:1109)
	at org.testng.TestNG.runSuites(TestNG.java:1039)
	at org.testng.TestNG.run(TestNG.java:1007)
	at org.testng.remote.AbstractRemoteTestNG.run(AbstractRemoteTestNG.java:115)
	at org.testng.remote.RemoteTestNG.initAndRun(RemoteTestNG.java:251)
	at org.testng.remote.RemoteTestNG.main(RemoteTestNG.java:77)

</div> <!-- stack-trace -->
                </div> <!-- method-content -->
              </div> <!-- method -->
              <div class="method">
                <div class="method-content">
                  <a name="verifyFormRequiredInputs(TC_00010, INFORMATION, Rodrigo, Moran, Gustavo, true, 24, 8, 1990, , 111111111, 12345, rodrotck@gmai...)">
                  </a> <!-- verifyFormRequiredInputs(TC_00010, INFORMATION, Rodrigo, Moran, Gustavo, true, 24, 8, 1990, , 111111111, 12345, rodrotck@gmai...) -->
                  <span class="method-name">verifyFormRequiredInputs</span>
                  <span class="parameters">(TC_00010, INFORMATION, Rodrigo, Moran, Gustavo, true, 24, 8, 1990, , 111111111, 12345, rodrotck@gmail.com, 1234567890, TX, 12345678)</span>
                  <div class="stack-trace">org.openqa.selenium.NoSuchElementException: no such element: Unable to locate element: {&quot;method&quot;:&quot;xpath&quot;,&quot;selector&quot;:&quot;//li[@data-value=&apos;&apos;]&quot;}
  (Session info: chrome=78.0.3904.70)
For documentation on this error, please visit: https://www.seleniumhq.org/exceptions/no_such_element.html
Build info: version: &apos;3.141.59&apos;, revision: &apos;e82be7d358&apos;, time: &apos;2018-11-14T08:17:03&apos;
System info: host: &apos;LCASDSRMORA&apos;, ip: &apos;192.168.0.4&apos;, os.name: &apos;Windows 10&apos;, os.arch: &apos;amd64&apos;, os.version: &apos;10.0&apos;, java.version: &apos;13.0.1&apos;
Driver info: org.openqa.selenium.chrome.ChromeDriver
Capabilities {acceptInsecureCerts: false, browserName: chrome, browserVersion: 78.0.3904.70, chrome: {chromedriverVersion: 78.0.3904.70 (edb9c9f3de024..., userDataDir: C:\Users\RODRIG~1.MOR\AppDa...}, goog:chromeOptions: {debuggerAddress: localhost:61441}, javascriptEnabled: true, networkConnectionEnabled: false, pageLoadStrategy: normal, platform: XP, platformName: XP, proxy: Proxy(), setWindowRect: true, strictFileInteractability: false, timeouts: {implicit: 0, pageLoad: 300000, script: 30000}, unhandledPromptBehavior: dismiss and notify}
Session ID: 22a03d9ba1ecfd18e099720b6e6cfc8a
*** Element info: {Using=xpath, value=//li[@data-value=&apos;&apos;]}
	at java.base/jdk.internal.reflect.NativeConstructorAccessorImpl.newInstance0(Native Method)
	at java.base/jdk.internal.reflect.NativeConstructorAccessorImpl.newInstance(NativeConstructorAccessorImpl.java:62)
	at java.base/jdk.internal.reflect.DelegatingConstructorAccessorImpl.newInstance(DelegatingConstructorAccessorImpl.java:45)
	at java.base/java.lang.reflect.Constructor.newInstanceWithCaller(Constructor.java:500)
	at java.base/java.lang.reflect.Constructor.newInstance(Constructor.java:481)
	at org.openqa.selenium.remote.http.W3CHttpResponseCodec.createException(W3CHttpResponseCodec.java:187)
	at org.openqa.selenium.remote.http.W3CHttpResponseCodec.decode(W3CHttpResponseCodec.java:122)
	at org.openqa.selenium.remote.http.W3CHttpResponseCodec.decode(W3CHttpResponseCodec.java:49)
	at org.openqa.selenium.remote.HttpCommandExecutor.execute(HttpCommandExecutor.java:158)
	at org.openqa.selenium.remote.service.DriverCommandExecutor.execute(DriverCommandExecutor.java:83)
	at org.openqa.selenium.remote.RemoteWebDriver.execute(RemoteWebDriver.java:552)
	at org.openqa.selenium.remote.RemoteWebElement.execute(RemoteWebElement.java:285)
	at org.openqa.selenium.remote.RemoteWebElement.findElement(RemoteWebElement.java:185)
	at org.openqa.selenium.remote.RemoteWebElement.findElementByXPath(RemoteWebElement.java:261)
	at org.openqa.selenium.By$ByXPath.findElement(By.java:353)
	at org.openqa.selenium.remote.RemoteWebElement.findElement(RemoteWebElement.java:181)
	at jdk.internal.reflect.GeneratedMethodAccessor3.invoke(Unknown Source)
	at java.base/jdk.internal.reflect.DelegatingMethodAccessorImpl.invoke(DelegatingMethodAccessorImpl.java:43)
	at java.base/java.lang.reflect.Method.invoke(Method.java:567)
	at org.openqa.selenium.support.pagefactory.internal.LocatingElementHandler.invoke(LocatingElementHandler.java:51)
	at com.sun.proxy.$Proxy18.findElement(Unknown Source)
	at backgroundCheck.utils.ElementUtils.selectValueFromDropdownMenu(ElementUtils.java:43)
	at backgroundCheck.utils.FlowUtils.reachAndFillInformationStg(FlowUtils.java:129)
	at backgroundCheck.utils.FlowUtils.reachStage(FlowUtils.java:42)
	at backgroundCheck.feature.e2e.TC00004_TC000016_verifyInformationPageRequiredInputs.verifyFormRequiredInputs(TC00004_TC000016_verifyInformationPageRequiredInputs.java:51)
	at java.base/jdk.internal.reflect.NativeMethodAccessorImpl.invoke0(Native Method)
	at java.base/jdk.internal.reflect.NativeMethodAccessorImpl.invoke(NativeMethodAccessorImpl.java:62)
	at java.base/jdk.internal.reflect.DelegatingMethodAccessorImpl.invoke(DelegatingMethodAccessorImpl.java:43)
	at java.base/java.lang.reflect.Method.invoke(Method.java:567)
	at org.testng.internal.MethodInvocationHelper.invokeMethod(MethodInvocationHelper.java:134)
	at org.testng.internal.TestInvoker.invokeMethod(TestInvoker.java:597)
	at org.testng.internal.TestInvoker.invokeTestMethod(TestInvoker.java:173)
	at org.testng.internal.MethodRunner.runInSequence(MethodRunner.java:46)
	at org.testng.internal.TestInvoker$MethodInvocationAgent.invoke(TestInvoker.java:816)
	at org.testng.internal.TestInvoker.invokeTestMethods(TestInvoker.java:146)
	at org.testng.internal.TestMethodWorker.invokeTestMethods(TestMethodWorker.java:146)
	at org.testng.internal.TestMethodWorker.run(TestMethodWorker.java:128)
	at java.base/java.util.ArrayList.forEach(ArrayList.java:1507)
	at org.testng.TestRunner.privateRun(TestRunner.java:766)
	at org.testng.TestRunner.run(TestRunner.java:587)
	at org.testng.SuiteRunner.runTest(SuiteRunner.java:384)
	at org.testng.SuiteRunner.runSequentially(SuiteRunner.java:378)
	at org.testng.SuiteRunner.privateRun(SuiteRunner.java:337)
	at org.testng.SuiteRunner.run(SuiteRunner.java:286)
	at org.testng.SuiteRunnerWorker.runSuite(SuiteRunnerWorker.java:53)
	at org.testng.SuiteRunnerWorker.run(SuiteRunnerWorker.java:96)
	at org.testng.TestNG.runSuitesSequentially(TestNG.java:1187)
	at org.testng.TestNG.runSuitesLocally(TestNG.java:1109)
	at org.testng.TestNG.runSuites(TestNG.java:1039)
	at org.testng.TestNG.run(TestNG.java:1007)
	at org.testng.remote.AbstractRemoteTestNG.run(AbstractRemoteTestNG.java:115)
	at org.testng.remote.RemoteTestNG.initAndRun(RemoteTestNG.java:251)
	at org.testng.remote.RemoteTestNG.main(RemoteTestNG.java:77)

</div> <!-- stack-trace -->
                </div> <!-- method-content -->
              </div> <!-- method -->
              <div class="method">
                <div class="method-content">
                  <a name="verifyFormRequiredInputs(TC_00009, INFORMATION, Rodrigo, Moran, Gustavo, true, 24, 8, , M, 111111111, 12345, rodrotck@gmail.c...)">
                  </a> <!-- verifyFormRequiredInputs(TC_00009, INFORMATION, Rodrigo, Moran, Gustavo, true, 24, 8, , M, 111111111, 12345, rodrotck@gmail.c...) -->
                  <span class="method-name">verifyFormRequiredInputs</span>
                  <span class="parameters">(TC_00009, INFORMATION, Rodrigo, Moran, Gustavo, true, 24, 8, , M, 111111111, 12345, rodrotck@gmail.com, 1234567890, TX, 12345678)</span>
                  <div class="stack-trace">org.openqa.selenium.NoSuchElementException: no such element: Unable to locate element: {&quot;method&quot;:&quot;xpath&quot;,&quot;selector&quot;:&quot;//li[@data-value=&apos;&apos;]&quot;}
  (Session info: chrome=78.0.3904.70)
For documentation on this error, please visit: https://www.seleniumhq.org/exceptions/no_such_element.html
Build info: version: &apos;3.141.59&apos;, revision: &apos;e82be7d358&apos;, time: &apos;2018-11-14T08:17:03&apos;
System info: host: &apos;LCASDSRMORA&apos;, ip: &apos;192.168.0.4&apos;, os.name: &apos;Windows 10&apos;, os.arch: &apos;amd64&apos;, os.version: &apos;10.0&apos;, java.version: &apos;13.0.1&apos;
Driver info: org.openqa.selenium.chrome.ChromeDriver
Capabilities {acceptInsecureCerts: false, browserName: chrome, browserVersion: 78.0.3904.70, chrome: {chromedriverVersion: 78.0.3904.70 (edb9c9f3de024..., userDataDir: C:\Users\RODRIG~1.MOR\AppDa...}, goog:chromeOptions: {debuggerAddress: localhost:61384}, javascriptEnabled: true, networkConnectionEnabled: false, pageLoadStrategy: normal, platform: XP, platformName: XP, proxy: Proxy(), setWindowRect: true, strictFileInteractability: false, timeouts: {implicit: 0, pageLoad: 300000, script: 30000}, unhandledPromptBehavior: dismiss and notify}
Session ID: fbb0b2df288aabbd0af69161d8fa470f
*** Element info: {Using=xpath, value=//li[@data-value=&apos;&apos;]}
	at java.base/jdk.internal.reflect.NativeConstructorAccessorImpl.newInstance0(Native Method)
	at java.base/jdk.internal.reflect.NativeConstructorAccessorImpl.newInstance(NativeConstructorAccessorImpl.java:62)
	at java.base/jdk.internal.reflect.DelegatingConstructorAccessorImpl.newInstance(DelegatingConstructorAccessorImpl.java:45)
	at java.base/java.lang.reflect.Constructor.newInstanceWithCaller(Constructor.java:500)
	at java.base/java.lang.reflect.Constructor.newInstance(Constructor.java:481)
	at org.openqa.selenium.remote.http.W3CHttpResponseCodec.createException(W3CHttpResponseCodec.java:187)
	at org.openqa.selenium.remote.http.W3CHttpResponseCodec.decode(W3CHttpResponseCodec.java:122)
	at org.openqa.selenium.remote.http.W3CHttpResponseCodec.decode(W3CHttpResponseCodec.java:49)
	at org.openqa.selenium.remote.HttpCommandExecutor.execute(HttpCommandExecutor.java:158)
	at org.openqa.selenium.remote.service.DriverCommandExecutor.execute(DriverCommandExecutor.java:83)
	at org.openqa.selenium.remote.RemoteWebDriver.execute(RemoteWebDriver.java:552)
	at org.openqa.selenium.remote.RemoteWebElement.execute(RemoteWebElement.java:285)
	at org.openqa.selenium.remote.RemoteWebElement.findElement(RemoteWebElement.java:185)
	at org.openqa.selenium.remote.RemoteWebElement.findElementByXPath(RemoteWebElement.java:261)
	at org.openqa.selenium.By$ByXPath.findElement(By.java:353)
	at org.openqa.selenium.remote.RemoteWebElement.findElement(RemoteWebElement.java:181)
	at jdk.internal.reflect.GeneratedMethodAccessor3.invoke(Unknown Source)
	at java.base/jdk.internal.reflect.DelegatingMethodAccessorImpl.invoke(DelegatingMethodAccessorImpl.java:43)
	at java.base/java.lang.reflect.Method.invoke(Method.java:567)
	at org.openqa.selenium.support.pagefactory.internal.LocatingElementHandler.invoke(LocatingElementHandler.java:51)
	at com.sun.proxy.$Proxy18.findElement(Unknown Source)
	at backgroundCheck.utils.ElementUtils.selectValueFromDropdownMenu(ElementUtils.java:43)
	at backgroundCheck.utils.FlowUtils.reachAndFillInformationStg(FlowUtils.java:124)
	at backgroundCheck.utils.FlowUtils.reachStage(FlowUtils.java:42)
	at backgroundCheck.feature.e2e.TC00004_TC000016_verifyInformationPageRequiredInputs.verifyFormRequiredInputs(TC00004_TC000016_verifyInformationPageRequiredInputs.java:51)
	at java.base/jdk.internal.reflect.NativeMethodAccessorImpl.invoke0(Native Method)
	at java.base/jdk.internal.reflect.NativeMethodAccessorImpl.invoke(NativeMethodAccessorImpl.java:62)
	at java.base/jdk.internal.reflect.DelegatingMethodAccessorImpl.invoke(DelegatingMethodAccessorImpl.java:43)
	at java.base/java.lang.reflect.Method.invoke(Method.java:567)
	at org.testng.internal.MethodInvocationHelper.invokeMethod(MethodInvocationHelper.java:134)
	at org.testng.internal.TestInvoker.invokeMethod(TestInvoker.java:597)
	at org.testng.internal.TestInvoker.invokeTestMethod(TestInvoker.java:173)
	at org.testng.internal.MethodRunner.runInSequence(MethodRunner.java:46)
	at org.testng.internal.TestInvoker$MethodInvocationAgent.invoke(TestInvoker.java:816)
	at org.testng.internal.TestInvoker.invokeTestMethods(TestInvoker.java:146)
	at org.testng.internal.TestMethodWorker.invokeTestMethods(TestMethodWorker.java:146)
	at org.testng.internal.TestMethodWorker.run(TestMethodWorker.java:128)
	at java.base/java.util.ArrayList.forEach(ArrayList.java:1507)
	at org.testng.TestRunner.privateRun(TestRunner.java:766)
	at org.testng.TestRunner.run(TestRunner.java:587)
	at org.testng.SuiteRunner.runTest(SuiteRunner.java:384)
	at org.testng.SuiteRunner.runSequentially(SuiteRunner.java:378)
	at org.testng.SuiteRunner.privateRun(SuiteRunner.java:337)
	at org.testng.SuiteRunner.run(SuiteRunner.java:286)
	at org.testng.SuiteRunnerWorker.runSuite(SuiteRunnerWorker.java:53)
	at org.testng.SuiteRunnerWorker.run(SuiteRunnerWorker.java:96)
	at org.testng.TestNG.runSuitesSequentially(TestNG.java:1187)
	at org.testng.TestNG.runSuitesLocally(TestNG.java:1109)
	at org.testng.TestNG.runSuites(TestNG.java:1039)
	at org.testng.TestNG.run(TestNG.java:1007)
	at org.testng.remote.AbstractRemoteTestNG.run(AbstractRemoteTestNG.java:115)
	at org.testng.remote.RemoteTestNG.initAndRun(RemoteTestNG.java:251)
	at org.testng.remote.RemoteTestNG.main(RemoteTestNG.java:77)

</div> <!-- stack-trace -->
                </div> <!-- method-content -->
              </div> <!-- method -->
              <div class="method">
                <div class="method-content">
                  <a name="verifyFormRequiredInputs(TC_00008, INFORMATION, Rodrigo, Moran, Gustavo, true, 24, , 1990, M, 111111111, 12345, rodrotck@gmai...)">
                  </a> <!-- verifyFormRequiredInputs(TC_00008, INFORMATION, Rodrigo, Moran, Gustavo, true, 24, , 1990, M, 111111111, 12345, rodrotck@gmai...) -->
                  <span class="method-name">verifyFormRequiredInputs</span>
                  <span class="parameters">(TC_00008, INFORMATION, Rodrigo, Moran, Gustavo, true, 24, , 1990, M, 111111111, 12345, rodrotck@gmail.com, 1234567890, TX, 12345678)</span>
                  <div class="stack-trace">org.openqa.selenium.NoSuchElementException: no such element: Unable to locate element: {&quot;method&quot;:&quot;xpath&quot;,&quot;selector&quot;:&quot;//li[@data-value=&apos;&apos;]&quot;}
  (Session info: chrome=78.0.3904.70)
For documentation on this error, please visit: https://www.seleniumhq.org/exceptions/no_such_element.html
Build info: version: &apos;3.141.59&apos;, revision: &apos;e82be7d358&apos;, time: &apos;2018-11-14T08:17:03&apos;
System info: host: &apos;LCASDSRMORA&apos;, ip: &apos;192.168.0.4&apos;, os.name: &apos;Windows 10&apos;, os.arch: &apos;amd64&apos;, os.version: &apos;10.0&apos;, java.version: &apos;13.0.1&apos;
Driver info: org.openqa.selenium.chrome.ChromeDriver
Capabilities {acceptInsecureCerts: false, browserName: chrome, browserVersion: 78.0.3904.70, chrome: {chromedriverVersion: 78.0.3904.70 (edb9c9f3de024..., userDataDir: C:\Users\RODRIG~1.MOR\AppDa...}, goog:chromeOptions: {debuggerAddress: localhost:61331}, javascriptEnabled: true, networkConnectionEnabled: false, pageLoadStrategy: normal, platform: XP, platformName: XP, proxy: Proxy(), setWindowRect: true, strictFileInteractability: false, timeouts: {implicit: 0, pageLoad: 300000, script: 30000}, unhandledPromptBehavior: dismiss and notify}
Session ID: b108dc9c41ed536e159530179870408c
*** Element info: {Using=xpath, value=//li[@data-value=&apos;&apos;]}
	at java.base/jdk.internal.reflect.NativeConstructorAccessorImpl.newInstance0(Native Method)
	at java.base/jdk.internal.reflect.NativeConstructorAccessorImpl.newInstance(NativeConstructorAccessorImpl.java:62)
	at java.base/jdk.internal.reflect.DelegatingConstructorAccessorImpl.newInstance(DelegatingConstructorAccessorImpl.java:45)
	at java.base/java.lang.reflect.Constructor.newInstanceWithCaller(Constructor.java:500)
	at java.base/java.lang.reflect.Constructor.newInstance(Constructor.java:481)
	at org.openqa.selenium.remote.http.W3CHttpResponseCodec.createException(W3CHttpResponseCodec.java:187)
	at org.openqa.selenium.remote.http.W3CHttpResponseCodec.decode(W3CHttpResponseCodec.java:122)
	at org.openqa.selenium.remote.http.W3CHttpResponseCodec.decode(W3CHttpResponseCodec.java:49)
	at org.openqa.selenium.remote.HttpCommandExecutor.execute(HttpCommandExecutor.java:158)
	at org.openqa.selenium.remote.service.DriverCommandExecutor.execute(DriverCommandExecutor.java:83)
	at org.openqa.selenium.remote.RemoteWebDriver.execute(RemoteWebDriver.java:552)
	at org.openqa.selenium.remote.RemoteWebElement.execute(RemoteWebElement.java:285)
	at org.openqa.selenium.remote.RemoteWebElement.findElement(RemoteWebElement.java:185)
	at org.openqa.selenium.remote.RemoteWebElement.findElementByXPath(RemoteWebElement.java:261)
	at org.openqa.selenium.By$ByXPath.findElement(By.java:353)
	at org.openqa.selenium.remote.RemoteWebElement.findElement(RemoteWebElement.java:181)
	at jdk.internal.reflect.GeneratedMethodAccessor3.invoke(Unknown Source)
	at java.base/jdk.internal.reflect.DelegatingMethodAccessorImpl.invoke(DelegatingMethodAccessorImpl.java:43)
	at java.base/java.lang.reflect.Method.invoke(Method.java:567)
	at org.openqa.selenium.support.pagefactory.internal.LocatingElementHandler.invoke(LocatingElementHandler.java:51)
	at com.sun.proxy.$Proxy18.findElement(Unknown Source)
	at backgroundCheck.utils.ElementUtils.selectValueFromDropdownMenu(ElementUtils.java:43)
	at backgroundCheck.utils.FlowUtils.reachAndFillInformationStg(FlowUtils.java:116)
	at backgroundCheck.utils.FlowUtils.reachStage(FlowUtils.java:42)
	at backgroundCheck.feature.e2e.TC00004_TC000016_verifyInformationPageRequiredInputs.verifyFormRequiredInputs(TC00004_TC000016_verifyInformationPageRequiredInputs.java:51)
	at java.base/jdk.internal.reflect.NativeMethodAccessorImpl.invoke0(Native Method)
	at java.base/jdk.internal.reflect.NativeMethodAccessorImpl.invoke(NativeMethodAccessorImpl.java:62)
	at java.base/jdk.internal.reflect.DelegatingMethodAccessorImpl.invoke(DelegatingMethodAccessorImpl.java:43)
	at java.base/java.lang.reflect.Method.invoke(Method.java:567)
	at org.testng.internal.MethodInvocationHelper.invokeMethod(MethodInvocationHelper.java:134)
	at org.testng.internal.TestInvoker.invokeMethod(TestInvoker.java:597)
	at org.testng.internal.TestInvoker.invokeTestMethod(TestInvoker.java:173)
	at org.testng.internal.MethodRunner.runInSequence(MethodRunner.java:46)
	at org.testng.internal.TestInvoker$MethodInvocationAgent.invoke(TestInvoker.java:816)
	at org.testng.internal.TestInvoker.invokeTestMethods(TestInvoker.java:146)
	at org.testng.internal.TestMethodWorker.invokeTestMethods(TestMethodWorker.java:146)
	at org.testng.internal.TestMethodWorker.run(TestMethodWorker.java:128)
	at java.base/java.util.ArrayList.forEach(ArrayList.java:1507)
	at org.testng.TestRunner.privateRun(TestRunner.java:766)
	at org.testng.TestRunner.run(TestRunner.java:587)
	at org.testng.SuiteRunner.runTest(SuiteRunner.java:384)
	at org.testng.SuiteRunner.runSequentially(SuiteRunner.java:378)
	at org.testng.SuiteRunner.privateRun(SuiteRunner.java:337)
	at org.testng.SuiteRunner.run(SuiteRunner.java:286)
	at org.testng.SuiteRunnerWorker.runSuite(SuiteRunnerWorker.java:53)
	at org.testng.SuiteRunnerWorker.run(SuiteRunnerWorker.java:96)
	at org.testng.TestNG.runSuitesSequentially(TestNG.java:1187)
	at org.testng.TestNG.runSuitesLocally(TestNG.java:1109)
	at org.testng.TestNG.runSuites(TestNG.java:1039)
	at org.testng.TestNG.run(TestNG.java:1007)
	at org.testng.remote.AbstractRemoteTestNG.run(AbstractRemoteTestNG.java:115)
	at org.testng.remote.RemoteTestNG.initAndRun(RemoteTestNG.java:251)
	at org.testng.remote.RemoteTestNG.main(RemoteTestNG.java:77)

</div> <!-- stack-trace -->
                </div> <!-- method-content -->
              </div> <!-- method -->
              <div class="method">
                <div class="method-content">
                  <a name="verifyFormRequiredInputs(TC_00015, INFORMATION, Rodrigo, Moran, Gustavo, true, 24, 8, 1990, M, 111111111, 12345, rodrotck@gma...)">
                  </a> <!-- verifyFormRequiredInputs(TC_00015, INFORMATION, Rodrigo, Moran, Gustavo, true, 24, 8, 1990, M, 111111111, 12345, rodrotck@gma...) -->
                  <span class="method-name">verifyFormRequiredInputs</span>
                  <span class="parameters">(TC_00015, INFORMATION, Rodrigo, Moran, Gustavo, true, 24, 8, 1990, M, 111111111, 12345, rodrotck@gmail.com, 1234567890, , 12345678)</span>
                  <div class="stack-trace">org.openqa.selenium.NoSuchElementException: no such element: Unable to locate element: {&quot;method&quot;:&quot;xpath&quot;,&quot;selector&quot;:&quot;//li[@data-value=&apos;&apos;]&quot;}
  (Session info: chrome=78.0.3904.70)
For documentation on this error, please visit: https://www.seleniumhq.org/exceptions/no_such_element.html
Build info: version: &apos;3.141.59&apos;, revision: &apos;e82be7d358&apos;, time: &apos;2018-11-14T08:17:03&apos;
System info: host: &apos;LCASDSRMORA&apos;, ip: &apos;192.168.0.4&apos;, os.name: &apos;Windows 10&apos;, os.arch: &apos;amd64&apos;, os.version: &apos;10.0&apos;, java.version: &apos;13.0.1&apos;
Driver info: org.openqa.selenium.chrome.ChromeDriver
Capabilities {acceptInsecureCerts: false, browserName: chrome, browserVersion: 78.0.3904.70, chrome: {chromedriverVersion: 78.0.3904.70 (edb9c9f3de024..., userDataDir: C:\Users\RODRIG~1.MOR\AppDa...}, goog:chromeOptions: {debuggerAddress: localhost:61721}, javascriptEnabled: true, networkConnectionEnabled: false, pageLoadStrategy: normal, platform: XP, platformName: XP, proxy: Proxy(), setWindowRect: true, strictFileInteractability: false, timeouts: {implicit: 0, pageLoad: 300000, script: 30000}, unhandledPromptBehavior: dismiss and notify}
Session ID: 8f33fad624b99ddcb6eb92f2b848b933
*** Element info: {Using=xpath, value=//li[@data-value=&apos;&apos;]}
	at java.base/jdk.internal.reflect.NativeConstructorAccessorImpl.newInstance0(Native Method)
	at java.base/jdk.internal.reflect.NativeConstructorAccessorImpl.newInstance(NativeConstructorAccessorImpl.java:62)
	at java.base/jdk.internal.reflect.DelegatingConstructorAccessorImpl.newInstance(DelegatingConstructorAccessorImpl.java:45)
	at java.base/java.lang.reflect.Constructor.newInstanceWithCaller(Constructor.java:500)
	at java.base/java.lang.reflect.Constructor.newInstance(Constructor.java:481)
	at org.openqa.selenium.remote.http.W3CHttpResponseCodec.createException(W3CHttpResponseCodec.java:187)
	at org.openqa.selenium.remote.http.W3CHttpResponseCodec.decode(W3CHttpResponseCodec.java:122)
	at org.openqa.selenium.remote.http.W3CHttpResponseCodec.decode(W3CHttpResponseCodec.java:49)
	at org.openqa.selenium.remote.HttpCommandExecutor.execute(HttpCommandExecutor.java:158)
	at org.openqa.selenium.remote.service.DriverCommandExecutor.execute(DriverCommandExecutor.java:83)
	at org.openqa.selenium.remote.RemoteWebDriver.execute(RemoteWebDriver.java:552)
	at org.openqa.selenium.remote.RemoteWebElement.execute(RemoteWebElement.java:285)
	at org.openqa.selenium.remote.RemoteWebElement.findElement(RemoteWebElement.java:185)
	at org.openqa.selenium.remote.RemoteWebElement.findElementByXPath(RemoteWebElement.java:261)
	at org.openqa.selenium.By$ByXPath.findElement(By.java:353)
	at org.openqa.selenium.remote.RemoteWebElement.findElement(RemoteWebElement.java:181)
	at jdk.internal.reflect.GeneratedMethodAccessor3.invoke(Unknown Source)
	at java.base/jdk.internal.reflect.DelegatingMethodAccessorImpl.invoke(DelegatingMethodAccessorImpl.java:43)
	at java.base/java.lang.reflect.Method.invoke(Method.java:567)
	at org.openqa.selenium.support.pagefactory.internal.LocatingElementHandler.invoke(LocatingElementHandler.java:51)
	at com.sun.proxy.$Proxy18.findElement(Unknown Source)
	at backgroundCheck.utils.ElementUtils.selectValueFromDropdownMenu(ElementUtils.java:43)
	at backgroundCheck.utils.FlowUtils.reachAndFillInformationStg(FlowUtils.java:141)
	at backgroundCheck.utils.FlowUtils.reachStage(FlowUtils.java:42)
	at backgroundCheck.feature.e2e.TC00004_TC000016_verifyInformationPageRequiredInputs.verifyFormRequiredInputs(TC00004_TC000016_verifyInformationPageRequiredInputs.java:51)
	at java.base/jdk.internal.reflect.NativeMethodAccessorImpl.invoke0(Native Method)
	at java.base/jdk.internal.reflect.NativeMethodAccessorImpl.invoke(NativeMethodAccessorImpl.java:62)
	at java.base/jdk.internal.reflect.DelegatingMethodAccessorImpl.invoke(DelegatingMethodAccessorImpl.java:43)
	at java.base/java.lang.reflect.Method.invoke(Method.java:567)
	at org.testng.internal.MethodInvocationHelper.invokeMethod(MethodInvocationHelper.java:134)
	at org.testng.internal.TestInvoker.invokeMethod(TestInvoker.java:597)
	at org.testng.internal.TestInvoker.invokeTestMethod(TestInvoker.java:173)
	at org.testng.internal.MethodRunner.runInSequence(MethodRunner.java:46)
	at org.testng.internal.TestInvoker$MethodInvocationAgent.invoke(TestInvoker.java:816)
	at org.testng.internal.TestInvoker.invokeTestMethods(TestInvoker.java:146)
	at org.testng.internal.TestMethodWorker.invokeTestMethods(TestMethodWorker.java:146)
	at org.testng.internal.TestMethodWorker.run(TestMethodWorker.java:128)
	at java.base/java.util.ArrayList.forEach(ArrayList.java:1507)
	at org.testng.TestRunner.privateRun(TestRunner.java:766)
	at org.testng.TestRunner.run(TestRunner.java:587)
	at org.testng.SuiteRunner.runTest(SuiteRunner.java:384)
	at org.testng.SuiteRunner.runSequentially(SuiteRunner.java:378)
	at org.testng.SuiteRunner.privateRun(SuiteRunner.java:337)
	at org.testng.SuiteRunner.run(SuiteRunner.java:286)
	at org.testng.SuiteRunnerWorker.runSuite(SuiteRunnerWorker.java:53)
	at org.testng.SuiteRunnerWorker.run(SuiteRunnerWorker.java:96)
	at org.testng.TestNG.runSuitesSequentially(TestNG.java:1187)
	at org.testng.TestNG.runSuitesLocally(TestNG.java:1109)
	at org.testng.TestNG.runSuites(TestNG.java:1039)
	at org.testng.TestNG.run(TestNG.java:1007)
	at org.testng.remote.AbstractRemoteTestNG.run(AbstractRemoteTestNG.java:115)
	at org.testng.remote.RemoteTestNG.initAndRun(RemoteTestNG.java:251)
	at org.testng.remote.RemoteTestNG.main(RemoteTestNG.java:77)

</div> <!-- stack-trace -->
                </div> <!-- method-content -->
              </div> <!-- method -->
              <div class="method">
                <div class="method-content">
                  <a name="verifyFormRequiredInputs(TC_00007, INFORMATION, Rodrigo, Moran, Gustavo, true, , 8, 1990, M, 111111111, 12345, rodrotck@gmail...)">
                  </a> <!-- verifyFormRequiredInputs(TC_00007, INFORMATION, Rodrigo, Moran, Gustavo, true, , 8, 1990, M, 111111111, 12345, rodrotck@gmail...) -->
                  <span class="method-name">verifyFormRequiredInputs</span>
                  <span class="parameters">(TC_00007, INFORMATION, Rodrigo, Moran, Gustavo, true, , 8, 1990, M, 111111111, 12345, rodrotck@gmail.com, 1234567890, TX, 12345678)</span>
                  <div class="stack-trace">org.openqa.selenium.NoSuchElementException: no such element: Unable to locate element: {&quot;method&quot;:&quot;xpath&quot;,&quot;selector&quot;:&quot;//li[@data-value=&apos;&apos;]&quot;}
  (Session info: chrome=78.0.3904.70)
For documentation on this error, please visit: https://www.seleniumhq.org/exceptions/no_such_element.html
Build info: version: &apos;3.141.59&apos;, revision: &apos;e82be7d358&apos;, time: &apos;2018-11-14T08:17:03&apos;
System info: host: &apos;LCASDSRMORA&apos;, ip: &apos;192.168.0.4&apos;, os.name: &apos;Windows 10&apos;, os.arch: &apos;amd64&apos;, os.version: &apos;10.0&apos;, java.version: &apos;13.0.1&apos;
Driver info: org.openqa.selenium.chrome.ChromeDriver
Capabilities {acceptInsecureCerts: false, browserName: chrome, browserVersion: 78.0.3904.70, chrome: {chromedriverVersion: 78.0.3904.70 (edb9c9f3de024..., userDataDir: C:\Users\RODRIG~1.MOR\AppDa...}, goog:chromeOptions: {debuggerAddress: localhost:61274}, javascriptEnabled: true, networkConnectionEnabled: false, pageLoadStrategy: normal, platform: XP, platformName: XP, proxy: Proxy(), setWindowRect: true, strictFileInteractability: false, timeouts: {implicit: 0, pageLoad: 300000, script: 30000}, unhandledPromptBehavior: dismiss and notify}
Session ID: d0f1eb8dfb663aac15ca6ebb61dc2068
*** Element info: {Using=xpath, value=//li[@data-value=&apos;&apos;]}
	at java.base/jdk.internal.reflect.NativeConstructorAccessorImpl.newInstance0(Native Method)
	at java.base/jdk.internal.reflect.NativeConstructorAccessorImpl.newInstance(NativeConstructorAccessorImpl.java:62)
	at java.base/jdk.internal.reflect.DelegatingConstructorAccessorImpl.newInstance(DelegatingConstructorAccessorImpl.java:45)
	at java.base/java.lang.reflect.Constructor.newInstanceWithCaller(Constructor.java:500)
	at java.base/java.lang.reflect.Constructor.newInstance(Constructor.java:481)
	at org.openqa.selenium.remote.http.W3CHttpResponseCodec.createException(W3CHttpResponseCodec.java:187)
	at org.openqa.selenium.remote.http.W3CHttpResponseCodec.decode(W3CHttpResponseCodec.java:122)
	at org.openqa.selenium.remote.http.W3CHttpResponseCodec.decode(W3CHttpResponseCodec.java:49)
	at org.openqa.selenium.remote.HttpCommandExecutor.execute(HttpCommandExecutor.java:158)
	at org.openqa.selenium.remote.service.DriverCommandExecutor.execute(DriverCommandExecutor.java:83)
	at org.openqa.selenium.remote.RemoteWebDriver.execute(RemoteWebDriver.java:552)
	at org.openqa.selenium.remote.RemoteWebElement.execute(RemoteWebElement.java:285)
	at org.openqa.selenium.remote.RemoteWebElement.findElement(RemoteWebElement.java:185)
	at org.openqa.selenium.remote.RemoteWebElement.findElementByXPath(RemoteWebElement.java:261)
	at org.openqa.selenium.By$ByXPath.findElement(By.java:353)
	at org.openqa.selenium.remote.RemoteWebElement.findElement(RemoteWebElement.java:181)
	at jdk.internal.reflect.GeneratedMethodAccessor3.invoke(Unknown Source)
	at java.base/jdk.internal.reflect.DelegatingMethodAccessorImpl.invoke(DelegatingMethodAccessorImpl.java:43)
	at java.base/java.lang.reflect.Method.invoke(Method.java:567)
	at org.openqa.selenium.support.pagefactory.internal.LocatingElementHandler.invoke(LocatingElementHandler.java:51)
	at com.sun.proxy.$Proxy18.findElement(Unknown Source)
	at backgroundCheck.utils.ElementUtils.selectValueFromDropdownMenu(ElementUtils.java:43)
	at backgroundCheck.utils.FlowUtils.reachAndFillInformationStg(FlowUtils.java:120)
	at backgroundCheck.utils.FlowUtils.reachStage(FlowUtils.java:42)
	at backgroundCheck.feature.e2e.TC00004_TC000016_verifyInformationPageRequiredInputs.verifyFormRequiredInputs(TC00004_TC000016_verifyInformationPageRequiredInputs.java:51)
	at java.base/jdk.internal.reflect.NativeMethodAccessorImpl.invoke0(Native Method)
	at java.base/jdk.internal.reflect.NativeMethodAccessorImpl.invoke(NativeMethodAccessorImpl.java:62)
	at java.base/jdk.internal.reflect.DelegatingMethodAccessorImpl.invoke(DelegatingMethodAccessorImpl.java:43)
	at java.base/java.lang.reflect.Method.invoke(Method.java:567)
	at org.testng.internal.MethodInvocationHelper.invokeMethod(MethodInvocationHelper.java:134)
	at org.testng.internal.TestInvoker.invokeMethod(TestInvoker.java:597)
	at org.testng.internal.TestInvoker.invokeTestMethod(TestInvoker.java:173)
	at org.testng.internal.MethodRunner.runInSequence(MethodRunner.java:46)
	at org.testng.internal.TestInvoker$MethodInvocationAgent.invoke(TestInvoker.java:816)
	at org.testng.internal.TestInvoker.invokeTestMethods(TestInvoker.java:146)
	at org.testng.internal.TestMethodWorker.invokeTestMethods(TestMethodWorker.java:146)
	at org.testng.internal.TestMethodWorker.run(TestMethodWorker.java:128)
	at java.base/java.util.ArrayList.forEach(ArrayList.java:1507)
	at org.testng.TestRunner.privateRun(TestRunner.java:766)
	at org.testng.TestRunner.run(TestRunner.java:587)
	at org.testng.SuiteRunner.runTest(SuiteRunner.java:384)
	at org.testng.SuiteRunner.runSequentially(SuiteRunner.java:378)
	at org.testng.SuiteRunner.privateRun(SuiteRunner.java:337)
	at org.testng.SuiteRunner.run(SuiteRunner.java:286)
	at org.testng.SuiteRunnerWorker.runSuite(SuiteRunnerWorker.java:53)
	at org.testng.SuiteRunnerWorker.run(SuiteRunnerWorker.java:96)
	at org.testng.TestNG.runSuitesSequentially(TestNG.java:1187)
	at org.testng.TestNG.runSuitesLocally(TestNG.java:1109)
	at org.testng.TestNG.runSuites(TestNG.java:1039)
	at org.testng.TestNG.run(TestNG.java:1007)
	at org.testng.remote.AbstractRemoteTestNG.run(AbstractRemoteTestNG.java:115)
	at org.testng.remote.RemoteTestNG.initAndRun(RemoteTestNG.java:251)
	at org.testng.remote.RemoteTestNG.main(RemoteTestNG.java:77)

</div> <!-- stack-trace -->
                </div> <!-- method-content -->
              </div> <!-- method -->
            </div> <!-- main-panel-content rounded-window-bottom -->
          </div> <!-- suite-Default_suite-class-failed -->
          <div class="suite-Default_suite-class-passed">
            <div class="main-panel-header rounded-window-top">
              <img src="passed.png"/>
              <span class="class-name">backgroundCheck.feature.e2e.TC00004_TC000016_verifyInformationPageRequiredInputs</span>
            </div> <!-- main-panel-header rounded-window-top -->
            <div class="main-panel-content rounded-window-bottom">
              <div class="method">
                <div class="method-content">
                  <a name="verifyFormRequiredInputs(TC_00013, INFORMATION, Rodrigo, Moran, Gustavo, true, 24, 8, 1990, M, 111111111, 12345, , 1234567890...)">
                  </a> <!-- verifyFormRequiredInputs(TC_00013, INFORMATION, Rodrigo, Moran, Gustavo, true, 24, 8, 1990, M, 111111111, 12345, , 1234567890...) -->
                  <span class="method-name">verifyFormRequiredInputs</span>
                  <span class="parameters">(TC_00013, INFORMATION, Rodrigo, Moran, Gustavo, true, 24, 8, 1990, M, 111111111, 12345, , 1234567890, TX, 12345678)</span>
                </div> <!-- method-content -->
              </div> <!-- method -->
              <div class="method">
                <div class="method-content">
                  <a name="verifyFormRequiredInputs(TC_00005, INFORMATION, Ayleen, , , false, 1, 1, 1988, F, 111111111, 12345, ayleen@turning.io, 123456...)">
                  </a> <!-- verifyFormRequiredInputs(TC_00005, INFORMATION, Ayleen, , , false, 1, 1, 1988, F, 111111111, 12345, ayleen@turning.io, 123456...) -->
                  <span class="method-name">verifyFormRequiredInputs</span>
                  <span class="parameters">(TC_00005, INFORMATION, Ayleen, , , false, 1, 1, 1988, F, 111111111, 12345, ayleen@turning.io, 1234567890, AL, 12345678)</span>
                </div> <!-- method-content -->
              </div> <!-- method -->
              <div class="method">
                <div class="method-content">
                  <a name="verifyFormRequiredInputs(TC_00006, INFORMATION, Jose, Vazquez, , TRUE, 15, 10, 1985, M, 111111111, 12345, jobs@turning.io, 12...)">
                  </a> <!-- verifyFormRequiredInputs(TC_00006, INFORMATION, Jose, Vazquez, , TRUE, 15, 10, 1985, M, 111111111, 12345, jobs@turning.io, 12...) -->
                  <span class="method-name">verifyFormRequiredInputs</span>
                  <span class="parameters">(TC_00006, INFORMATION, Jose, Vazquez, , TRUE, 15, 10, 1985, M, 111111111, 12345, jobs@turning.io, 1234567890, LA, 12345678)</span>
                </div> <!-- method-content -->
              </div> <!-- method -->
              <div class="method">
                <div class="method-content">
                  <a name="verifyFormRequiredInputs(TC_00012, INFORMATION, Rodrigo, Moran, Gustavo, true, 24, 8, 1990, M, 111111111, , rodrotck@gmail.co...)">
                  </a> <!-- verifyFormRequiredInputs(TC_00012, INFORMATION, Rodrigo, Moran, Gustavo, true, 24, 8, 1990, M, 111111111, , rodrotck@gmail.co...) -->
                  <span class="method-name">verifyFormRequiredInputs</span>
                  <span class="parameters">(TC_00012, INFORMATION, Rodrigo, Moran, Gustavo, true, 24, 8, 1990, M, 111111111, , rodrotck@gmail.com, 1234567890, TX, 12345678)</span>
                </div> <!-- method-content -->
              </div> <!-- method -->
              <div class="method">
                <div class="method-content">
                  <a name="verifyFormRequiredInputs(TC_00004, INFORMATION, , Moran, Gustavo, true, 24, 8, 1990, M, 111111111, 12345, rodrotck@gmail.com,...)">
                  </a> <!-- verifyFormRequiredInputs(TC_00004, INFORMATION, , Moran, Gustavo, true, 24, 8, 1990, M, 111111111, 12345, rodrotck@gmail.com,...) -->
                  <span class="method-name">verifyFormRequiredInputs</span>
                  <span class="parameters">(TC_00004, INFORMATION, , Moran, Gustavo, true, 24, 8, 1990, M, 111111111, 12345, rodrotck@gmail.com, 1234567890, TX, 12345678)</span>
                </div> <!-- method-content -->
              </div> <!-- method -->
              <div class="method">
                <div class="method-content">
                  <a name="verifyFormRequiredInputs(TC_00016, INFORMATION, Rodrigo, Moran, Gustavo, true, 24, 8, 1990, M, 111111111, 12345, rodrotck@gma...)">
                  </a> <!-- verifyFormRequiredInputs(TC_00016, INFORMATION, Rodrigo, Moran, Gustavo, true, 24, 8, 1990, M, 111111111, 12345, rodrotck@gma...) -->
                  <span class="method-name">verifyFormRequiredInputs</span>
                  <span class="parameters">(TC_00016, INFORMATION, Rodrigo, Moran, Gustavo, true, 24, 8, 1990, M, 111111111, 12345, rodrotck@gmail.com, 1234567890, TX, )</span>
                </div> <!-- method-content -->
              </div> <!-- method -->
              <div class="method">
                <div class="method-content">
                  <a name="verifyFormRequiredInputs(TC_00014, INFORMATION, Rodrigo, Moran, Gustavo, true, 24, 8, 1990, M, 111111111, 12345, rodrotck@gma...)">
                  </a> <!-- verifyFormRequiredInputs(TC_00014, INFORMATION, Rodrigo, Moran, Gustavo, true, 24, 8, 1990, M, 111111111, 12345, rodrotck@gma...) -->
                  <span class="method-name">verifyFormRequiredInputs</span>
                  <span class="parameters">(TC_00014, INFORMATION, Rodrigo, Moran, Gustavo, true, 24, 8, 1990, M, 111111111, 12345, rodrotck@gmail.com, , TX, 12345678)</span>
                </div> <!-- method-content -->
              </div> <!-- method -->
            </div> <!-- main-panel-content rounded-window-bottom -->
          </div> <!-- suite-Default_suite-class-passed -->
        </div> <!-- panel Default_suite -->
        <div panel-name="test-xml-Default_suite" class="panel">
          <div class="main-panel-header rounded-window-top">
            <span class="header-content">C:\Users\rodrigo.moran1\AppData\Local\Temp\testng-eclipse--1526604985\testng-customsuite.xml</span>
          </div> <!-- main-panel-header rounded-window-top -->
          <div class="main-panel-content rounded-window-bottom">
            <pre>
&lt;?xml version=&quot;1.0&quot; encoding=&quot;UTF-8&quot;?&gt;
&lt;!DOCTYPE suite SYSTEM &quot;https://testng.org/testng-1.0.dtd&quot;&gt;
&lt;suite name=&quot;Default suite&quot; guice-stage=&quot;DEVELOPMENT&quot;&gt;
  &lt;test thread-count=&quot;5&quot; name=&quot;Default test&quot; verbose=&quot;2&quot;&gt;
    &lt;classes&gt;
      &lt;class name=&quot;backgroundCheck.feature.e2e.TC00004_TC000016_verifyInformationPageRequiredInputs&quot;/&gt;
    &lt;/classes&gt;
  &lt;/test&gt; &lt;!-- Default test --&gt;
&lt;/suite&gt; &lt;!-- Default suite --&gt;
            </pre>
          </div> <!-- main-panel-content rounded-window-bottom -->
        </div> <!-- panel -->
        <div panel-name="testlist-Default_suite" class="panel">
          <div class="main-panel-header rounded-window-top">
            <span class="header-content">Tests for Default suite</span>
          </div> <!-- main-panel-header rounded-window-top -->
          <div class="main-panel-content rounded-window-bottom">
            <ul>
              <li>
                <span class="test-name">Default test (1 class)</span>
              </li>
            </ul>
          </div> <!-- main-panel-content rounded-window-bottom -->
        </div> <!-- panel -->
        <div panel-name="group-Default_suite" class="panel">
          <div class="main-panel-header rounded-window-top">
            <span class="header-content">Groups for Default suite</span>
          </div> <!-- main-panel-header rounded-window-top -->
          <div class="main-panel-content rounded-window-bottom">
            <div class="test-group">
              <span class="test-group-name">e2e</span>
              <br/>
              <div class="method-in-group">
                <span class="method-in-group-name">verifyFormRequiredInputs</span>
                <br/>
              </div> <!-- method-in-group -->
            </div> <!-- test-group -->
            <div class="test-group">
              <span class="test-group-name">legacy</span>
              <br/>
              <div class="method-in-group">
                <span class="method-in-group-name">verifyFormRequiredInputs</span>
                <br/>
              </div> <!-- method-in-group -->
            </div> <!-- test-group -->
            <div class="test-group">
              <span class="test-group-name">priority4</span>
              <br/>
              <div class="method-in-group">
                <span class="method-in-group-name">verifyFormRequiredInputs</span>
                <br/>
              </div> <!-- method-in-group -->
            </div> <!-- test-group -->
          </div> <!-- main-panel-content rounded-window-bottom -->
        </div> <!-- panel -->
        <div panel-name="times-Default_suite" class="panel">
          <div class="main-panel-header rounded-window-top">
            <span class="header-content">Times for Default suite</span>
          </div> <!-- main-panel-header rounded-window-top -->
          <div class="main-panel-content rounded-window-bottom">
            <div class="times-div">
              <script type="text/javascript">
suiteTableInitFunctions.push('tableData_Default_suite');
function tableData_Default_suite() {
var data = new google.visualization.DataTable();
data.addColumn('number', 'Number');
data.addColumn('string', 'Method');
data.addColumn('string', 'Class');
data.addColumn('number', 'Time (ms)');
data.addRows(13);
data.setCell(0, 0, 0)
data.setCell(0, 1, 'verifyFormRequiredInputs')
data.setCell(0, 2, 'backgroundCheck.feature.e2e.TC00004_TC000016_verifyInformationPageRequiredInputs')
data.setCell(0, 3, 25876);
data.setCell(1, 0, 1)
data.setCell(1, 1, 'verifyFormRequiredInputs')
data.setCell(1, 2, 'backgroundCheck.feature.e2e.TC00004_TC000016_verifyInformationPageRequiredInputs')
data.setCell(1, 3, 25443);
data.setCell(2, 0, 2)
data.setCell(2, 1, 'verifyFormRequiredInputs')
data.setCell(2, 2, 'backgroundCheck.feature.e2e.TC00004_TC000016_verifyInformationPageRequiredInputs')
data.setCell(2, 3, 25160);
data.setCell(3, 0, 3)
data.setCell(3, 1, 'verifyFormRequiredInputs')
data.setCell(3, 2, 'backgroundCheck.feature.e2e.TC00004_TC000016_verifyInformationPageRequiredInputs')
data.setCell(3, 3, 25127);
data.setCell(4, 0, 4)
data.setCell(4, 1, 'verifyFormRequiredInputs')
data.setCell(4, 2, 'backgroundCheck.feature.e2e.TC00004_TC000016_verifyInformationPageRequiredInputs')
data.setCell(4, 3, 25114);
data.setCell(5, 0, 5)
data.setCell(5, 1, 'verifyFormRequiredInputs')
data.setCell(5, 2, 'backgroundCheck.feature.e2e.TC00004_TC000016_verifyInformationPageRequiredInputs')
data.setCell(5, 3, 25074);
data.setCell(6, 0, 6)
data.setCell(6, 1, 'verifyFormRequiredInputs')
data.setCell(6, 2, 'backgroundCheck.feature.e2e.TC00004_TC000016_verifyInformationPageRequiredInputs')
data.setCell(6, 3, 25047);
data.setCell(7, 0, 7)
data.setCell(7, 1, 'verifyFormRequiredInputs')
data.setCell(7, 2, 'backgroundCheck.feature.e2e.TC00004_TC000016_verifyInformationPageRequiredInputs')
data.setCell(7, 3, 24938);
data.setCell(8, 0, 8)
data.setCell(8, 1, 'verifyFormRequiredInputs')
data.setCell(8, 2, 'backgroundCheck.feature.e2e.TC00004_TC000016_verifyInformationPageRequiredInputs')
data.setCell(8, 3, 18947);
data.setCell(9, 0, 9)
data.setCell(9, 1, 'verifyFormRequiredInputs')
data.setCell(9, 2, 'backgroundCheck.feature.e2e.TC00004_TC000016_verifyInformationPageRequiredInputs')
data.setCell(9, 3, 16626);
data.setCell(10, 0, 10)
data.setCell(10, 1, 'verifyFormRequiredInputs')
data.setCell(10, 2, 'backgroundCheck.feature.e2e.TC00004_TC000016_verifyInformationPageRequiredInputs')
data.setCell(10, 3, 14493);
data.setCell(11, 0, 11)
data.setCell(11, 1, 'verifyFormRequiredInputs')
data.setCell(11, 2, 'backgroundCheck.feature.e2e.TC00004_TC000016_verifyInformationPageRequiredInputs')
data.setCell(11, 3, 12094);
data.setCell(12, 0, 12)
data.setCell(12, 1, 'verifyFormRequiredInputs')
data.setCell(12, 2, 'backgroundCheck.feature.e2e.TC00004_TC000016_verifyInformationPageRequiredInputs')
data.setCell(12, 3, 3);
window.suiteTableData['Default_suite']= { tableData: data, tableDiv: 'times-div-Default_suite'}
return data;
}
              </script>
              <span class="suite-total-time">Total running time: 4 minutes</span>
              <div id="times-div-Default_suite">
              </div> <!-- times-div-Default_suite -->
            </div> <!-- times-div -->
          </div> <!-- main-panel-content rounded-window-bottom -->
        </div> <!-- panel -->
        <div panel-name="reporter-Default_suite" class="panel">
          <div class="main-panel-header rounded-window-top">
            <span class="header-content">Reporter output for Default suite</span>
          </div> <!-- main-panel-header rounded-window-top -->
          <div class="main-panel-content rounded-window-bottom">
          </div> <!-- main-panel-content rounded-window-bottom -->
        </div> <!-- panel -->
        <div panel-name="ignored-methods-Default_suite" class="panel">
          <div class="main-panel-header rounded-window-top">
            <span class="header-content">0 ignored methods</span>
          </div> <!-- main-panel-header rounded-window-top -->
          <div class="main-panel-content rounded-window-bottom">
          </div> <!-- main-panel-content rounded-window-bottom -->
        </div> <!-- panel -->
        <div panel-name="chronological-Default_suite" class="panel">
          <div class="main-panel-header rounded-window-top">
            <span class="header-content">Methods in chronological order</span>
          </div> <!-- main-panel-header rounded-window-top -->
          <div class="main-panel-content rounded-window-bottom">
            <div class="chronological-class">
              <div class="chronological-class-name">backgroundCheck.feature.e2e.TC00004_TC000016_verifyInformationPageRequiredInputs</div> <!-- chronological-class-name -->
              <div class="configuration-suite before">
                <span class="method-name">initTestSuite</span>
                <span class="method-start">0 ms</span>
              </div> <!-- configuration-suite before -->
              <div class="configuration-method before">
                <span class="method-name">initWebDriver(org.testng.TestRunner@294ebe11)</span>
                <span class="method-start">464 ms</span>
              </div> <!-- configuration-method before -->
              <div class="test-method">
                <span class="method-name">verifyFormRequiredInputs(TC_00004, INFORMATION, , Moran, Gustavo, true, 24, 8, 1990, M, 111111111, 12345, rodrotck@gmail.com,...)</span>
                <span class="method-start">3032 ms</span>
              </div> <!-- test-method -->
              <div class="configuration-method after">
                <span class="method-name">closeConnections</span>
                <span class="method-start">28208 ms</span>
              </div> <!-- configuration-method after -->
              <div class="configuration-method before">
                <span class="method-name">initWebDriver(org.testng.TestRunner@294ebe11)</span>
                <span class="method-start">28963 ms</span>
              </div> <!-- configuration-method before -->
              <div class="test-method">
                <span class="method-name">verifyFormRequiredInputs(TC_00005, INFORMATION, Ayleen, , , false, 1, 1, 1988, F, 111111111, 12345, ayleen@turning.io, 123456...)</span>
                <span class="method-start">31093 ms</span>
              </div> <!-- test-method -->
              <div class="configuration-method after">
                <span class="method-name">closeConnections</span>
                <span class="method-start">56221 ms</span>
              </div> <!-- configuration-method after -->
              <div class="configuration-method before">
                <span class="method-name">initWebDriver(org.testng.TestRunner@294ebe11)</span>
                <span class="method-start">56916 ms</span>
              </div> <!-- configuration-method before -->
              <div class="test-method">
                <span class="method-name">verifyFormRequiredInputs(TC_00006, INFORMATION, Jose, Vazquez, , TRUE, 15, 10, 1985, M, 111111111, 12345, jobs@turning.io, 12...)</span>
                <span class="method-start">59018 ms</span>
              </div> <!-- test-method -->
              <div class="configuration-method after">
                <span class="method-name">closeConnections</span>
                <span class="method-start">84133 ms</span>
              </div> <!-- configuration-method after -->
              <div class="configuration-method before">
                <span class="method-name">initWebDriver(org.testng.TestRunner@294ebe11)</span>
                <span class="method-start">84855 ms</span>
              </div> <!-- configuration-method before -->
              <div class="test-method">
                <img src="failed.png">
                </img>
                <span class="method-name">verifyFormRequiredInputs(TC_00007, INFORMATION, Rodrigo, Moran, Gustavo, true, , 8, 1990, M, 111111111, 12345, rodrotck@gmail...)</span>
                <span class="method-start">86900 ms</span>
              </div> <!-- test-method -->
              <div class="configuration-method after">
                <span class="method-name">closeConnections</span>
                <span class="method-start">101760 ms</span>
              </div> <!-- configuration-method after -->
              <div class="configuration-method before">
                <span class="method-name">initWebDriver(org.testng.TestRunner@294ebe11)</span>
                <span class="method-start">102504 ms</span>
              </div> <!-- configuration-method before -->
              <div class="test-method">
                <img src="failed.png">
                </img>
                <span class="method-name">verifyFormRequiredInputs(TC_00008, INFORMATION, Rodrigo, Moran, Gustavo, true, 24, , 1990, M, 111111111, 12345, rodrotck@gmai...)</span>
                <span class="method-start">104600 ms</span>
              </div> <!-- test-method -->
              <div class="configuration-method after">
                <span class="method-name">closeConnections</span>
                <span class="method-start">117045 ms</span>
              </div> <!-- configuration-method after -->
              <div class="configuration-method before">
                <span class="method-name">initWebDriver(org.testng.TestRunner@294ebe11)</span>
                <span class="method-start">117762 ms</span>
              </div> <!-- configuration-method before -->
              <div class="test-method">
                <img src="failed.png">
                </img>
                <span class="method-name">verifyFormRequiredInputs(TC_00009, INFORMATION, Rodrigo, Moran, Gustavo, true, 24, 8, , M, 111111111, 12345, rodrotck@gmail.c...)</span>
                <span class="method-start">119761 ms</span>
              </div> <!-- test-method -->
              <div class="configuration-method after">
                <span class="method-name">closeConnections</span>
                <span class="method-start">136746 ms</span>
              </div> <!-- configuration-method after -->
              <div class="configuration-method before">
                <span class="method-name">initWebDriver(org.testng.TestRunner@294ebe11)</span>
                <span class="method-start">137448 ms</span>
              </div> <!-- configuration-method before -->
              <div class="test-method">
                <img src="failed.png">
                </img>
                <span class="method-name">verifyFormRequiredInputs(TC_00010, INFORMATION, Rodrigo, Moran, Gustavo, true, 24, 8, 1990, , 111111111, 12345, rodrotck@gmai...)</span>
                <span class="method-start">139535 ms</span>
              </div> <!-- test-method -->
              <div class="configuration-method after">
                <span class="method-name">closeConnections</span>
                <span class="method-start">158807 ms</span>
              </div> <!-- configuration-method after -->
              <div class="configuration-method before">
                <span class="method-name">initWebDriver(org.testng.TestRunner@294ebe11)</span>
                <span class="method-start">159531 ms</span>
              </div> <!-- configuration-method before -->
              <div class="test-method">
                <img src="failed.png">
                </img>
                <span class="method-name">verifyFormRequiredInputs(TC_00011, INFORMATION, Rodrigo, Moran, Gustavo, true, 24, 8, 1990, M, , 12345, rodrotck@gmail.com, 1...)</span>
                <span class="method-start">161669 ms</span>
              </div> <!-- test-method -->
              <div class="configuration-method after">
                <span class="method-name">closeConnections</span>
                <span class="method-start">161957 ms</span>
              </div> <!-- configuration-method after -->
              <div class="configuration-method before">
                <span class="method-name">initWebDriver(org.testng.TestRunner@294ebe11)</span>
                <span class="method-start">162632 ms</span>
              </div> <!-- configuration-method before -->
              <div class="test-method">
                <span class="method-name">verifyFormRequiredInputs(TC_00012, INFORMATION, Rodrigo, Moran, Gustavo, true, 24, 8, 1990, M, 111111111, , rodrotck@gmail.co...)</span>
                <span class="method-start">164670 ms</span>
              </div> <!-- test-method -->
              <div class="configuration-method after">
                <span class="method-name">closeConnections</span>
                <span class="method-start">190114 ms</span>
              </div> <!-- configuration-method after -->
              <div class="configuration-method before">
                <span class="method-name">initWebDriver(org.testng.TestRunner@294ebe11)</span>
                <span class="method-start">190925 ms</span>
              </div> <!-- configuration-method before -->
              <div class="test-method">
                <span class="method-name">verifyFormRequiredInputs(TC_00013, INFORMATION, Rodrigo, Moran, Gustavo, true, 24, 8, 1990, M, 111111111, 12345, , 1234567890...)</span>
                <span class="method-start">193034 ms</span>
              </div> <!-- test-method -->
              <div class="configuration-method after">
                <span class="method-name">closeConnections</span>
                <span class="method-start">218082 ms</span>
              </div> <!-- configuration-method after -->
              <div class="configuration-method before">
                <span class="method-name">initWebDriver(org.testng.TestRunner@294ebe11)</span>
                <span class="method-start">218797 ms</span>
              </div> <!-- configuration-method before -->
              <div class="test-method">
                <span class="method-name">verifyFormRequiredInputs(TC_00014, INFORMATION, Rodrigo, Moran, Gustavo, true, 24, 8, 1990, M, 111111111, 12345, rodrotck@gma...)</span>
                <span class="method-start">220889 ms</span>
              </div> <!-- test-method -->
              <div class="configuration-method after">
                <span class="method-name">closeConnections</span>
                <span class="method-start">245964 ms</span>
              </div> <!-- configuration-method after -->
              <div class="configuration-method before">
                <span class="method-name">initWebDriver(org.testng.TestRunner@294ebe11)</span>
                <span class="method-start">246660 ms</span>
              </div> <!-- configuration-method before -->
              <div class="test-method">
                <img src="failed.png">
                </img>
                <span class="method-name">verifyFormRequiredInputs(TC_00015, INFORMATION, Rodrigo, Moran, Gustavo, true, 24, 8, 1990, M, 111111111, 12345, rodrotck@gma...)</span>
                <span class="method-start">248739 ms</span>
              </div> <!-- test-method -->
              <div class="configuration-method after">
                <span class="method-name">closeConnections</span>
                <span class="method-start">274953 ms</span>
              </div> <!-- configuration-method after -->
              <div class="configuration-method before">
                <span class="method-name">initWebDriver(org.testng.TestRunner@294ebe11)</span>
                <span class="method-start">275714 ms</span>
              </div> <!-- configuration-method before -->
              <div class="test-method">
                <span class="method-name">verifyFormRequiredInputs(TC_00016, INFORMATION, Rodrigo, Moran, Gustavo, true, 24, 8, 1990, M, 111111111, 12345, rodrotck@gma...)</span>
                <span class="method-start">277847 ms</span>
              </div> <!-- test-method -->
              <div class="configuration-method after">
                <span class="method-name">closeConnections</span>
                <span class="method-start">302786 ms</span>
              </div> <!-- configuration-method after -->
              <div class="configuration-suite after">
                <span class="method-name">tearDown</span>
                <span class="method-start">303959 ms</span>
              </div> <!-- configuration-suite after -->
          </div> <!-- main-panel-content rounded-window-bottom -->
        </div> <!-- panel -->
      </div> <!-- main-panel-root -->
    </div> <!-- wrapper -->
  </body>
</html>
