<?xml version="1.0" encoding="UTF-8"?>
<testng-results ignored="0" total="13" passed="7" failed="6" skipped="0">
  <reporter-output>
  </reporter-output>
  <suite started-at="2020-07-11T16:52:38 PDT" name="Default suite" finished-at="2020-07-11T16:57:41 PDT" duration-ms="303505">
    <groups>
      <group name="legacy">
        <method signature="TC00004_TC000016_verifyInformationPageRequiredInputs.verifyFormRequiredInputs(java.lang.String, java.lang.String, java.lang.String, java.lang.String, java.lang.String, java.lang.String, java.lang.String, java.lang.String, java.lang.String, java.lang.String, java.lang.String, java.lang.String, java.lang.String, java.lang.String, java.lang.String, java.lang.String)[pri:0, instance:backgroundCheck.feature.e2e.TC00004_TC000016_verifyInformationPageRequiredInputs@163e4e87]" name="verifyFormRequiredInputs" class="backgroundCheck.feature.e2e.TC00004_TC000016_verifyInformationPageRequiredInputs"/>
      </group> <!-- legacy -->
      <group name="priority4">
        <method signature="TC00004_TC000016_verifyInformationPageRequiredInputs.verifyFormRequiredInputs(java.lang.String, java.lang.String, java.lang.String, java.lang.String, java.lang.String, java.lang.String, java.lang.String, java.lang.String, java.lang.String, java.lang.String, java.lang.String, java.lang.String, java.lang.String, java.lang.String, java.lang.String, java.lang.String)[pri:0, instance:backgroundCheck.feature.e2e.TC00004_TC000016_verifyInformationPageRequiredInputs@163e4e87]" name="verifyFormRequiredInputs" class="backgroundCheck.feature.e2e.TC00004_TC000016_verifyInformationPageRequiredInputs"/>
      </group> <!-- priority4 -->
      <group name="e2e">
        <method signature="TC00004_TC000016_verifyInformationPageRequiredInputs.verifyFormRequiredInputs(java.lang.String, java.lang.String, java.lang.String, java.lang.String, java.lang.String, java.lang.String, java.lang.String, java.lang.String, java.lang.String, java.lang.String, java.lang.String, java.lang.String, java.lang.String, java.lang.String, java.lang.String, java.lang.String)[pri:0, instance:backgroundCheck.feature.e2e.TC00004_TC000016_verifyInformationPageRequiredInputs@163e4e87]" name="verifyFormRequiredInputs" class="backgroundCheck.feature.e2e.TC00004_TC000016_verifyInformationPageRequiredInputs"/>
      </group> <!-- e2e -->
    </groups>
    <test started-at="2020-07-11T16:52:38 PDT" name="Default test" finished-at="2020-07-11T16:57:41 PDT" duration-ms="303505">
      <class name="backgroundCheck.feature.e2e.TC00004_TC000016_verifyInformationPageRequiredInputs">
        <test-method is-config="true" signature="initTestSuite()[pri:0, instance:backgroundCheck.feature.e2e.TC00004_TC000016_verifyInformationPageRequiredInputs@163e4e87]" started-at="2020-07-11T16:52:38 PDT" name="initTestSuite" finished-at="2020-07-11T16:52:38 PDT" duration-ms="21" status="PASS">
          <reporter-output>
          </reporter-output>
        </test-method> <!-- initTestSuite -->
        <test-method is-config="true" signature="initWebDriver(org.testng.ITestContext)[pri:0, instance:backgroundCheck.feature.e2e.TC00004_TC000016_verifyInformationPageRequiredInputs@163e4e87]" started-at="2020-07-11T16:52:38 PDT" name="initWebDriver" finished-at="2020-07-11T16:52:41 PDT" duration-ms="2568" status="PASS">
          <params>
            <param index="0">
              <value>
                <![CDATA[org.testng.TestRunner@294ebe11]]>
              </value>
            </param>
          </params>
          <reporter-output>
          </reporter-output>
        </test-method> <!-- initWebDriver -->
        <test-method signature="verifyFormRequiredInputs(java.lang.String, java.lang.String, java.lang.String, java.lang.String, java.lang.String, java.lang.String, java.lang.String, java.lang.String, java.lang.String, java.lang.String, java.lang.String, java.lang.String, java.lang.String, java.lang.String, java.lang.String, java.lang.String)[pri:0, instance:backgroundCheck.feature.e2e.TC00004_TC000016_verifyInformationPageRequiredInputs@163e4e87]" started-at="2020-07-11T16:52:41 PDT" name="verifyFormRequiredInputs" data-provider="TC00004_TC00016_E2E" finished-at="2020-07-11T16:53:06 PDT" duration-ms="25160" status="PASS">
          <params>
            <param index="0">
              <value>
                <![CDATA[TC_00004]]>
              </value>
            </param>
            <param index="1">
              <value>
                <![CDATA[INFORMATION]]>
              </value>
            </param>
            <param index="2">
              <value>
                <![CDATA[]]>
              </value>
            </param>
            <param index="3">
              <value>
                <![CDATA[Moran]]>
              </value>
            </param>
            <param index="4">
              <value>
                <![CDATA[Gustavo]]>
              </value>
            </param>
            <param index="5">
              <value>
                <![CDATA[true]]>
              </value>
            </param>
            <param index="6">
              <value>
                <![CDATA[24]]>
              </value>
            </param>
            <param index="7">
              <value>
                <![CDATA[8]]>
              </value>
            </param>
            <param index="8">
              <value>
                <![CDATA[1990]]>
              </value>
            </param>
            <param index="9">
              <value>
                <![CDATA[M]]>
              </value>
            </param>
            <param index="10">
              <value>
                <![CDATA[111111111]]>
              </value>
            </param>
            <param index="11">
              <value>
                <![CDATA[12345]]>
              </value>
            </param>
            <param index="12">
              <value>
                <![CDATA[rodrotck@gmail.com]]>
              </value>
            </param>
            <param index="13">
              <value>
                <![CDATA[1234567890]]>
              </value>
            </param>
            <param index="14">
              <value>
                <![CDATA[TX]]>
              </value>
            </param>
            <param index="15">
              <value>
                <![CDATA[12345678]]>
              </value>
            </param>
          </params>
          <reporter-output>
          </reporter-output>
        </test-method> <!-- verifyFormRequiredInputs -->
        <test-method is-config="true" signature="closeConnections()[pri:0, instance:backgroundCheck.feature.e2e.TC00004_TC000016_verifyInformationPageRequiredInputs@163e4e87]" started-at="2020-07-11T16:53:06 PDT" name="closeConnections" finished-at="2020-07-11T16:53:07 PDT" duration-ms="753" status="PASS">
          <reporter-output>
          </reporter-output>
        </test-method> <!-- closeConnections -->
        <test-method is-config="true" signature="initWebDriver(org.testng.ITestContext)[pri:0, instance:backgroundCheck.feature.e2e.TC00004_TC000016_verifyInformationPageRequiredInputs@163e4e87]" started-at="2020-07-11T16:53:07 PDT" name="initWebDriver" finished-at="2020-07-11T16:53:09 PDT" duration-ms="2130" status="PASS">
          <params>
            <param index="0">
              <value>
                <![CDATA[org.testng.TestRunner@294ebe11]]>
              </value>
            </param>
          </params>
          <reporter-output>
          </reporter-output>
        </test-method> <!-- initWebDriver -->
        <test-method signature="verifyFormRequiredInputs(java.lang.String, java.lang.String, java.lang.String, java.lang.String, java.lang.String, java.lang.String, java.lang.String, java.lang.String, java.lang.String, java.lang.String, java.lang.String, java.lang.String, java.lang.String, java.lang.String, java.lang.String, java.lang.String)[pri:0, instance:backgroundCheck.feature.e2e.TC00004_TC000016_verifyInformationPageRequiredInputs@163e4e87]" started-at="2020-07-11T16:53:09 PDT" name="verifyFormRequiredInputs" data-provider="TC00004_TC00016_E2E" finished-at="2020-07-11T16:53:34 PDT" duration-ms="25127" status="PASS">
          <params>
            <param index="0">
              <value>
                <![CDATA[TC_00005]]>
              </value>
            </param>
            <param index="1">
              <value>
                <![CDATA[INFORMATION]]>
              </value>
            </param>
            <param index="2">
              <value>
                <![CDATA[Ayleen]]>
              </value>
            </param>
            <param index="3">
              <value>
                <![CDATA[]]>
              </value>
            </param>
            <param index="4">
              <value>
                <![CDATA[]]>
              </value>
            </param>
            <param index="5">
              <value>
                <![CDATA[false]]>
              </value>
            </param>
            <param index="6">
              <value>
                <![CDATA[1]]>
              </value>
            </param>
            <param index="7">
              <value>
                <![CDATA[1]]>
              </value>
            </param>
            <param index="8">
              <value>
                <![CDATA[1988]]>
              </value>
            </param>
            <param index="9">
              <value>
                <![CDATA[F]]>
              </value>
            </param>
            <param index="10">
              <value>
                <![CDATA[111111111]]>
              </value>
            </param>
            <param index="11">
              <value>
                <![CDATA[12345]]>
              </value>
            </param>
            <param index="12">
              <value>
                <![CDATA[ayleen@turning.io]]>
              </value>
            </param>
            <param index="13">
              <value>
                <![CDATA[1234567890]]>
              </value>
            </param>
            <param index="14">
              <value>
                <![CDATA[AL]]>
              </value>
            </param>
            <param index="15">
              <value>
                <![CDATA[12345678]]>
              </value>
            </param>
          </params>
          <reporter-output>
          </reporter-output>
        </test-method> <!-- verifyFormRequiredInputs -->
        <test-method is-config="true" signature="closeConnections()[pri:0, instance:backgroundCheck.feature.e2e.TC00004_TC000016_verifyInformationPageRequiredInputs@163e4e87]" started-at="2020-07-11T16:53:34 PDT" name="closeConnections" finished-at="2020-07-11T16:53:34 PDT" duration-ms="694" status="PASS">
          <reporter-output>
          </reporter-output>
        </test-method> <!-- closeConnections -->
        <test-method is-config="true" signature="initWebDriver(org.testng.ITestContext)[pri:0, instance:backgroundCheck.feature.e2e.TC00004_TC000016_verifyInformationPageRequiredInputs@163e4e87]" started-at="2020-07-11T16:53:34 PDT" name="initWebDriver" finished-at="2020-07-11T16:53:37 PDT" duration-ms="2102" status="PASS">
          <params>
            <param index="0">
              <value>
                <![CDATA[org.testng.TestRunner@294ebe11]]>
              </value>
            </param>
          </params>
          <reporter-output>
          </reporter-output>
        </test-method> <!-- initWebDriver -->
        <test-method signature="verifyFormRequiredInputs(java.lang.String, java.lang.String, java.lang.String, java.lang.String, java.lang.String, java.lang.String, java.lang.String, java.lang.String, java.lang.String, java.lang.String, java.lang.String, java.lang.String, java.lang.String, java.lang.String, java.lang.String, java.lang.String)[pri:0, instance:backgroundCheck.feature.e2e.TC00004_TC000016_verifyInformationPageRequiredInputs@163e4e87]" started-at="2020-07-11T16:53:37 PDT" name="verifyFormRequiredInputs" data-provider="TC00004_TC00016_E2E" finished-at="2020-07-11T16:54:02 PDT" duration-ms="25114" status="PASS">
          <params>
            <param index="0">
              <value>
                <![CDATA[TC_00006]]>
              </value>
            </param>
            <param index="1">
              <value>
                <![CDATA[INFORMATION]]>
              </value>
            </param>
            <param index="2">
              <value>
                <![CDATA[Jose]]>
              </value>
            </param>
            <param index="3">
              <value>
                <![CDATA[Vazquez]]>
              </value>
            </param>
            <param index="4">
              <value>
                <![CDATA[]]>
              </value>
            </param>
            <param index="5">
              <value>
                <![CDATA[TRUE]]>
              </value>
            </param>
            <param index="6">
              <value>
                <![CDATA[15]]>
              </value>
            </param>
            <param index="7">
              <value>
                <![CDATA[10]]>
              </value>
            </param>
            <param index="8">
              <value>
                <![CDATA[1985]]>
              </value>
            </param>
            <param index="9">
              <value>
                <![CDATA[M]]>
              </value>
            </param>
            <param index="10">
              <value>
                <![CDATA[111111111]]>
              </value>
            </param>
            <param index="11">
              <value>
                <![CDATA[12345]]>
              </value>
            </param>
            <param index="12">
              <value>
                <![CDATA[jobs@turning.io]]>
              </value>
            </param>
            <param index="13">
              <value>
                <![CDATA[1234567890]]>
              </value>
            </param>
            <param index="14">
              <value>
                <![CDATA[LA]]>
              </value>
            </param>
            <param index="15">
              <value>
                <![CDATA[12345678]]>
              </value>
            </param>
          </params>
          <reporter-output>
          </reporter-output>
        </test-method> <!-- verifyFormRequiredInputs -->
        <test-method is-config="true" signature="closeConnections()[pri:0, instance:backgroundCheck.feature.e2e.TC00004_TC000016_verifyInformationPageRequiredInputs@163e4e87]" started-at="2020-07-11T16:54:02 PDT" name="closeConnections" finished-at="2020-07-11T16:54:02 PDT" duration-ms="721" status="PASS">
          <reporter-output>
          </reporter-output>
        </test-method> <!-- closeConnections -->
        <test-method is-config="true" signature="initWebDriver(org.testng.ITestContext)[pri:0, instance:backgroundCheck.feature.e2e.TC00004_TC000016_verifyInformationPageRequiredInputs@163e4e87]" started-at="2020-07-11T16:54:02 PDT" name="initWebDriver" finished-at="2020-07-11T16:54:04 PDT" duration-ms="2045" status="PASS">
          <params>
            <param index="0">
              <value>
                <![CDATA[org.testng.TestRunner@294ebe11]]>
              </value>
            </param>
          </params>
          <reporter-output>
          </reporter-output>
        </test-method> <!-- initWebDriver -->
        <test-method signature="verifyFormRequiredInputs(java.lang.String, java.lang.String, java.lang.String, java.lang.String, java.lang.String, java.lang.String, java.lang.String, java.lang.String, java.lang.String, java.lang.String, java.lang.String, java.lang.String, java.lang.String, java.lang.String, java.lang.String, java.lang.String)[pri:0, instance:backgroundCheck.feature.e2e.TC00004_TC000016_verifyInformationPageRequiredInputs@163e4e87]" started-at="2020-07-11T16:54:04 PDT" name="verifyFormRequiredInputs" data-provider="TC00004_TC00016_E2E" finished-at="2020-07-11T16:54:19 PDT" duration-ms="14493" status="FAIL">
          <params>
            <param index="0">
              <value>
                <![CDATA[TC_00007]]>
              </value>
            </param>
            <param index="1">
              <value>
                <![CDATA[INFORMATION]]>
              </value>
            </param>
            <param index="2">
              <value>
                <![CDATA[Rodrigo]]>
              </value>
            </param>
            <param index="3">
              <value>
                <![CDATA[Moran]]>
              </value>
            </param>
            <param index="4">
              <value>
                <![CDATA[Gustavo]]>
              </value>
            </param>
            <param index="5">
              <value>
                <![CDATA[true]]>
              </value>
            </param>
            <param index="6">
              <value>
                <![CDATA[]]>
              </value>
            </param>
            <param index="7">
              <value>
                <![CDATA[8]]>
              </value>
            </param>
            <param index="8">
              <value>
                <![CDATA[1990]]>
              </value>
            </param>
            <param index="9">
              <value>
                <![CDATA[M]]>
              </value>
            </param>
            <param index="10">
              <value>
                <![CDATA[111111111]]>
              </value>
            </param>
            <param index="11">
              <value>
                <![CDATA[12345]]>
              </value>
            </param>
            <param index="12">
              <value>
                <![CDATA[rodrotck@gmail.com]]>
              </value>
            </param>
            <param index="13">
              <value>
                <![CDATA[1234567890]]>
              </value>
            </param>
            <param index="14">
              <value>
                <![CDATA[TX]]>
              </value>
            </param>
            <param index="15">
              <value>
                <![CDATA[12345678]]>
              </value>
            </param>
          </params>
          <exception class="org.openqa.selenium.NoSuchElementException">
            <message>
              <![CDATA[no such element: Unable to locate element: {"method":"xpath","selector":"//li[@data-value='']"}
  (Session info: chrome=78.0.3904.70)
For documentation on this error, please visit: https://www.seleniumhq.org/exceptions/no_such_element.html
Build info: version: '3.141.59', revision: 'e82be7d358', time: '2018-11-14T08:17:03'
System info: host: 'LCASDSRMORA', ip: '192.168.0.4', os.name: 'Windows 10', os.arch: 'amd64', os.version: '10.0', java.version: '13.0.1'
Driver info: org.openqa.selenium.chrome.ChromeDriver
Capabilities {acceptInsecureCerts: false, browserName: chrome, browserVersion: 78.0.3904.70, chrome: {chromedriverVersion: 78.0.3904.70 (edb9c9f3de024..., userDataDir: C:\Users\RODRIG~1.MOR\AppDa...}, goog:chromeOptions: {debuggerAddress: localhost:61274}, javascriptEnabled: true, networkConnectionEnabled: false, pageLoadStrategy: normal, platform: XP, platformName: XP, proxy: Proxy(), setWindowRect: true, strictFileInteractability: false, timeouts: {implicit: 0, pageLoad: 300000, script: 30000}, unhandledPromptBehavior: dismiss and notify}
Session ID: d0f1eb8dfb663aac15ca6ebb61dc2068
*** Element info: {Using=xpath, value=//li[@data-value='']}]]>
            </message>
            <full-stacktrace>
              <![CDATA[org.openqa.selenium.NoSuchElementException: no such element: Unable to locate element: {"method":"xpath","selector":"//li[@data-value='']"}
  (Session info: chrome=78.0.3904.70)
For documentation on this error, please visit: https://www.seleniumhq.org/exceptions/no_such_element.html
Build info: version: '3.141.59', revision: 'e82be7d358', time: '2018-11-14T08:17:03'
System info: host: 'LCASDSRMORA', ip: '192.168.0.4', os.name: 'Windows 10', os.arch: 'amd64', os.version: '10.0', java.version: '13.0.1'
Driver info: org.openqa.selenium.chrome.ChromeDriver
Capabilities {acceptInsecureCerts: false, browserName: chrome, browserVersion: 78.0.3904.70, chrome: {chromedriverVersion: 78.0.3904.70 (edb9c9f3de024..., userDataDir: C:\Users\RODRIG~1.MOR\AppDa...}, goog:chromeOptions: {debuggerAddress: localhost:61274}, javascriptEnabled: true, networkConnectionEnabled: false, pageLoadStrategy: normal, platform: XP, platformName: XP, proxy: Proxy(), setWindowRect: true, strictFileInteractability: false, timeouts: {implicit: 0, pageLoad: 300000, script: 30000}, unhandledPromptBehavior: dismiss and notify}
Session ID: d0f1eb8dfb663aac15ca6ebb61dc2068
*** Element info: {Using=xpath, value=//li[@data-value='']}
at java.base/jdk.internal.reflect.NativeConstructorAccessorImpl.newInstance0(Native Method)
at java.base/jdk.internal.reflect.NativeConstructorAccessorImpl.newInstance(NativeConstructorAccessorImpl.java:62)
at java.base/jdk.internal.reflect.DelegatingConstructorAccessorImpl.newInstance(DelegatingConstructorAccessorImpl.java:45)
at java.base/java.lang.reflect.Constructor.newInstanceWithCaller(Constructor.java:500)
at java.base/java.lang.reflect.Constructor.newInstance(Constructor.java:481)
at org.openqa.selenium.remote.http.W3CHttpResponseCodec.createException(W3CHttpResponseCodec.java:187)
at org.openqa.selenium.remote.http.W3CHttpResponseCodec.decode(W3CHttpResponseCodec.java:122)
at org.openqa.selenium.remote.http.W3CHttpResponseCodec.decode(W3CHttpResponseCodec.java:49)
at org.openqa.selenium.remote.HttpCommandExecutor.execute(HttpCommandExecutor.java:158)
at org.openqa.selenium.remote.service.DriverCommandExecutor.execute(DriverCommandExecutor.java:83)
at org.openqa.selenium.remote.RemoteWebDriver.execute(RemoteWebDriver.java:552)
at org.openqa.selenium.remote.RemoteWebElement.execute(RemoteWebElement.java:285)
at org.openqa.selenium.remote.RemoteWebElement.findElement(RemoteWebElement.java:185)
at org.openqa.selenium.remote.RemoteWebElement.findElementByXPath(RemoteWebElement.java:261)
at org.openqa.selenium.By$ByXPath.findElement(By.java:353)
at org.openqa.selenium.remote.RemoteWebElement.findElement(RemoteWebElement.java:181)
at jdk.internal.reflect.GeneratedMethodAccessor3.invoke(Unknown Source)
at java.base/jdk.internal.reflect.DelegatingMethodAccessorImpl.invoke(DelegatingMethodAccessorImpl.java:43)
at java.base/java.lang.reflect.Method.invoke(Method.java:567)
at org.openqa.selenium.support.pagefactory.internal.LocatingElementHandler.invoke(LocatingElementHandler.java:51)
at com.sun.proxy.$Proxy18.findElement(Unknown Source)
at backgroundCheck.utils.ElementUtils.selectValueFromDropdownMenu(ElementUtils.java:43)
at backgroundCheck.utils.FlowUtils.reachAndFillInformationStg(FlowUtils.java:120)
at backgroundCheck.utils.FlowUtils.reachStage(FlowUtils.java:42)
at backgroundCheck.feature.e2e.TC00004_TC000016_verifyInformationPageRequiredInputs.verifyFormRequiredInputs(TC00004_TC000016_verifyInformationPageRequiredInputs.java:51)
at java.base/jdk.internal.reflect.NativeMethodAccessorImpl.invoke0(Native Method)
at java.base/jdk.internal.reflect.NativeMethodAccessorImpl.invoke(NativeMethodAccessorImpl.java:62)
at java.base/jdk.internal.reflect.DelegatingMethodAccessorImpl.invoke(DelegatingMethodAccessorImpl.java:43)
at java.base/java.lang.reflect.Method.invoke(Method.java:567)
at org.testng.internal.MethodInvocationHelper.invokeMethod(MethodInvocationHelper.java:134)
at org.testng.internal.TestInvoker.invokeMethod(TestInvoker.java:597)
at org.testng.internal.TestInvoker.invokeTestMethod(TestInvoker.java:173)
at org.testng.internal.MethodRunner.runInSequence(MethodRunner.java:46)
at org.testng.internal.TestInvoker$MethodInvocationAgent.invoke(TestInvoker.java:816)
at org.testng.internal.TestInvoker.invokeTestMethods(TestInvoker.java:146)
at org.testng.internal.TestMethodWorker.invokeTestMethods(TestMethodWorker.java:146)
at org.testng.internal.TestMethodWorker.run(TestMethodWorker.java:128)
at java.base/java.util.ArrayList.forEach(ArrayList.java:1507)
at org.testng.TestRunner.privateRun(TestRunner.java:766)
at org.testng.TestRunner.run(TestRunner.java:587)
at org.testng.SuiteRunner.runTest(SuiteRunner.java:384)
at org.testng.SuiteRunner.runSequentially(SuiteRunner.java:378)
at org.testng.SuiteRunner.privateRun(SuiteRunner.java:337)
at org.testng.SuiteRunner.run(SuiteRunner.java:286)
at org.testng.SuiteRunnerWorker.runSuite(SuiteRunnerWorker.java:53)
at org.testng.SuiteRunnerWorker.run(SuiteRunnerWorker.java:96)
at org.testng.TestNG.runSuitesSequentially(TestNG.java:1187)
at org.testng.TestNG.runSuitesLocally(TestNG.java:1109)
at org.testng.TestNG.runSuites(TestNG.java:1039)
at org.testng.TestNG.run(TestNG.java:1007)
at org.testng.remote.AbstractRemoteTestNG.run(AbstractRemoteTestNG.java:115)
at org.testng.remote.RemoteTestNG.initAndRun(RemoteTestNG.java:251)
at org.testng.remote.RemoteTestNG.main(RemoteTestNG.java:77)
]]>
            </full-stacktrace>
          </exception> <!-- org.openqa.selenium.NoSuchElementException -->
          <reporter-output>
          </reporter-output>
        </test-method> <!-- verifyFormRequiredInputs -->
        <test-method is-config="true" signature="closeConnections()[pri:0, instance:backgroundCheck.feature.e2e.TC00004_TC000016_verifyInformationPageRequiredInputs@163e4e87]" started-at="2020-07-11T16:54:19 PDT" name="closeConnections" finished-at="2020-07-11T16:54:20 PDT" duration-ms="743" status="PASS">
          <reporter-output>
          </reporter-output>
        </test-method> <!-- closeConnections -->
        <test-method is-config="true" signature="initWebDriver(org.testng.ITestContext)[pri:0, instance:backgroundCheck.feature.e2e.TC00004_TC000016_verifyInformationPageRequiredInputs@163e4e87]" started-at="2020-07-11T16:54:20 PDT" name="initWebDriver" finished-at="2020-07-11T16:54:22 PDT" duration-ms="2095" status="PASS">
          <params>
            <param index="0">
              <value>
                <![CDATA[org.testng.TestRunner@294ebe11]]>
              </value>
            </param>
          </params>
          <reporter-output>
          </reporter-output>
        </test-method> <!-- initWebDriver -->
        <test-method signature="verifyFormRequiredInputs(java.lang.String, java.lang.String, java.lang.String, java.lang.String, java.lang.String, java.lang.String, java.lang.String, java.lang.String, java.lang.String, java.lang.String, java.lang.String, java.lang.String, java.lang.String, java.lang.String, java.lang.String, java.lang.String)[pri:0, instance:backgroundCheck.feature.e2e.TC00004_TC000016_verifyInformationPageRequiredInputs@163e4e87]" started-at="2020-07-11T16:54:22 PDT" name="verifyFormRequiredInputs" data-provider="TC00004_TC00016_E2E" finished-at="2020-07-11T16:54:34 PDT" duration-ms="12094" status="FAIL">
          <params>
            <param index="0">
              <value>
                <![CDATA[TC_00008]]>
              </value>
            </param>
            <param index="1">
              <value>
                <![CDATA[INFORMATION]]>
              </value>
            </param>
            <param index="2">
              <value>
                <![CDATA[Rodrigo]]>
              </value>
            </param>
            <param index="3">
              <value>
                <![CDATA[Moran]]>
              </value>
            </param>
            <param index="4">
              <value>
                <![CDATA[Gustavo]]>
              </value>
            </param>
            <param index="5">
              <value>
                <![CDATA[true]]>
              </value>
            </param>
            <param index="6">
              <value>
                <![CDATA[24]]>
              </value>
            </param>
            <param index="7">
              <value>
                <![CDATA[]]>
              </value>
            </param>
            <param index="8">
              <value>
                <![CDATA[1990]]>
              </value>
            </param>
            <param index="9">
              <value>
                <![CDATA[M]]>
              </value>
            </param>
            <param index="10">
              <value>
                <![CDATA[111111111]]>
              </value>
            </param>
            <param index="11">
              <value>
                <![CDATA[12345]]>
              </value>
            </param>
            <param index="12">
              <value>
                <![CDATA[rodrotck@gmail.com]]>
              </value>
            </param>
            <param index="13">
              <value>
                <![CDATA[1234567890]]>
              </value>
            </param>
            <param index="14">
              <value>
                <![CDATA[TX]]>
              </value>
            </param>
            <param index="15">
              <value>
                <![CDATA[12345678]]>
              </value>
            </param>
          </params>
          <exception class="org.openqa.selenium.NoSuchElementException">
            <message>
              <![CDATA[no such element: Unable to locate element: {"method":"xpath","selector":"//li[@data-value='']"}
  (Session info: chrome=78.0.3904.70)
For documentation on this error, please visit: https://www.seleniumhq.org/exceptions/no_such_element.html
Build info: version: '3.141.59', revision: 'e82be7d358', time: '2018-11-14T08:17:03'
System info: host: 'LCASDSRMORA', ip: '192.168.0.4', os.name: 'Windows 10', os.arch: 'amd64', os.version: '10.0', java.version: '13.0.1'
Driver info: org.openqa.selenium.chrome.ChromeDriver
Capabilities {acceptInsecureCerts: false, browserName: chrome, browserVersion: 78.0.3904.70, chrome: {chromedriverVersion: 78.0.3904.70 (edb9c9f3de024..., userDataDir: C:\Users\RODRIG~1.MOR\AppDa...}, goog:chromeOptions: {debuggerAddress: localhost:61331}, javascriptEnabled: true, networkConnectionEnabled: false, pageLoadStrategy: normal, platform: XP, platformName: XP, proxy: Proxy(), setWindowRect: true, strictFileInteractability: false, timeouts: {implicit: 0, pageLoad: 300000, script: 30000}, unhandledPromptBehavior: dismiss and notify}
Session ID: b108dc9c41ed536e159530179870408c
*** Element info: {Using=xpath, value=//li[@data-value='']}]]>
            </message>
            <full-stacktrace>
              <![CDATA[org.openqa.selenium.NoSuchElementException: no such element: Unable to locate element: {"method":"xpath","selector":"//li[@data-value='']"}
  (Session info: chrome=78.0.3904.70)
For documentation on this error, please visit: https://www.seleniumhq.org/exceptions/no_such_element.html
Build info: version: '3.141.59', revision: 'e82be7d358', time: '2018-11-14T08:17:03'
System info: host: 'LCASDSRMORA', ip: '192.168.0.4', os.name: 'Windows 10', os.arch: 'amd64', os.version: '10.0', java.version: '13.0.1'
Driver info: org.openqa.selenium.chrome.ChromeDriver
Capabilities {acceptInsecureCerts: false, browserName: chrome, browserVersion: 78.0.3904.70, chrome: {chromedriverVersion: 78.0.3904.70 (edb9c9f3de024..., userDataDir: C:\Users\RODRIG~1.MOR\AppDa...}, goog:chromeOptions: {debuggerAddress: localhost:61331}, javascriptEnabled: true, networkConnectionEnabled: false, pageLoadStrategy: normal, platform: XP, platformName: XP, proxy: Proxy(), setWindowRect: true, strictFileInteractability: false, timeouts: {implicit: 0, pageLoad: 300000, script: 30000}, unhandledPromptBehavior: dismiss and notify}
Session ID: b108dc9c41ed536e159530179870408c
*** Element info: {Using=xpath, value=//li[@data-value='']}
at java.base/jdk.internal.reflect.NativeConstructorAccessorImpl.newInstance0(Native Method)
at java.base/jdk.internal.reflect.NativeConstructorAccessorImpl.newInstance(NativeConstructorAccessorImpl.java:62)
at java.base/jdk.internal.reflect.DelegatingConstructorAccessorImpl.newInstance(DelegatingConstructorAccessorImpl.java:45)
at java.base/java.lang.reflect.Constructor.newInstanceWithCaller(Constructor.java:500)
at java.base/java.lang.reflect.Constructor.newInstance(Constructor.java:481)
at org.openqa.selenium.remote.http.W3CHttpResponseCodec.createException(W3CHttpResponseCodec.java:187)
at org.openqa.selenium.remote.http.W3CHttpResponseCodec.decode(W3CHttpResponseCodec.java:122)
at org.openqa.selenium.remote.http.W3CHttpResponseCodec.decode(W3CHttpResponseCodec.java:49)
at org.openqa.selenium.remote.HttpCommandExecutor.execute(HttpCommandExecutor.java:158)
at org.openqa.selenium.remote.service.DriverCommandExecutor.execute(DriverCommandExecutor.java:83)
at org.openqa.selenium.remote.RemoteWebDriver.execute(RemoteWebDriver.java:552)
at org.openqa.selenium.remote.RemoteWebElement.execute(RemoteWebElement.java:285)
at org.openqa.selenium.remote.RemoteWebElement.findElement(RemoteWebElement.java:185)
at org.openqa.selenium.remote.RemoteWebElement.findElementByXPath(RemoteWebElement.java:261)
at org.openqa.selenium.By$ByXPath.findElement(By.java:353)
at org.openqa.selenium.remote.RemoteWebElement.findElement(RemoteWebElement.java:181)
at jdk.internal.reflect.GeneratedMethodAccessor3.invoke(Unknown Source)
at java.base/jdk.internal.reflect.DelegatingMethodAccessorImpl.invoke(DelegatingMethodAccessorImpl.java:43)
at java.base/java.lang.reflect.Method.invoke(Method.java:567)
at org.openqa.selenium.support.pagefactory.internal.LocatingElementHandler.invoke(LocatingElementHandler.java:51)
at com.sun.proxy.$Proxy18.findElement(Unknown Source)
at backgroundCheck.utils.ElementUtils.selectValueFromDropdownMenu(ElementUtils.java:43)
at backgroundCheck.utils.FlowUtils.reachAndFillInformationStg(FlowUtils.java:116)
at backgroundCheck.utils.FlowUtils.reachStage(FlowUtils.java:42)
at backgroundCheck.feature.e2e.TC00004_TC000016_verifyInformationPageRequiredInputs.verifyFormRequiredInputs(TC00004_TC000016_verifyInformationPageRequiredInputs.java:51)
at java.base/jdk.internal.reflect.NativeMethodAccessorImpl.invoke0(Native Method)
at java.base/jdk.internal.reflect.NativeMethodAccessorImpl.invoke(NativeMethodAccessorImpl.java:62)
at java.base/jdk.internal.reflect.DelegatingMethodAccessorImpl.invoke(DelegatingMethodAccessorImpl.java:43)
at java.base/java.lang.reflect.Method.invoke(Method.java:567)
at org.testng.internal.MethodInvocationHelper.invokeMethod(MethodInvocationHelper.java:134)
at org.testng.internal.TestInvoker.invokeMethod(TestInvoker.java:597)
at org.testng.internal.TestInvoker.invokeTestMethod(TestInvoker.java:173)
at org.testng.internal.MethodRunner.runInSequence(MethodRunner.java:46)
at org.testng.internal.TestInvoker$MethodInvocationAgent.invoke(TestInvoker.java:816)
at org.testng.internal.TestInvoker.invokeTestMethods(TestInvoker.java:146)
at org.testng.internal.TestMethodWorker.invokeTestMethods(TestMethodWorker.java:146)
at org.testng.internal.TestMethodWorker.run(TestMethodWorker.java:128)
at java.base/java.util.ArrayList.forEach(ArrayList.java:1507)
at org.testng.TestRunner.privateRun(TestRunner.java:766)
at org.testng.TestRunner.run(TestRunner.java:587)
at org.testng.SuiteRunner.runTest(SuiteRunner.java:384)
at org.testng.SuiteRunner.runSequentially(SuiteRunner.java:378)
at org.testng.SuiteRunner.privateRun(SuiteRunner.java:337)
at org.testng.SuiteRunner.run(SuiteRunner.java:286)
at org.testng.SuiteRunnerWorker.runSuite(SuiteRunnerWorker.java:53)
at org.testng.SuiteRunnerWorker.run(SuiteRunnerWorker.java:96)
at org.testng.TestNG.runSuitesSequentially(TestNG.java:1187)
at org.testng.TestNG.runSuitesLocally(TestNG.java:1109)
at org.testng.TestNG.runSuites(TestNG.java:1039)
at org.testng.TestNG.run(TestNG.java:1007)
at org.testng.remote.AbstractRemoteTestNG.run(AbstractRemoteTestNG.java:115)
at org.testng.remote.RemoteTestNG.initAndRun(RemoteTestNG.java:251)
at org.testng.remote.RemoteTestNG.main(RemoteTestNG.java:77)
]]>
            </full-stacktrace>
          </exception> <!-- org.openqa.selenium.NoSuchElementException -->
          <reporter-output>
          </reporter-output>
        </test-method> <!-- verifyFormRequiredInputs -->
        <test-method is-config="true" signature="closeConnections()[pri:0, instance:backgroundCheck.feature.e2e.TC00004_TC000016_verifyInformationPageRequiredInputs@163e4e87]" started-at="2020-07-11T16:54:35 PDT" name="closeConnections" finished-at="2020-07-11T16:54:35 PDT" duration-ms="715" status="PASS">
          <reporter-output>
          </reporter-output>
        </test-method> <!-- closeConnections -->
        <test-method is-config="true" signature="initWebDriver(org.testng.ITestContext)[pri:0, instance:backgroundCheck.feature.e2e.TC00004_TC000016_verifyInformationPageRequiredInputs@163e4e87]" started-at="2020-07-11T16:54:35 PDT" name="initWebDriver" finished-at="2020-07-11T16:54:37 PDT" duration-ms="1999" status="PASS">
          <params>
            <param index="0">
              <value>
                <![CDATA[org.testng.TestRunner@294ebe11]]>
              </value>
            </param>
          </params>
          <reporter-output>
          </reporter-output>
        </test-method> <!-- initWebDriver -->
        <test-method signature="verifyFormRequiredInputs(java.lang.String, java.lang.String, java.lang.String, java.lang.String, java.lang.String, java.lang.String, java.lang.String, java.lang.String, java.lang.String, java.lang.String, java.lang.String, java.lang.String, java.lang.String, java.lang.String, java.lang.String, java.lang.String)[pri:0, instance:backgroundCheck.feature.e2e.TC00004_TC000016_verifyInformationPageRequiredInputs@163e4e87]" started-at="2020-07-11T16:54:37 PDT" name="verifyFormRequiredInputs" data-provider="TC00004_TC00016_E2E" finished-at="2020-07-11T16:54:54 PDT" duration-ms="16626" status="FAIL">
          <params>
            <param index="0">
              <value>
                <![CDATA[TC_00009]]>
              </value>
            </param>
            <param index="1">
              <value>
                <![CDATA[INFORMATION]]>
              </value>
            </param>
            <param index="2">
              <value>
                <![CDATA[Rodrigo]]>
              </value>
            </param>
            <param index="3">
              <value>
                <![CDATA[Moran]]>
              </value>
            </param>
            <param index="4">
              <value>
                <![CDATA[Gustavo]]>
              </value>
            </param>
            <param index="5">
              <value>
                <![CDATA[true]]>
              </value>
            </param>
            <param index="6">
              <value>
                <![CDATA[24]]>
              </value>
            </param>
            <param index="7">
              <value>
                <![CDATA[8]]>
              </value>
            </param>
            <param index="8">
              <value>
                <![CDATA[]]>
              </value>
            </param>
            <param index="9">
              <value>
                <![CDATA[M]]>
              </value>
            </param>
            <param index="10">
              <value>
                <![CDATA[111111111]]>
              </value>
            </param>
            <param index="11">
              <value>
                <![CDATA[12345]]>
              </value>
            </param>
            <param index="12">
              <value>
                <![CDATA[rodrotck@gmail.com]]>
              </value>
            </param>
            <param index="13">
              <value>
                <![CDATA[1234567890]]>
              </value>
            </param>
            <param index="14">
              <value>
                <![CDATA[TX]]>
              </value>
            </param>
            <param index="15">
              <value>
                <![CDATA[12345678]]>
              </value>
            </param>
          </params>
          <exception class="org.openqa.selenium.NoSuchElementException">
            <message>
              <![CDATA[no such element: Unable to locate element: {"method":"xpath","selector":"//li[@data-value='']"}
  (Session info: chrome=78.0.3904.70)
For documentation on this error, please visit: https://www.seleniumhq.org/exceptions/no_such_element.html
Build info: version: '3.141.59', revision: 'e82be7d358', time: '2018-11-14T08:17:03'
System info: host: 'LCASDSRMORA', ip: '192.168.0.4', os.name: 'Windows 10', os.arch: 'amd64', os.version: '10.0', java.version: '13.0.1'
Driver info: org.openqa.selenium.chrome.ChromeDriver
Capabilities {acceptInsecureCerts: false, browserName: chrome, browserVersion: 78.0.3904.70, chrome: {chromedriverVersion: 78.0.3904.70 (edb9c9f3de024..., userDataDir: C:\Users\RODRIG~1.MOR\AppDa...}, goog:chromeOptions: {debuggerAddress: localhost:61384}, javascriptEnabled: true, networkConnectionEnabled: false, pageLoadStrategy: normal, platform: XP, platformName: XP, proxy: Proxy(), setWindowRect: true, strictFileInteractability: false, timeouts: {implicit: 0, pageLoad: 300000, script: 30000}, unhandledPromptBehavior: dismiss and notify}
Session ID: fbb0b2df288aabbd0af69161d8fa470f
*** Element info: {Using=xpath, value=//li[@data-value='']}]]>
            </message>
            <full-stacktrace>
              <![CDATA[org.openqa.selenium.NoSuchElementException: no such element: Unable to locate element: {"method":"xpath","selector":"//li[@data-value='']"}
  (Session info: chrome=78.0.3904.70)
For documentation on this error, please visit: https://www.seleniumhq.org/exceptions/no_such_element.html
Build info: version: '3.141.59', revision: 'e82be7d358', time: '2018-11-14T08:17:03'
System info: host: 'LCASDSRMORA', ip: '192.168.0.4', os.name: 'Windows 10', os.arch: 'amd64', os.version: '10.0', java.version: '13.0.1'
Driver info: org.openqa.selenium.chrome.ChromeDriver
Capabilities {acceptInsecureCerts: false, browserName: chrome, browserVersion: 78.0.3904.70, chrome: {chromedriverVersion: 78.0.3904.70 (edb9c9f3de024..., userDataDir: C:\Users\RODRIG~1.MOR\AppDa...}, goog:chromeOptions: {debuggerAddress: localhost:61384}, javascriptEnabled: true, networkConnectionEnabled: false, pageLoadStrategy: normal, platform: XP, platformName: XP, proxy: Proxy(), setWindowRect: true, strictFileInteractability: false, timeouts: {implicit: 0, pageLoad: 300000, script: 30000}, unhandledPromptBehavior: dismiss and notify}
Session ID: fbb0b2df288aabbd0af69161d8fa470f
*** Element info: {Using=xpath, value=//li[@data-value='']}
at java.base/jdk.internal.reflect.NativeConstructorAccessorImpl.newInstance0(Native Method)
at java.base/jdk.internal.reflect.NativeConstructorAccessorImpl.newInstance(NativeConstructorAccessorImpl.java:62)
at java.base/jdk.internal.reflect.DelegatingConstructorAccessorImpl.newInstance(DelegatingConstructorAccessorImpl.java:45)
at java.base/java.lang.reflect.Constructor.newInstanceWithCaller(Constructor.java:500)
at java.base/java.lang.reflect.Constructor.newInstance(Constructor.java:481)
at org.openqa.selenium.remote.http.W3CHttpResponseCodec.createException(W3CHttpResponseCodec.java:187)
at org.openqa.selenium.remote.http.W3CHttpResponseCodec.decode(W3CHttpResponseCodec.java:122)
at org.openqa.selenium.remote.http.W3CHttpResponseCodec.decode(W3CHttpResponseCodec.java:49)
at org.openqa.selenium.remote.HttpCommandExecutor.execute(HttpCommandExecutor.java:158)
at org.openqa.selenium.remote.service.DriverCommandExecutor.execute(DriverCommandExecutor.java:83)
at org.openqa.selenium.remote.RemoteWebDriver.execute(RemoteWebDriver.java:552)
at org.openqa.selenium.remote.RemoteWebElement.execute(RemoteWebElement.java:285)
at org.openqa.selenium.remote.RemoteWebElement.findElement(RemoteWebElement.java:185)
at org.openqa.selenium.remote.RemoteWebElement.findElementByXPath(RemoteWebElement.java:261)
at org.openqa.selenium.By$ByXPath.findElement(By.java:353)
at org.openqa.selenium.remote.RemoteWebElement.findElement(RemoteWebElement.java:181)
at jdk.internal.reflect.GeneratedMethodAccessor3.invoke(Unknown Source)
at java.base/jdk.internal.reflect.DelegatingMethodAccessorImpl.invoke(DelegatingMethodAccessorImpl.java:43)
at java.base/java.lang.reflect.Method.invoke(Method.java:567)
at org.openqa.selenium.support.pagefactory.internal.LocatingElementHandler.invoke(LocatingElementHandler.java:51)
at com.sun.proxy.$Proxy18.findElement(Unknown Source)
at backgroundCheck.utils.ElementUtils.selectValueFromDropdownMenu(ElementUtils.java:43)
at backgroundCheck.utils.FlowUtils.reachAndFillInformationStg(FlowUtils.java:124)
at backgroundCheck.utils.FlowUtils.reachStage(FlowUtils.java:42)
at backgroundCheck.feature.e2e.TC00004_TC000016_verifyInformationPageRequiredInputs.verifyFormRequiredInputs(TC00004_TC000016_verifyInformationPageRequiredInputs.java:51)
at java.base/jdk.internal.reflect.NativeMethodAccessorImpl.invoke0(Native Method)
at java.base/jdk.internal.reflect.NativeMethodAccessorImpl.invoke(NativeMethodAccessorImpl.java:62)
at java.base/jdk.internal.reflect.DelegatingMethodAccessorImpl.invoke(DelegatingMethodAccessorImpl.java:43)
at java.base/java.lang.reflect.Method.invoke(Method.java:567)
at org.testng.internal.MethodInvocationHelper.invokeMethod(MethodInvocationHelper.java:134)
at org.testng.internal.TestInvoker.invokeMethod(TestInvoker.java:597)
at org.testng.internal.TestInvoker.invokeTestMethod(TestInvoker.java:173)
at org.testng.internal.MethodRunner.runInSequence(MethodRunner.java:46)
at org.testng.internal.TestInvoker$MethodInvocationAgent.invoke(TestInvoker.java:816)
at org.testng.internal.TestInvoker.invokeTestMethods(TestInvoker.java:146)
at org.testng.internal.TestMethodWorker.invokeTestMethods(TestMethodWorker.java:146)
at org.testng.internal.TestMethodWorker.run(TestMethodWorker.java:128)
at java.base/java.util.ArrayList.forEach(ArrayList.java:1507)
at org.testng.TestRunner.privateRun(TestRunner.java:766)
at org.testng.TestRunner.run(TestRunner.java:587)
at org.testng.SuiteRunner.runTest(SuiteRunner.java:384)
at org.testng.SuiteRunner.runSequentially(SuiteRunner.java:378)
at org.testng.SuiteRunner.privateRun(SuiteRunner.java:337)
at org.testng.SuiteRunner.run(SuiteRunner.java:286)
at org.testng.SuiteRunnerWorker.runSuite(SuiteRunnerWorker.java:53)
at org.testng.SuiteRunnerWorker.run(SuiteRunnerWorker.java:96)
at org.testng.TestNG.runSuitesSequentially(TestNG.java:1187)
at org.testng.TestNG.runSuitesLocally(TestNG.java:1109)
at org.testng.TestNG.runSuites(TestNG.java:1039)
at org.testng.TestNG.run(TestNG.java:1007)
at org.testng.remote.AbstractRemoteTestNG.run(AbstractRemoteTestNG.java:115)
at org.testng.remote.RemoteTestNG.initAndRun(RemoteTestNG.java:251)
at org.testng.remote.RemoteTestNG.main(RemoteTestNG.java:77)
]]>
            </full-stacktrace>
          </exception> <!-- org.openqa.selenium.NoSuchElementException -->
          <reporter-output>
          </reporter-output>
        </test-method> <!-- verifyFormRequiredInputs -->
        <test-method is-config="true" signature="closeConnections()[pri:0, instance:backgroundCheck.feature.e2e.TC00004_TC000016_verifyInformationPageRequiredInputs@163e4e87]" started-at="2020-07-11T16:54:54 PDT" name="closeConnections" finished-at="2020-07-11T16:54:55 PDT" duration-ms="701" status="PASS">
          <reporter-output>
          </reporter-output>
        </test-method> <!-- closeConnections -->
        <test-method is-config="true" signature="initWebDriver(org.testng.ITestContext)[pri:0, instance:backgroundCheck.feature.e2e.TC00004_TC000016_verifyInformationPageRequiredInputs@163e4e87]" started-at="2020-07-11T16:54:55 PDT" name="initWebDriver" finished-at="2020-07-11T16:54:57 PDT" duration-ms="2087" status="PASS">
          <params>
            <param index="0">
              <value>
                <![CDATA[org.testng.TestRunner@294ebe11]]>
              </value>
            </param>
          </params>
          <reporter-output>
          </reporter-output>
        </test-method> <!-- initWebDriver -->
        <test-method signature="verifyFormRequiredInputs(java.lang.String, java.lang.String, java.lang.String, java.lang.String, java.lang.String, java.lang.String, java.lang.String, java.lang.String, java.lang.String, java.lang.String, java.lang.String, java.lang.String, java.lang.String, java.lang.String, java.lang.String, java.lang.String)[pri:0, instance:backgroundCheck.feature.e2e.TC00004_TC000016_verifyInformationPageRequiredInputs@163e4e87]" started-at="2020-07-11T16:54:57 PDT" name="verifyFormRequiredInputs" data-provider="TC00004_TC00016_E2E" finished-at="2020-07-11T16:55:16 PDT" duration-ms="18947" status="FAIL">
          <params>
            <param index="0">
              <value>
                <![CDATA[TC_00010]]>
              </value>
            </param>
            <param index="1">
              <value>
                <![CDATA[INFORMATION]]>
              </value>
            </param>
            <param index="2">
              <value>
                <![CDATA[Rodrigo]]>
              </value>
            </param>
            <param index="3">
              <value>
                <![CDATA[Moran]]>
              </value>
            </param>
            <param index="4">
              <value>
                <![CDATA[Gustavo]]>
              </value>
            </param>
            <param index="5">
              <value>
                <![CDATA[true]]>
              </value>
            </param>
            <param index="6">
              <value>
                <![CDATA[24]]>
              </value>
            </param>
            <param index="7">
              <value>
                <![CDATA[8]]>
              </value>
            </param>
            <param index="8">
              <value>
                <![CDATA[1990]]>
              </value>
            </param>
            <param index="9">
              <value>
                <![CDATA[]]>
              </value>
            </param>
            <param index="10">
              <value>
                <![CDATA[111111111]]>
              </value>
            </param>
            <param index="11">
              <value>
                <![CDATA[12345]]>
              </value>
            </param>
            <param index="12">
              <value>
                <![CDATA[rodrotck@gmail.com]]>
              </value>
            </param>
            <param index="13">
              <value>
                <![CDATA[1234567890]]>
              </value>
            </param>
            <param index="14">
              <value>
                <![CDATA[TX]]>
              </value>
            </param>
            <param index="15">
              <value>
                <![CDATA[12345678]]>
              </value>
            </param>
          </params>
          <exception class="org.openqa.selenium.NoSuchElementException">
            <message>
              <![CDATA[no such element: Unable to locate element: {"method":"xpath","selector":"//li[@data-value='']"}
  (Session info: chrome=78.0.3904.70)
For documentation on this error, please visit: https://www.seleniumhq.org/exceptions/no_such_element.html
Build info: version: '3.141.59', revision: 'e82be7d358', time: '2018-11-14T08:17:03'
System info: host: 'LCASDSRMORA', ip: '192.168.0.4', os.name: 'Windows 10', os.arch: 'amd64', os.version: '10.0', java.version: '13.0.1'
Driver info: org.openqa.selenium.chrome.ChromeDriver
Capabilities {acceptInsecureCerts: false, browserName: chrome, browserVersion: 78.0.3904.70, chrome: {chromedriverVersion: 78.0.3904.70 (edb9c9f3de024..., userDataDir: C:\Users\RODRIG~1.MOR\AppDa...}, goog:chromeOptions: {debuggerAddress: localhost:61441}, javascriptEnabled: true, networkConnectionEnabled: false, pageLoadStrategy: normal, platform: XP, platformName: XP, proxy: Proxy(), setWindowRect: true, strictFileInteractability: false, timeouts: {implicit: 0, pageLoad: 300000, script: 30000}, unhandledPromptBehavior: dismiss and notify}
Session ID: 22a03d9ba1ecfd18e099720b6e6cfc8a
*** Element info: {Using=xpath, value=//li[@data-value='']}]]>
            </message>
            <full-stacktrace>
              <![CDATA[org.openqa.selenium.NoSuchElementException: no such element: Unable to locate element: {"method":"xpath","selector":"//li[@data-value='']"}
  (Session info: chrome=78.0.3904.70)
For documentation on this error, please visit: https://www.seleniumhq.org/exceptions/no_such_element.html
Build info: version: '3.141.59', revision: 'e82be7d358', time: '2018-11-14T08:17:03'
System info: host: 'LCASDSRMORA', ip: '192.168.0.4', os.name: 'Windows 10', os.arch: 'amd64', os.version: '10.0', java.version: '13.0.1'
Driver info: org.openqa.selenium.chrome.ChromeDriver
Capabilities {acceptInsecureCerts: false, browserName: chrome, browserVersion: 78.0.3904.70, chrome: {chromedriverVersion: 78.0.3904.70 (edb9c9f3de024..., userDataDir: C:\Users\RODRIG~1.MOR\AppDa...}, goog:chromeOptions: {debuggerAddress: localhost:61441}, javascriptEnabled: true, networkConnectionEnabled: false, pageLoadStrategy: normal, platform: XP, platformName: XP, proxy: Proxy(), setWindowRect: true, strictFileInteractability: false, timeouts: {implicit: 0, pageLoad: 300000, script: 30000}, unhandledPromptBehavior: dismiss and notify}
Session ID: 22a03d9ba1ecfd18e099720b6e6cfc8a
*** Element info: {Using=xpath, value=//li[@data-value='']}
at java.base/jdk.internal.reflect.NativeConstructorAccessorImpl.newInstance0(Native Method)
at java.base/jdk.internal.reflect.NativeConstructorAccessorImpl.newInstance(NativeConstructorAccessorImpl.java:62)
at java.base/jdk.internal.reflect.DelegatingConstructorAccessorImpl.newInstance(DelegatingConstructorAccessorImpl.java:45)
at java.base/java.lang.reflect.Constructor.newInstanceWithCaller(Constructor.java:500)
at java.base/java.lang.reflect.Constructor.newInstance(Constructor.java:481)
at org.openqa.selenium.remote.http.W3CHttpResponseCodec.createException(W3CHttpResponseCodec.java:187)
at org.openqa.selenium.remote.http.W3CHttpResponseCodec.decode(W3CHttpResponseCodec.java:122)
at org.openqa.selenium.remote.http.W3CHttpResponseCodec.decode(W3CHttpResponseCodec.java:49)
at org.openqa.selenium.remote.HttpCommandExecutor.execute(HttpCommandExecutor.java:158)
at org.openqa.selenium.remote.service.DriverCommandExecutor.execute(DriverCommandExecutor.java:83)
at org.openqa.selenium.remote.RemoteWebDriver.execute(RemoteWebDriver.java:552)
at org.openqa.selenium.remote.RemoteWebElement.execute(RemoteWebElement.java:285)
at org.openqa.selenium.remote.RemoteWebElement.findElement(RemoteWebElement.java:185)
at org.openqa.selenium.remote.RemoteWebElement.findElementByXPath(RemoteWebElement.java:261)
at org.openqa.selenium.By$ByXPath.findElement(By.java:353)
at org.openqa.selenium.remote.RemoteWebElement.findElement(RemoteWebElement.java:181)
at jdk.internal.reflect.GeneratedMethodAccessor3.invoke(Unknown Source)
at java.base/jdk.internal.reflect.DelegatingMethodAccessorImpl.invoke(DelegatingMethodAccessorImpl.java:43)
at java.base/java.lang.reflect.Method.invoke(Method.java:567)
at org.openqa.selenium.support.pagefactory.internal.LocatingElementHandler.invoke(LocatingElementHandler.java:51)
at com.sun.proxy.$Proxy18.findElement(Unknown Source)
at backgroundCheck.utils.ElementUtils.selectValueFromDropdownMenu(ElementUtils.java:43)
at backgroundCheck.utils.FlowUtils.reachAndFillInformationStg(FlowUtils.java:129)
at backgroundCheck.utils.FlowUtils.reachStage(FlowUtils.java:42)
at backgroundCheck.feature.e2e.TC00004_TC000016_verifyInformationPageRequiredInputs.verifyFormRequiredInputs(TC00004_TC000016_verifyInformationPageRequiredInputs.java:51)
at java.base/jdk.internal.reflect.NativeMethodAccessorImpl.invoke0(Native Method)
at java.base/jdk.internal.reflect.NativeMethodAccessorImpl.invoke(NativeMethodAccessorImpl.java:62)
at java.base/jdk.internal.reflect.DelegatingMethodAccessorImpl.invoke(DelegatingMethodAccessorImpl.java:43)
at java.base/java.lang.reflect.Method.invoke(Method.java:567)
at org.testng.internal.MethodInvocationHelper.invokeMethod(MethodInvocationHelper.java:134)
at org.testng.internal.TestInvoker.invokeMethod(TestInvoker.java:597)
at org.testng.internal.TestInvoker.invokeTestMethod(TestInvoker.java:173)
at org.testng.internal.MethodRunner.runInSequence(MethodRunner.java:46)
at org.testng.internal.TestInvoker$MethodInvocationAgent.invoke(TestInvoker.java:816)
at org.testng.internal.TestInvoker.invokeTestMethods(TestInvoker.java:146)
at org.testng.internal.TestMethodWorker.invokeTestMethods(TestMethodWorker.java:146)
at org.testng.internal.TestMethodWorker.run(TestMethodWorker.java:128)
at java.base/java.util.ArrayList.forEach(ArrayList.java:1507)
at org.testng.TestRunner.privateRun(TestRunner.java:766)
at org.testng.TestRunner.run(TestRunner.java:587)
at org.testng.SuiteRunner.runTest(SuiteRunner.java:384)
at org.testng.SuiteRunner.runSequentially(SuiteRunner.java:378)
at org.testng.SuiteRunner.privateRun(SuiteRunner.java:337)
at org.testng.SuiteRunner.run(SuiteRunner.java:286)
at org.testng.SuiteRunnerWorker.runSuite(SuiteRunnerWorker.java:53)
at org.testng.SuiteRunnerWorker.run(SuiteRunnerWorker.java:96)
at org.testng.TestNG.runSuitesSequentially(TestNG.java:1187)
at org.testng.TestNG.runSuitesLocally(TestNG.java:1109)
at org.testng.TestNG.runSuites(TestNG.java:1039)
at org.testng.TestNG.run(TestNG.java:1007)
at org.testng.remote.AbstractRemoteTestNG.run(AbstractRemoteTestNG.java:115)
at org.testng.remote.RemoteTestNG.initAndRun(RemoteTestNG.java:251)
at org.testng.remote.RemoteTestNG.main(RemoteTestNG.java:77)
]]>
            </full-stacktrace>
          </exception> <!-- org.openqa.selenium.NoSuchElementException -->
          <reporter-output>
          </reporter-output>
        </test-method> <!-- verifyFormRequiredInputs -->
        <test-method is-config="true" signature="closeConnections()[pri:0, instance:backgroundCheck.feature.e2e.TC00004_TC000016_verifyInformationPageRequiredInputs@163e4e87]" started-at="2020-07-11T16:55:16 PDT" name="closeConnections" finished-at="2020-07-11T16:55:17 PDT" duration-ms="723" status="PASS">
          <reporter-output>
          </reporter-output>
        </test-method> <!-- closeConnections -->
        <test-method is-config="true" signature="initWebDriver(org.testng.ITestContext)[pri:0, instance:backgroundCheck.feature.e2e.TC00004_TC000016_verifyInformationPageRequiredInputs@163e4e87]" started-at="2020-07-11T16:55:17 PDT" name="initWebDriver" finished-at="2020-07-11T16:55:19 PDT" duration-ms="2138" status="PASS">
          <params>
            <param index="0">
              <value>
                <![CDATA[org.testng.TestRunner@294ebe11]]>
              </value>
            </param>
          </params>
          <reporter-output>
          </reporter-output>
        </test-method> <!-- initWebDriver -->
        <test-method signature="verifyFormRequiredInputs(java.lang.String, java.lang.String, java.lang.String, java.lang.String, java.lang.String, java.lang.String, java.lang.String, java.lang.String, java.lang.String, java.lang.String, java.lang.String, java.lang.String, java.lang.String, java.lang.String, java.lang.String, java.lang.String)[pri:0, instance:backgroundCheck.feature.e2e.TC00004_TC000016_verifyInformationPageRequiredInputs@163e4e87]" started-at="2020-07-11T16:55:19 PDT" name="verifyFormRequiredInputs" data-provider="TC00004_TC00016_E2E" finished-at="2020-07-11T16:55:19 PDT" duration-ms="3" status="FAIL">
          <params>
            <param index="0">
              <value>
                <![CDATA[TC_00011]]>
              </value>
            </param>
            <param index="1">
              <value>
                <![CDATA[INFORMATION]]>
              </value>
            </param>
            <param index="2">
              <value>
                <![CDATA[Rodrigo]]>
              </value>
            </param>
            <param index="3">
              <value>
                <![CDATA[Moran]]>
              </value>
            </param>
            <param index="4">
              <value>
                <![CDATA[Gustavo]]>
              </value>
            </param>
            <param index="5">
              <value>
                <![CDATA[true]]>
              </value>
            </param>
            <param index="6">
              <value>
                <![CDATA[24]]>
              </value>
            </param>
            <param index="7">
              <value>
                <![CDATA[8]]>
              </value>
            </param>
            <param index="8">
              <value>
                <![CDATA[1990]]>
              </value>
            </param>
            <param index="9">
              <value>
                <![CDATA[M]]>
              </value>
            </param>
            <param index="10">
              <value>
                <![CDATA[]]>
              </value>
            </param>
            <param index="11">
              <value>
                <![CDATA[12345]]>
              </value>
            </param>
            <param index="12">
              <value>
                <![CDATA[rodrotck@gmail.com]]>
              </value>
            </param>
            <param index="13">
              <value>
                <![CDATA[1234567890]]>
              </value>
            </param>
            <param index="14">
              <value>
                <![CDATA[TX]]>
              </value>
            </param>
            <param index="15">
              <value>
                <![CDATA[12345678]]>
              </value>
            </param>
          </params>
          <exception class="java.lang.StringIndexOutOfBoundsException">
            <message>
              <![CDATA[begin 0, end 3, length 0]]>
            </message>
            <full-stacktrace>
              <![CDATA[java.lang.StringIndexOutOfBoundsException: begin 0, end 3, length 0
at java.base/java.lang.String.checkBoundsBeginEnd(String.java:3720)
at java.base/java.lang.String.substring(String.java:1909)
at backgroundCheck.pojo.InformationFormData.formatSSN(InformationFormData.java:113)
at backgroundCheck.pojo.InformationFormData.<init>(InformationFormData.java:18)
at backgroundCheck.feature.e2e.TC00004_TC000016_verifyInformationPageRequiredInputs.verifyFormRequiredInputs(TC00004_TC000016_verifyInformationPageRequiredInputs.java:47)
at java.base/jdk.internal.reflect.NativeMethodAccessorImpl.invoke0(Native Method)
at java.base/jdk.internal.reflect.NativeMethodAccessorImpl.invoke(NativeMethodAccessorImpl.java:62)
at java.base/jdk.internal.reflect.DelegatingMethodAccessorImpl.invoke(DelegatingMethodAccessorImpl.java:43)
at java.base/java.lang.reflect.Method.invoke(Method.java:567)
at org.testng.internal.MethodInvocationHelper.invokeMethod(MethodInvocationHelper.java:134)
at org.testng.internal.TestInvoker.invokeMethod(TestInvoker.java:597)
at org.testng.internal.TestInvoker.invokeTestMethod(TestInvoker.java:173)
at org.testng.internal.MethodRunner.runInSequence(MethodRunner.java:46)
at org.testng.internal.TestInvoker$MethodInvocationAgent.invoke(TestInvoker.java:816)
at org.testng.internal.TestInvoker.invokeTestMethods(TestInvoker.java:146)
at org.testng.internal.TestMethodWorker.invokeTestMethods(TestMethodWorker.java:146)
at org.testng.internal.TestMethodWorker.run(TestMethodWorker.java:128)
at java.base/java.util.ArrayList.forEach(ArrayList.java:1507)
at org.testng.TestRunner.privateRun(TestRunner.java:766)
at org.testng.TestRunner.run(TestRunner.java:587)
at org.testng.SuiteRunner.runTest(SuiteRunner.java:384)
at org.testng.SuiteRunner.runSequentially(SuiteRunner.java:378)
at org.testng.SuiteRunner.privateRun(SuiteRunner.java:337)
at org.testng.SuiteRunner.run(SuiteRunner.java:286)
at org.testng.SuiteRunnerWorker.runSuite(SuiteRunnerWorker.java:53)
at org.testng.SuiteRunnerWorker.run(SuiteRunnerWorker.java:96)
at org.testng.TestNG.runSuitesSequentially(TestNG.java:1187)
at org.testng.TestNG.runSuitesLocally(TestNG.java:1109)
at org.testng.TestNG.runSuites(TestNG.java:1039)
at org.testng.TestNG.run(TestNG.java:1007)
at org.testng.remote.AbstractRemoteTestNG.run(AbstractRemoteTestNG.java:115)
at org.testng.remote.RemoteTestNG.initAndRun(RemoteTestNG.java:251)
at org.testng.remote.RemoteTestNG.main(RemoteTestNG.java:77)
]]>
            </full-stacktrace>
          </exception> <!-- java.lang.StringIndexOutOfBoundsException -->
          <reporter-output>
          </reporter-output>
        </test-method> <!-- verifyFormRequiredInputs -->
        <test-method is-config="true" signature="closeConnections()[pri:0, instance:backgroundCheck.feature.e2e.TC00004_TC000016_verifyInformationPageRequiredInputs@163e4e87]" started-at="2020-07-11T16:55:20 PDT" name="closeConnections" finished-at="2020-07-11T16:55:20 PDT" duration-ms="675" status="PASS">
          <reporter-output>
          </reporter-output>
        </test-method> <!-- closeConnections -->
        <test-method is-config="true" signature="initWebDriver(org.testng.ITestContext)[pri:0, instance:backgroundCheck.feature.e2e.TC00004_TC000016_verifyInformationPageRequiredInputs@163e4e87]" started-at="2020-07-11T16:55:20 PDT" name="initWebDriver" finished-at="2020-07-11T16:55:22 PDT" duration-ms="2038" status="PASS">
          <params>
            <param index="0">
              <value>
                <![CDATA[org.testng.TestRunner@294ebe11]]>
              </value>
            </param>
          </params>
          <reporter-output>
          </reporter-output>
        </test-method> <!-- initWebDriver -->
        <test-method signature="verifyFormRequiredInputs(java.lang.String, java.lang.String, java.lang.String, java.lang.String, java.lang.String, java.lang.String, java.lang.String, java.lang.String, java.lang.String, java.lang.String, java.lang.String, java.lang.String, java.lang.String, java.lang.String, java.lang.String, java.lang.String)[pri:0, instance:backgroundCheck.feature.e2e.TC00004_TC000016_verifyInformationPageRequiredInputs@163e4e87]" started-at="2020-07-11T16:55:22 PDT" name="verifyFormRequiredInputs" data-provider="TC00004_TC00016_E2E" finished-at="2020-07-11T16:55:48 PDT" duration-ms="25443" status="PASS">
          <params>
            <param index="0">
              <value>
                <![CDATA[TC_00012]]>
              </value>
            </param>
            <param index="1">
              <value>
                <![CDATA[INFORMATION]]>
              </value>
            </param>
            <param index="2">
              <value>
                <![CDATA[Rodrigo]]>
              </value>
            </param>
            <param index="3">
              <value>
                <![CDATA[Moran]]>
              </value>
            </param>
            <param index="4">
              <value>
                <![CDATA[Gustavo]]>
              </value>
            </param>
            <param index="5">
              <value>
                <![CDATA[true]]>
              </value>
            </param>
            <param index="6">
              <value>
                <![CDATA[24]]>
              </value>
            </param>
            <param index="7">
              <value>
                <![CDATA[8]]>
              </value>
            </param>
            <param index="8">
              <value>
                <![CDATA[1990]]>
              </value>
            </param>
            <param index="9">
              <value>
                <![CDATA[M]]>
              </value>
            </param>
            <param index="10">
              <value>
                <![CDATA[111111111]]>
              </value>
            </param>
            <param index="11">
              <value>
                <![CDATA[]]>
              </value>
            </param>
            <param index="12">
              <value>
                <![CDATA[rodrotck@gmail.com]]>
              </value>
            </param>
            <param index="13">
              <value>
                <![CDATA[1234567890]]>
              </value>
            </param>
            <param index="14">
              <value>
                <![CDATA[TX]]>
              </value>
            </param>
            <param index="15">
              <value>
                <![CDATA[12345678]]>
              </value>
            </param>
          </params>
          <reporter-output>
          </reporter-output>
        </test-method> <!-- verifyFormRequiredInputs -->
        <test-method is-config="true" signature="closeConnections()[pri:0, instance:backgroundCheck.feature.e2e.TC00004_TC000016_verifyInformationPageRequiredInputs@163e4e87]" started-at="2020-07-11T16:55:48 PDT" name="closeConnections" finished-at="2020-07-11T16:55:48 PDT" duration-ms="810" status="PASS">
          <reporter-output>
          </reporter-output>
        </test-method> <!-- closeConnections -->
        <test-method is-config="true" signature="initWebDriver(org.testng.ITestContext)[pri:0, instance:backgroundCheck.feature.e2e.TC00004_TC000016_verifyInformationPageRequiredInputs@163e4e87]" started-at="2020-07-11T16:55:48 PDT" name="initWebDriver" finished-at="2020-07-11T16:55:51 PDT" duration-ms="2109" status="PASS">
          <params>
            <param index="0">
              <value>
                <![CDATA[org.testng.TestRunner@294ebe11]]>
              </value>
            </param>
          </params>
          <reporter-output>
          </reporter-output>
        </test-method> <!-- initWebDriver -->
        <test-method signature="verifyFormRequiredInputs(java.lang.String, java.lang.String, java.lang.String, java.lang.String, java.lang.String, java.lang.String, java.lang.String, java.lang.String, java.lang.String, java.lang.String, java.lang.String, java.lang.String, java.lang.String, java.lang.String, java.lang.String, java.lang.String)[pri:0, instance:backgroundCheck.feature.e2e.TC00004_TC000016_verifyInformationPageRequiredInputs@163e4e87]" started-at="2020-07-11T16:55:51 PDT" name="verifyFormRequiredInputs" data-provider="TC00004_TC00016_E2E" finished-at="2020-07-11T16:56:16 PDT" duration-ms="25047" status="PASS">
          <params>
            <param index="0">
              <value>
                <![CDATA[TC_00013]]>
              </value>
            </param>
            <param index="1">
              <value>
                <![CDATA[INFORMATION]]>
              </value>
            </param>
            <param index="2">
              <value>
                <![CDATA[Rodrigo]]>
              </value>
            </param>
            <param index="3">
              <value>
                <![CDATA[Moran]]>
              </value>
            </param>
            <param index="4">
              <value>
                <![CDATA[Gustavo]]>
              </value>
            </param>
            <param index="5">
              <value>
                <![CDATA[true]]>
              </value>
            </param>
            <param index="6">
              <value>
                <![CDATA[24]]>
              </value>
            </param>
            <param index="7">
              <value>
                <![CDATA[8]]>
              </value>
            </param>
            <param index="8">
              <value>
                <![CDATA[1990]]>
              </value>
            </param>
            <param index="9">
              <value>
                <![CDATA[M]]>
              </value>
            </param>
            <param index="10">
              <value>
                <![CDATA[111111111]]>
              </value>
            </param>
            <param index="11">
              <value>
                <![CDATA[12345]]>
              </value>
            </param>
            <param index="12">
              <value>
                <![CDATA[]]>
              </value>
            </param>
            <param index="13">
              <value>
                <![CDATA[1234567890]]>
              </value>
            </param>
            <param index="14">
              <value>
                <![CDATA[TX]]>
              </value>
            </param>
            <param index="15">
              <value>
                <![CDATA[12345678]]>
              </value>
            </param>
          </params>
          <reporter-output>
          </reporter-output>
        </test-method> <!-- verifyFormRequiredInputs -->
        <test-method is-config="true" signature="closeConnections()[pri:0, instance:backgroundCheck.feature.e2e.TC00004_TC000016_verifyInformationPageRequiredInputs@163e4e87]" started-at="2020-07-11T16:56:16 PDT" name="closeConnections" finished-at="2020-07-11T16:56:16 PDT" duration-ms="714" status="PASS">
          <reporter-output>
          </reporter-output>
        </test-method> <!-- closeConnections -->
        <test-method is-config="true" signature="initWebDriver(org.testng.ITestContext)[pri:0, instance:backgroundCheck.feature.e2e.TC00004_TC000016_verifyInformationPageRequiredInputs@163e4e87]" started-at="2020-07-11T16:56:16 PDT" name="initWebDriver" finished-at="2020-07-11T16:56:18 PDT" duration-ms="2091" status="PASS">
          <params>
            <param index="0">
              <value>
                <![CDATA[org.testng.TestRunner@294ebe11]]>
              </value>
            </param>
          </params>
          <reporter-output>
          </reporter-output>
        </test-method> <!-- initWebDriver -->
        <test-method signature="verifyFormRequiredInputs(java.lang.String, java.lang.String, java.lang.String, java.lang.String, java.lang.String, java.lang.String, java.lang.String, java.lang.String, java.lang.String, java.lang.String, java.lang.String, java.lang.String, java.lang.String, java.lang.String, java.lang.String, java.lang.String)[pri:0, instance:backgroundCheck.feature.e2e.TC00004_TC000016_verifyInformationPageRequiredInputs@163e4e87]" started-at="2020-07-11T16:56:18 PDT" name="verifyFormRequiredInputs" data-provider="TC00004_TC00016_E2E" finished-at="2020-07-11T16:56:44 PDT" duration-ms="25074" status="PASS">
          <params>
            <param index="0">
              <value>
                <![CDATA[TC_00014]]>
              </value>
            </param>
            <param index="1">
              <value>
                <![CDATA[INFORMATION]]>
              </value>
            </param>
            <param index="2">
              <value>
                <![CDATA[Rodrigo]]>
              </value>
            </param>
            <param index="3">
              <value>
                <![CDATA[Moran]]>
              </value>
            </param>
            <param index="4">
              <value>
                <![CDATA[Gustavo]]>
              </value>
            </param>
            <param index="5">
              <value>
                <![CDATA[true]]>
              </value>
            </param>
            <param index="6">
              <value>
                <![CDATA[24]]>
              </value>
            </param>
            <param index="7">
              <value>
                <![CDATA[8]]>
              </value>
            </param>
            <param index="8">
              <value>
                <![CDATA[1990]]>
              </value>
            </param>
            <param index="9">
              <value>
                <![CDATA[M]]>
              </value>
            </param>
            <param index="10">
              <value>
                <![CDATA[111111111]]>
              </value>
            </param>
            <param index="11">
              <value>
                <![CDATA[12345]]>
              </value>
            </param>
            <param index="12">
              <value>
                <![CDATA[rodrotck@gmail.com]]>
              </value>
            </param>
            <param index="13">
              <value>
                <![CDATA[]]>
              </value>
            </param>
            <param index="14">
              <value>
                <![CDATA[TX]]>
              </value>
            </param>
            <param index="15">
              <value>
                <![CDATA[12345678]]>
              </value>
            </param>
          </params>
          <reporter-output>
          </reporter-output>
        </test-method> <!-- verifyFormRequiredInputs -->
        <test-method is-config="true" signature="closeConnections()[pri:0, instance:backgroundCheck.feature.e2e.TC00004_TC000016_verifyInformationPageRequiredInputs@163e4e87]" started-at="2020-07-11T16:56:44 PDT" name="closeConnections" finished-at="2020-07-11T16:56:44 PDT" duration-ms="696" status="PASS">
          <reporter-output>
          </reporter-output>
        </test-method> <!-- closeConnections -->
        <test-method is-config="true" signature="initWebDriver(org.testng.ITestContext)[pri:0, instance:backgroundCheck.feature.e2e.TC00004_TC000016_verifyInformationPageRequiredInputs@163e4e87]" started-at="2020-07-11T16:56:44 PDT" name="initWebDriver" finished-at="2020-07-11T16:56:46 PDT" duration-ms="2079" status="PASS">
          <params>
            <param index="0">
              <value>
                <![CDATA[org.testng.TestRunner@294ebe11]]>
              </value>
            </param>
          </params>
          <reporter-output>
          </reporter-output>
        </test-method> <!-- initWebDriver -->
        <test-method signature="verifyFormRequiredInputs(java.lang.String, java.lang.String, java.lang.String, java.lang.String, java.lang.String, java.lang.String, java.lang.String, java.lang.String, java.lang.String, java.lang.String, java.lang.String, java.lang.String, java.lang.String, java.lang.String, java.lang.String, java.lang.String)[pri:0, instance:backgroundCheck.feature.e2e.TC00004_TC000016_verifyInformationPageRequiredInputs@163e4e87]" started-at="2020-07-11T16:56:46 PDT" name="verifyFormRequiredInputs" data-provider="TC00004_TC00016_E2E" finished-at="2020-07-11T16:57:12 PDT" duration-ms="25876" status="FAIL">
          <params>
            <param index="0">
              <value>
                <![CDATA[TC_00015]]>
              </value>
            </param>
            <param index="1">
              <value>
                <![CDATA[INFORMATION]]>
              </value>
            </param>
            <param index="2">
              <value>
                <![CDATA[Rodrigo]]>
              </value>
            </param>
            <param index="3">
              <value>
                <![CDATA[Moran]]>
              </value>
            </param>
            <param index="4">
              <value>
                <![CDATA[Gustavo]]>
              </value>
            </param>
            <param index="5">
              <value>
                <![CDATA[true]]>
              </value>
            </param>
            <param index="6">
              <value>
                <![CDATA[24]]>
              </value>
            </param>
            <param index="7">
              <value>
                <![CDATA[8]]>
              </value>
            </param>
            <param index="8">
              <value>
                <![CDATA[1990]]>
              </value>
            </param>
            <param index="9">
              <value>
                <![CDATA[M]]>
              </value>
            </param>
            <param index="10">
              <value>
                <![CDATA[111111111]]>
              </value>
            </param>
            <param index="11">
              <value>
                <![CDATA[12345]]>
              </value>
            </param>
            <param index="12">
              <value>
                <![CDATA[rodrotck@gmail.com]]>
              </value>
            </param>
            <param index="13">
              <value>
                <![CDATA[1234567890]]>
              </value>
            </param>
            <param index="14">
              <value>
                <![CDATA[]]>
              </value>
            </param>
            <param index="15">
              <value>
                <![CDATA[12345678]]>
              </value>
            </param>
          </params>
          <exception class="org.openqa.selenium.NoSuchElementException">
            <message>
              <![CDATA[no such element: Unable to locate element: {"method":"xpath","selector":"//li[@data-value='']"}
  (Session info: chrome=78.0.3904.70)
For documentation on this error, please visit: https://www.seleniumhq.org/exceptions/no_such_element.html
Build info: version: '3.141.59', revision: 'e82be7d358', time: '2018-11-14T08:17:03'
System info: host: 'LCASDSRMORA', ip: '192.168.0.4', os.name: 'Windows 10', os.arch: 'amd64', os.version: '10.0', java.version: '13.0.1'
Driver info: org.openqa.selenium.chrome.ChromeDriver
Capabilities {acceptInsecureCerts: false, browserName: chrome, browserVersion: 78.0.3904.70, chrome: {chromedriverVersion: 78.0.3904.70 (edb9c9f3de024..., userDataDir: C:\Users\RODRIG~1.MOR\AppDa...}, goog:chromeOptions: {debuggerAddress: localhost:61721}, javascriptEnabled: true, networkConnectionEnabled: false, pageLoadStrategy: normal, platform: XP, platformName: XP, proxy: Proxy(), setWindowRect: true, strictFileInteractability: false, timeouts: {implicit: 0, pageLoad: 300000, script: 30000}, unhandledPromptBehavior: dismiss and notify}
Session ID: 8f33fad624b99ddcb6eb92f2b848b933
*** Element info: {Using=xpath, value=//li[@data-value='']}]]>
            </message>
            <full-stacktrace>
              <![CDATA[org.openqa.selenium.NoSuchElementException: no such element: Unable to locate element: {"method":"xpath","selector":"//li[@data-value='']"}
  (Session info: chrome=78.0.3904.70)
For documentation on this error, please visit: https://www.seleniumhq.org/exceptions/no_such_element.html
Build info: version: '3.141.59', revision: 'e82be7d358', time: '2018-11-14T08:17:03'
System info: host: 'LCASDSRMORA', ip: '192.168.0.4', os.name: 'Windows 10', os.arch: 'amd64', os.version: '10.0', java.version: '13.0.1'
Driver info: org.openqa.selenium.chrome.ChromeDriver
Capabilities {acceptInsecureCerts: false, browserName: chrome, browserVersion: 78.0.3904.70, chrome: {chromedriverVersion: 78.0.3904.70 (edb9c9f3de024..., userDataDir: C:\Users\RODRIG~1.MOR\AppDa...}, goog:chromeOptions: {debuggerAddress: localhost:61721}, javascriptEnabled: true, networkConnectionEnabled: false, pageLoadStrategy: normal, platform: XP, platformName: XP, proxy: Proxy(), setWindowRect: true, strictFileInteractability: false, timeouts: {implicit: 0, pageLoad: 300000, script: 30000}, unhandledPromptBehavior: dismiss and notify}
Session ID: 8f33fad624b99ddcb6eb92f2b848b933
*** Element info: {Using=xpath, value=//li[@data-value='']}
at java.base/jdk.internal.reflect.NativeConstructorAccessorImpl.newInstance0(Native Method)
at java.base/jdk.internal.reflect.NativeConstructorAccessorImpl.newInstance(NativeConstructorAccessorImpl.java:62)
at java.base/jdk.internal.reflect.DelegatingConstructorAccessorImpl.newInstance(DelegatingConstructorAccessorImpl.java:45)
at java.base/java.lang.reflect.Constructor.newInstanceWithCaller(Constructor.java:500)
at java.base/java.lang.reflect.Constructor.newInstance(Constructor.java:481)
at org.openqa.selenium.remote.http.W3CHttpResponseCodec.createException(W3CHttpResponseCodec.java:187)
at org.openqa.selenium.remote.http.W3CHttpResponseCodec.decode(W3CHttpResponseCodec.java:122)
at org.openqa.selenium.remote.http.W3CHttpResponseCodec.decode(W3CHttpResponseCodec.java:49)
at org.openqa.selenium.remote.HttpCommandExecutor.execute(HttpCommandExecutor.java:158)
at org.openqa.selenium.remote.service.DriverCommandExecutor.execute(DriverCommandExecutor.java:83)
at org.openqa.selenium.remote.RemoteWebDriver.execute(RemoteWebDriver.java:552)
at org.openqa.selenium.remote.RemoteWebElement.execute(RemoteWebElement.java:285)
at org.openqa.selenium.remote.RemoteWebElement.findElement(RemoteWebElement.java:185)
at org.openqa.selenium.remote.RemoteWebElement.findElementByXPath(RemoteWebElement.java:261)
at org.openqa.selenium.By$ByXPath.findElement(By.java:353)
at org.openqa.selenium.remote.RemoteWebElement.findElement(RemoteWebElement.java:181)
at jdk.internal.reflect.GeneratedMethodAccessor3.invoke(Unknown Source)
at java.base/jdk.internal.reflect.DelegatingMethodAccessorImpl.invoke(DelegatingMethodAccessorImpl.java:43)
at java.base/java.lang.reflect.Method.invoke(Method.java:567)
at org.openqa.selenium.support.pagefactory.internal.LocatingElementHandler.invoke(LocatingElementHandler.java:51)
at com.sun.proxy.$Proxy18.findElement(Unknown Source)
at backgroundCheck.utils.ElementUtils.selectValueFromDropdownMenu(ElementUtils.java:43)
at backgroundCheck.utils.FlowUtils.reachAndFillInformationStg(FlowUtils.java:141)
at backgroundCheck.utils.FlowUtils.reachStage(FlowUtils.java:42)
at backgroundCheck.feature.e2e.TC00004_TC000016_verifyInformationPageRequiredInputs.verifyFormRequiredInputs(TC00004_TC000016_verifyInformationPageRequiredInputs.java:51)
at java.base/jdk.internal.reflect.NativeMethodAccessorImpl.invoke0(Native Method)
at java.base/jdk.internal.reflect.NativeMethodAccessorImpl.invoke(NativeMethodAccessorImpl.java:62)
at java.base/jdk.internal.reflect.DelegatingMethodAccessorImpl.invoke(DelegatingMethodAccessorImpl.java:43)
at java.base/java.lang.reflect.Method.invoke(Method.java:567)
at org.testng.internal.MethodInvocationHelper.invokeMethod(MethodInvocationHelper.java:134)
at org.testng.internal.TestInvoker.invokeMethod(TestInvoker.java:597)
at org.testng.internal.TestInvoker.invokeTestMethod(TestInvoker.java:173)
at org.testng.internal.MethodRunner.runInSequence(MethodRunner.java:46)
at org.testng.internal.TestInvoker$MethodInvocationAgent.invoke(TestInvoker.java:816)
at org.testng.internal.TestInvoker.invokeTestMethods(TestInvoker.java:146)
at org.testng.internal.TestMethodWorker.invokeTestMethods(TestMethodWorker.java:146)
at org.testng.internal.TestMethodWorker.run(TestMethodWorker.java:128)
at java.base/java.util.ArrayList.forEach(ArrayList.java:1507)
at org.testng.TestRunner.privateRun(TestRunner.java:766)
at org.testng.TestRunner.run(TestRunner.java:587)
at org.testng.SuiteRunner.runTest(SuiteRunner.java:384)
at org.testng.SuiteRunner.runSequentially(SuiteRunner.java:378)
at org.testng.SuiteRunner.privateRun(SuiteRunner.java:337)
at org.testng.SuiteRunner.run(SuiteRunner.java:286)
at org.testng.SuiteRunnerWorker.runSuite(SuiteRunnerWorker.java:53)
at org.testng.SuiteRunnerWorker.run(SuiteRunnerWorker.java:96)
at org.testng.TestNG.runSuitesSequentially(TestNG.java:1187)
at org.testng.TestNG.runSuitesLocally(TestNG.java:1109)
at org.testng.TestNG.runSuites(TestNG.java:1039)
at org.testng.TestNG.run(TestNG.java:1007)
at org.testng.remote.AbstractRemoteTestNG.run(AbstractRemoteTestNG.java:115)
at org.testng.remote.RemoteTestNG.initAndRun(RemoteTestNG.java:251)
at org.testng.remote.RemoteTestNG.main(RemoteTestNG.java:77)
]]>
            </full-stacktrace>
          </exception> <!-- org.openqa.selenium.NoSuchElementException -->
          <reporter-output>
          </reporter-output>
        </test-method> <!-- verifyFormRequiredInputs -->
        <test-method is-config="true" signature="closeConnections()[pri:0, instance:backgroundCheck.feature.e2e.TC00004_TC000016_verifyInformationPageRequiredInputs@163e4e87]" started-at="2020-07-11T16:57:12 PDT" name="closeConnections" finished-at="2020-07-11T16:57:13 PDT" duration-ms="760" status="PASS">
          <reporter-output>
          </reporter-output>
        </test-method> <!-- closeConnections -->
        <test-method is-config="true" signature="initWebDriver(org.testng.ITestContext)[pri:0, instance:backgroundCheck.feature.e2e.TC00004_TC000016_verifyInformationPageRequiredInputs@163e4e87]" started-at="2020-07-11T16:57:13 PDT" name="initWebDriver" finished-at="2020-07-11T16:57:15 PDT" duration-ms="2133" status="PASS">
          <params>
            <param index="0">
              <value>
                <![CDATA[org.testng.TestRunner@294ebe11]]>
              </value>
            </param>
          </params>
          <reporter-output>
          </reporter-output>
        </test-method> <!-- initWebDriver -->
        <test-method signature="verifyFormRequiredInputs(java.lang.String, java.lang.String, java.lang.String, java.lang.String, java.lang.String, java.lang.String, java.lang.String, java.lang.String, java.lang.String, java.lang.String, java.lang.String, java.lang.String, java.lang.String, java.lang.String, java.lang.String, java.lang.String)[pri:0, instance:backgroundCheck.feature.e2e.TC00004_TC000016_verifyInformationPageRequiredInputs@163e4e87]" started-at="2020-07-11T16:57:15 PDT" name="verifyFormRequiredInputs" data-provider="TC00004_TC00016_E2E" finished-at="2020-07-11T16:57:40 PDT" duration-ms="24938" status="PASS">
          <params>
            <param index="0">
              <value>
                <![CDATA[TC_00016]]>
              </value>
            </param>
            <param index="1">
              <value>
                <![CDATA[INFORMATION]]>
              </value>
            </param>
            <param index="2">
              <value>
                <![CDATA[Rodrigo]]>
              </value>
            </param>
            <param index="3">
              <value>
                <![CDATA[Moran]]>
              </value>
            </param>
            <param index="4">
              <value>
                <![CDATA[Gustavo]]>
              </value>
            </param>
            <param index="5">
              <value>
                <![CDATA[true]]>
              </value>
            </param>
            <param index="6">
              <value>
                <![CDATA[24]]>
              </value>
            </param>
            <param index="7">
              <value>
                <![CDATA[8]]>
              </value>
            </param>
            <param index="8">
              <value>
                <![CDATA[1990]]>
              </value>
            </param>
            <param index="9">
              <value>
                <![CDATA[M]]>
              </value>
            </param>
            <param index="10">
              <value>
                <![CDATA[111111111]]>
              </value>
            </param>
            <param index="11">
              <value>
                <![CDATA[12345]]>
              </value>
            </param>
            <param index="12">
              <value>
                <![CDATA[rodrotck@gmail.com]]>
              </value>
            </param>
            <param index="13">
              <value>
                <![CDATA[1234567890]]>
              </value>
            </param>
            <param index="14">
              <value>
                <![CDATA[TX]]>
              </value>
            </param>
            <param index="15">
              <value>
                <![CDATA[]]>
              </value>
            </param>
          </params>
          <reporter-output>
          </reporter-output>
        </test-method> <!-- verifyFormRequiredInputs -->
        <test-method is-config="true" signature="closeConnections()[pri:0, instance:backgroundCheck.feature.e2e.TC00004_TC000016_verifyInformationPageRequiredInputs@163e4e87]" started-at="2020-07-11T16:57:40 PDT" name="closeConnections" finished-at="2020-07-11T16:57:41 PDT" duration-ms="732" status="PASS">
          <reporter-output>
          </reporter-output>
        </test-method> <!-- closeConnections -->
        <test-method is-config="true" signature="tearDown()[pri:0, instance:backgroundCheck.feature.e2e.TC00004_TC000016_verifyInformationPageRequiredInputs@163e4e87]" started-at="2020-07-11T16:57:42 PDT" name="tearDown" finished-at="2020-07-11T16:57:42 PDT" duration-ms="0" status="PASS">
          <reporter-output>
          </reporter-output>
        </test-method> <!-- tearDown -->
      </class> <!-- backgroundCheck.feature.e2e.TC00004_TC000016_verifyInformationPageRequiredInputs -->
    </test> <!-- Default test -->
  </suite> <!-- Default suite -->
</testng-results>
